<?xml version="1.0" encoding="UTF-8"?>
<coverage generated="1527850245399" clover="3.2.0">
  <project timestamp="1527850245399" name="All files">
    <metrics statements="886" coveredstatements="391" conditionals="1770" coveredconditionals="147" methods="906" coveredmethods="129" elements="3562" coveredelements="667" complexity="0" loc="886" ncloc="886" packages="38" files="84" classes="84">
      <package name="actions.public">
        <metrics statements="18" coveredstatements="18" conditionals="0" coveredconditionals="0" methods="18" coveredmethods="18"/>
        <file name="articlesActions.js" path="/Users/burczu/WORK/OpenSource/polskifrontend-front/src/actions/public/articlesActions.js">
          <metrics statements="2" coveredstatements="2" conditionals="0" coveredconditionals="0" methods="2" coveredmethods="2"/>
          <line num="4" count="1" type="stmt"/>
          <line num="13" count="1" type="stmt"/>
        </file>
        <file name="feedbackActions.js" path="/Users/burczu/WORK/OpenSource/polskifrontend-front/src/actions/public/feedbackActions.js">
          <metrics statements="5" coveredstatements="5" conditionals="0" coveredconditionals="0" methods="5" coveredmethods="5"/>
          <line num="4" count="1" type="stmt"/>
          <line num="13" count="1" type="stmt"/>
          <line num="22" count="1" type="stmt"/>
          <line num="31" count="1" type="stmt"/>
          <line num="41" count="1" type="stmt"/>
        </file>
        <file name="homeActions.js" path="/Users/burczu/WORK/OpenSource/polskifrontend-front/src/actions/public/homeActions.js">
          <metrics statements="4" coveredstatements="4" conditionals="0" coveredconditionals="0" methods="4" coveredmethods="4"/>
          <line num="4" count="1" type="stmt"/>
          <line num="13" count="1" type="stmt"/>
          <line num="22" count="1" type="stmt"/>
          <line num="31" count="1" type="stmt"/>
        </file>
        <file name="newsActions.js" path="/Users/burczu/WORK/OpenSource/polskifrontend-front/src/actions/public/newsActions.js">
          <metrics statements="2" coveredstatements="2" conditionals="0" coveredconditionals="0" methods="2" coveredmethods="2"/>
          <line num="4" count="1" type="stmt"/>
          <line num="13" count="1" type="stmt"/>
        </file>
        <file name="submitActions.js" path="/Users/burczu/WORK/OpenSource/polskifrontend-front/src/actions/public/submitActions.js">
          <metrics statements="5" coveredstatements="5" conditionals="0" coveredconditionals="0" methods="5" coveredmethods="5"/>
          <line num="4" count="1" type="stmt"/>
          <line num="13" count="1" type="stmt"/>
          <line num="22" count="1" type="stmt"/>
          <line num="31" count="1" type="stmt"/>
          <line num="41" count="1" type="stmt"/>
        </file>
      </package>
      <package name="components">
        <metrics statements="11" coveredstatements="11" conditionals="8" coveredconditionals="8" methods="7" coveredmethods="7"/>
        <file name="App.js" path="/Users/burczu/WORK/OpenSource/polskifrontend-front/src/components/App.js">
          <metrics statements="7" coveredstatements="7" conditionals="2" coveredconditionals="2" methods="4" coveredmethods="4"/>
          <line num="5" count="1" type="stmt"/>
          <line num="49" count="1" type="stmt"/>
          <line num="53" count="5" type="stmt"/>
          <line num="54" count="5" type="stmt"/>
          <line num="58" count="2" type="cond" truecount="2" falsecount="0"/>
          <line num="59" count="1" type="stmt"/>
          <line num="66" count="5" type="stmt"/>
        </file>
        <file name="Html.js" path="/Users/burczu/WORK/OpenSource/polskifrontend-front/src/components/Html.js">
          <metrics statements="4" coveredstatements="4" conditionals="6" coveredconditionals="6" methods="3" coveredmethods="3"/>
          <line num="36" count="4" type="stmt"/>
          <line num="37" count="4" type="stmt"/>
          <line num="50" count="2" type="stmt"/>
          <line num="70" count="2" type="stmt"/>
        </file>
      </package>
      <package name="components.Cookie">
        <metrics statements="7" coveredstatements="7" conditionals="4" coveredconditionals="4" methods="3" coveredmethods="3"/>
        <file name="CookieInfo.js" path="/Users/burczu/WORK/OpenSource/polskifrontend-front/src/components/Cookie/CookieInfo.js">
          <metrics statements="7" coveredstatements="7" conditionals="4" coveredconditionals="4" methods="3" coveredmethods="3"/>
          <line num="8" count="10" type="stmt"/>
          <line num="9" count="10" type="stmt"/>
          <line num="10" count="10" type="cond" truecount="2" falsecount="0"/>
          <line num="14" count="2" type="stmt"/>
          <line num="15" count="2" type="stmt"/>
          <line num="21" count="12" type="cond" truecount="2" falsecount="0"/>
          <line num="23" count="12" type="stmt"/>
        </file>
      </package>
      <package name="components.Footer">
        <metrics statements="1" coveredstatements="1" conditionals="0" coveredconditionals="0" methods="1" coveredmethods="1"/>
        <file name="Footer.js" path="/Users/burczu/WORK/OpenSource/polskifrontend-front/src/components/Footer/Footer.js">
          <metrics statements="1" coveredstatements="1" conditionals="0" coveredconditionals="0" methods="1" coveredmethods="1"/>
          <line num="9" count="7" type="stmt"/>
        </file>
      </package>
      <package name="components.Header">
        <metrics statements="10" coveredstatements="10" conditionals="11" coveredconditionals="6" methods="6" coveredmethods="5"/>
        <file name="Header.js" path="/Users/burczu/WORK/OpenSource/polskifrontend-front/src/components/Header/Header.js">
          <metrics statements="10" coveredstatements="10" conditionals="11" coveredconditionals="6" methods="6" coveredmethods="5"/>
          <line num="14" count="12" type="cond" truecount="1" falsecount="1"/>
          <line num="15" count="12" type="stmt"/>
          <line num="20" count="2" type="cond" truecount="1" falsecount="1"/>
          <line num="21" count="2" type="stmt"/>
          <line num="27" count="1" type="cond" truecount="1" falsecount="1"/>
          <line num="28" count="1" type="cond" truecount="1" falsecount="2"/>
          <line num="29" count="1" type="stmt"/>
          <line num="31" count="1" type="stmt"/>
          <line num="35" count="13" type="cond" truecount="2" falsecount="0"/>
          <line num="37" count="13" type="stmt"/>
        </file>
      </package>
      <package name="components.Indicators">
        <metrics statements="25" coveredstatements="25" conditionals="15" coveredconditionals="15" methods="4" coveredmethods="4"/>
        <file name="Loader.js" path="/Users/burczu/WORK/OpenSource/polskifrontend-front/src/components/Indicators/Loader.js">
          <metrics statements="4" coveredstatements="4" conditionals="2" coveredconditionals="2" methods="1" coveredmethods="1"/>
          <line num="7" count="3" type="stmt"/>
          <line num="9" count="4" type="stmt"/>
          <line num="12" count="4" type="stmt"/>
          <line num="19" count="3" type="stmt"/>
        </file>
        <file name="Message.js" path="/Users/burczu/WORK/OpenSource/polskifrontend-front/src/components/Indicators/Message.js">
          <metrics statements="21" coveredstatements="21" conditionals="13" coveredconditionals="13" methods="3" coveredmethods="3"/>
          <line num="17" count="6" type="stmt"/>
          <line num="18" count="6" type="stmt"/>
          <line num="20" count="6" type="cond" truecount="2" falsecount="0"/>
          <line num="21" count="1" type="stmt"/>
          <line num="24" count="6" type="cond" truecount="2" falsecount="0"/>
          <line num="25" count="1" type="stmt"/>
          <line num="30" count="6" type="cond" truecount="4" falsecount="0"/>
          <line num="31" count="4" type="stmt"/>
          <line num="32" count="1" type="stmt"/>
          <line num="40" count="19" type="stmt"/>
          <line num="41" count="19" type="stmt"/>
          <line num="43" count="19" type="cond" truecount="3" falsecount="0"/>
          <line num="45" count="1" type="stmt"/>
          <line num="46" count="1" type="stmt"/>
          <line num="48" count="1" type="stmt"/>
          <line num="49" count="1" type="stmt"/>
          <line num="51" count="17" type="stmt"/>
          <line num="52" count="17" type="stmt"/>
          <line num="55" count="19" type="cond" truecount="2" falsecount="0"/>
          <line num="56" count="11" type="stmt"/>
          <line num="59" count="19" type="stmt"/>
        </file>
      </package>
      <package name="components.Layout">
        <metrics statements="16" coveredstatements="16" conditionals="4" coveredconditionals="4" methods="6" coveredmethods="6"/>
        <file name="HeaderSettings.js" path="/Users/burczu/WORK/OpenSource/polskifrontend-front/src/components/Layout/HeaderSettings.js">
          <metrics statements="3" coveredstatements="3" conditionals="0" coveredconditionals="0" methods="1" coveredmethods="1"/>
          <line num="6" count="3" type="stmt"/>
          <line num="7" count="3" type="stmt"/>
          <line num="19" count="3" type="stmt"/>
        </file>
        <file name="Layout.js" path="/Users/burczu/WORK/OpenSource/polskifrontend-front/src/components/Layout/Layout.js">
          <metrics statements="8" coveredstatements="8" conditionals="2" coveredconditionals="2" methods="3" coveredmethods="3"/>
          <line num="24" count="6" type="stmt"/>
          <line num="25" count="6" type="stmt"/>
          <line num="26" count="6" type="stmt"/>
          <line num="28" count="6" type="stmt"/>
          <line num="29" count="6" type="stmt"/>
          <line num="30" count="6" type="cond" truecount="2" falsecount="0"/>
          <line num="33" count="6" type="stmt"/>
          <line num="37" count="6" type="stmt"/>
        </file>
        <file name="TopHomeLinks.js" path="/Users/burczu/WORK/OpenSource/polskifrontend-front/src/components/Layout/TopHomeLinks.js">
          <metrics statements="3" coveredstatements="3" conditionals="2" coveredconditionals="2" methods="1" coveredmethods="1"/>
          <line num="7" count="2" type="stmt"/>
          <line num="8" count="12" type="stmt"/>
          <line num="48" count="2" type="stmt"/>
        </file>
        <file name="TopHomePanel.js" path="/Users/burczu/WORK/OpenSource/polskifrontend-front/src/components/Layout/TopHomePanel.js">
          <metrics statements="2" coveredstatements="2" conditionals="0" coveredconditionals="0" methods="1" coveredmethods="1"/>
          <line num="9" count="2" type="stmt"/>
          <line num="10" count="8" type="stmt"/>
        </file>
      </package>
      <package name="components.Link">
        <metrics statements="14" coveredstatements="13" conditionals="12" coveredconditionals="10" methods="4" coveredmethods="4"/>
        <file name="Link.js" path="/Users/burczu/WORK/OpenSource/polskifrontend-front/src/components/Link/Link.js">
          <metrics statements="14" coveredstatements="13" conditionals="12" coveredconditionals="10" methods="4" coveredmethods="4"/>
          <line num="5" count="8" type="stmt"/>
          <line num="6" count="9" type="stmt"/>
          <line num="9" count="8" type="stmt"/>
          <line num="10" count="13" type="cond" truecount="4" falsecount="0"/>
          <line num="25" count="8" type="cond" truecount="1" falsecount="1"/>
          <line num="26" count="8" type="stmt"/>
          <line num="29" count="8" type="cond" truecount="4" falsecount="0"/>
          <line num="30" count="6" type="stmt"/>
          <line num="33" count="2" type="cond" truecount="1" falsecount="1"/>
          <line num="34" count="0" type="stmt"/>
          <line num="37" count="2" type="stmt"/>
          <line num="38" count="2" type="stmt"/>
          <line num="42" count="65" type="stmt"/>
          <line num="43" count="65" type="stmt"/>
        </file>
      </package>
      <package name="components.Modals">
        <metrics statements="5" coveredstatements="5" conditionals="4" coveredconditionals="4" methods="1" coveredmethods="1"/>
        <file name="Confirm.js" path="/Users/burczu/WORK/OpenSource/polskifrontend-front/src/components/Modals/Confirm.js">
          <metrics statements="5" coveredstatements="5" conditionals="4" coveredconditionals="4" methods="1" coveredmethods="1"/>
          <line num="7" count="1" type="stmt"/>
          <line num="8" count="7" type="cond" truecount="2" falsecount="0"/>
          <line num="9" count="7" type="cond" truecount="2" falsecount="0"/>
          <line num="11" count="7" type="stmt"/>
          <line num="27" count="1" type="stmt"/>
        </file>
      </package>
      <package name="components.Page">
        <metrics statements="2" coveredstatements="2" conditionals="0" coveredconditionals="0" methods="1" coveredmethods="1"/>
        <file name="Page.js" path="/Users/burczu/WORK/OpenSource/polskifrontend-front/src/components/Page/Page.js">
          <metrics statements="2" coveredstatements="2" conditionals="0" coveredconditionals="0" methods="1" coveredmethods="1"/>
          <line num="13" count="2" type="stmt"/>
          <line num="14" count="2" type="stmt"/>
        </file>
      </package>
      <package name="components.Responsive">
        <metrics statements="13" coveredstatements="13" conditionals="10" coveredconditionals="10" methods="3" coveredmethods="3"/>
        <file name="ResponsiveContainer.js" path="/Users/burczu/WORK/OpenSource/polskifrontend-front/src/components/Responsive/ResponsiveContainer.js">
          <metrics statements="4" coveredstatements="4" conditionals="2" coveredconditionals="2" methods="1" coveredmethods="1"/>
          <line num="6" count="6" type="stmt"/>
          <line num="7" count="5" type="cond" truecount="2" falsecount="0"/>
          <line num="9" count="5" type="stmt"/>
          <line num="16" count="6" type="stmt"/>
        </file>
        <file name="ResponsivePanel.js" path="/Users/burczu/WORK/OpenSource/polskifrontend-front/src/components/Responsive/ResponsivePanel.js">
          <metrics statements="3" coveredstatements="3" conditionals="0" coveredconditionals="0" methods="1" coveredmethods="1"/>
          <line num="8" count="5" type="stmt"/>
          <line num="9" count="11" type="stmt"/>
          <line num="28" count="5" type="stmt"/>
        </file>
        <file name="ResponsivePanelHeader.js" path="/Users/burczu/WORK/OpenSource/polskifrontend-front/src/components/Responsive/ResponsivePanelHeader.js">
          <metrics statements="6" coveredstatements="6" conditionals="8" coveredconditionals="8" methods="1" coveredmethods="1"/>
          <line num="8" count="6" type="stmt"/>
          <line num="9" count="9" type="cond" truecount="4" falsecount="0"/>
          <line num="17" count="9" type="cond" truecount="4" falsecount="0"/>
          <line num="18" count="3" type="stmt"/>
          <line num="25" count="9" type="stmt"/>
          <line num="33" count="6" type="stmt"/>
        </file>
      </package>
      <package name="constants">
        <metrics statements="38" coveredstatements="38" conditionals="0" coveredconditionals="0" methods="0" coveredmethods="0"/>
        <file name="index.js" path="/Users/burczu/WORK/OpenSource/polskifrontend-front/src/constants/index.js">
          <metrics statements="38" coveredstatements="38" conditionals="0" coveredconditionals="0" methods="0" coveredmethods="0"/>
          <line num="8" count="26" type="stmt"/>
          <line num="16" count="26" type="stmt"/>
          <line num="18" count="26" type="stmt"/>
          <line num="19" count="26" type="stmt"/>
          <line num="20" count="26" type="stmt"/>
          <line num="21" count="26" type="stmt"/>
          <line num="23" count="26" type="stmt"/>
          <line num="24" count="26" type="stmt"/>
          <line num="25" count="26" type="stmt"/>
          <line num="26" count="26" type="stmt"/>
          <line num="28" count="26" type="stmt"/>
          <line num="29" count="26" type="stmt"/>
          <line num="32" count="26" type="stmt"/>
          <line num="33" count="26" type="stmt"/>
          <line num="34" count="26" type="stmt"/>
          <line num="35" count="26" type="stmt"/>
          <line num="36" count="26" type="stmt"/>
          <line num="38" count="26" type="stmt"/>
          <line num="39" count="26" type="stmt"/>
          <line num="40" count="26" type="stmt"/>
          <line num="42" count="26" type="stmt"/>
          <line num="45" count="26" type="stmt"/>
          <line num="46" count="26" type="stmt"/>
          <line num="47" count="26" type="stmt"/>
          <line num="48" count="26" type="stmt"/>
          <line num="49" count="26" type="stmt"/>
          <line num="51" count="26" type="stmt"/>
          <line num="52" count="26" type="stmt"/>
          <line num="53" count="26" type="stmt"/>
          <line num="55" count="26" type="stmt"/>
          <line num="58" count="26" type="stmt"/>
          <line num="60" count="26" type="stmt"/>
          <line num="61" count="26" type="stmt"/>
          <line num="62" count="26" type="stmt"/>
          <line num="65" count="26" type="stmt"/>
          <line num="67" count="26" type="stmt"/>
          <line num="68" count="26" type="stmt"/>
          <line num="69" count="26" type="stmt"/>
        </file>
      </package>
      <package name="core">
        <metrics statements="2" coveredstatements="2" conditionals="6" coveredconditionals="5" methods="0" coveredmethods="0"/>
        <file name="devUtils.js" path="/Users/burczu/WORK/OpenSource/polskifrontend-front/src/core/devUtils.js">
          <metrics statements="2" coveredstatements="2" conditionals="4" coveredconditionals="3" methods="0" coveredmethods="0"/>
          <line num="12" count="1" type="cond" truecount="3" falsecount="1"/>
          <line num="13" count="1" type="stmt"/>
        </file>
        <file name="history.js" path="/Users/burczu/WORK/OpenSource/polskifrontend-front/src/core/history.js">
          <metrics statements="0" coveredstatements="0" conditionals="2" coveredconditionals="2" methods="0" coveredmethods="0"/>
        </file>
      </package>
      <package name="core.helpers">
        <metrics statements="41" coveredstatements="41" conditionals="18" coveredconditionals="18" methods="15" coveredmethods="15"/>
        <file name="cookieHelper.js" path="/Users/burczu/WORK/OpenSource/polskifrontend-front/src/core/helpers/cookieHelper.js">
          <metrics statements="12" coveredstatements="12" conditionals="10" coveredconditionals="10" methods="4" coveredmethods="4"/>
          <line num="7" count="2" type="cond" truecount="2" falsecount="0"/>
          <line num="8" count="1" type="stmt"/>
          <line num="10" count="1" type="stmt"/>
          <line num="14" count="12" type="cond" truecount="2" falsecount="0"/>
          <line num="15" count="9" type="stmt"/>
          <line num="18" count="3" type="stmt"/>
          <line num="21" count="11" type="cond" truecount="2" falsecount="0"/>
          <line num="22" count="10" type="stmt"/>
          <line num="25" count="1" type="stmt"/>
          <line num="28" count="5" type="cond" truecount="2" falsecount="0"/>
          <line num="29" count="3" type="stmt"/>
          <line num="32" count="2" type="stmt"/>
        </file>
        <file name="dateHelper.js" path="/Users/burczu/WORK/OpenSource/polskifrontend-front/src/core/helpers/dateHelper.js">
          <metrics statements="10" coveredstatements="10" conditionals="4" coveredconditionals="4" methods="2" coveredmethods="2"/>
          <line num="1" count="2" type="stmt"/>
          <line num="2" count="2" type="stmt"/>
          <line num="6" count="3" type="stmt"/>
          <line num="7" count="3" type="cond" truecount="2" falsecount="0"/>
          <line num="8" count="1" type="stmt"/>
          <line num="11" count="2" type="stmt"/>
          <line num="14" count="3" type="stmt"/>
          <line num="15" count="3" type="cond" truecount="2" falsecount="0"/>
          <line num="16" count="1" type="stmt"/>
          <line num="19" count="2" type="stmt"/>
        </file>
        <file name="loginHelper.js" path="/Users/burczu/WORK/OpenSource/polskifrontend-front/src/core/helpers/loginHelper.js">
          <metrics statements="4" coveredstatements="4" conditionals="0" coveredconditionals="0" methods="3" coveredmethods="3"/>
          <line num="3" count="8" type="stmt"/>
          <line num="7" count="1" type="stmt"/>
          <line num="10" count="1" type="stmt"/>
          <line num="13" count="1" type="stmt"/>
        </file>
        <file name="settingsHelper.js" path="/Users/burczu/WORK/OpenSource/polskifrontend-front/src/core/helpers/settingsHelper.js">
          <metrics statements="6" coveredstatements="6" conditionals="2" coveredconditionals="2" methods="2" coveredmethods="2"/>
          <line num="3" count="4" type="stmt"/>
          <line num="4" count="4" type="stmt"/>
          <line num="12" count="5" type="stmt"/>
          <line num="15" count="2" type="stmt"/>
          <line num="16" count="2" type="cond" truecount="2" falsecount="0"/>
          <line num="19" count="1" type="stmt"/>
        </file>
        <file name="validators.js" path="/Users/burczu/WORK/OpenSource/polskifrontend-front/src/core/helpers/validators.js">
          <metrics statements="9" coveredstatements="9" conditionals="2" coveredconditionals="2" methods="4" coveredmethods="4"/>
          <line num="3" count="14" type="stmt"/>
          <line num="4" count="14" type="stmt"/>
          <line num="7" count="10" type="stmt"/>
          <line num="8" count="10" type="stmt"/>
          <line num="11" count="10" type="cond" truecount="2" falsecount="0"/>
          <line num="12" count="5" type="stmt"/>
          <line num="15" count="5" type="stmt"/>
          <line num="18" count="10" type="stmt"/>
          <line num="19" count="10" type="stmt"/>
        </file>
      </package>
      <package name="core.redux">
        <metrics statements="4" coveredstatements="4" conditionals="0" coveredconditionals="0" methods="3" coveredmethods="3"/>
        <file name="mapPublicDispatchToProps.js" path="/Users/burczu/WORK/OpenSource/polskifrontend-front/src/core/redux/mapPublicDispatchToProps.js">
          <metrics statements="3" coveredstatements="3" conditionals="0" coveredconditionals="0" methods="2" coveredmethods="2"/>
          <line num="6" count="9" type="stmt"/>
          <line num="8" count="171" type="stmt"/>
          <line num="10" count="9" type="stmt"/>
        </file>
        <file name="mapPublicStateToProps.js" path="/Users/burczu/WORK/OpenSource/polskifrontend-front/src/core/redux/mapPublicStateToProps.js">
          <metrics statements="1" coveredstatements="1" conditionals="0" coveredconditionals="0" methods="1" coveredmethods="1"/>
          <line num="2" count="10" type="stmt"/>
        </file>
      </package>
      <package name="epics.public.articles">
        <metrics statements="9" coveredstatements="9" conditionals="0" coveredconditionals="0" methods="4" coveredmethods="4"/>
        <file name="articlesGetArticleEpic.js" path="/Users/burczu/WORK/OpenSource/polskifrontend-front/src/epics/public/articles/articlesGetArticleEpic.js">
          <metrics statements="9" coveredstatements="9" conditionals="0" coveredconditionals="0" methods="4" coveredmethods="4"/>
          <line num="10" count="1" type="stmt"/>
          <line num="11" count="2" type="stmt"/>
          <line num="13" count="2" type="stmt"/>
          <line num="14" count="2" type="stmt"/>
          <line num="15" count="2" type="stmt"/>
          <line num="16" count="2" type="stmt"/>
          <line num="18" count="2" type="stmt"/>
          <line num="19" count="1" type="stmt"/>
          <line num="24" count="1" type="stmt"/>
        </file>
      </package>
      <package name="epics.public.feedback">
        <metrics statements="17" coveredstatements="17" conditionals="2" coveredconditionals="2" methods="8" coveredmethods="8"/>
        <file name="feedbackEmailChangedEpic.js" path="/Users/burczu/WORK/OpenSource/polskifrontend-front/src/epics/public/feedback/feedbackEmailChangedEpic.js">
          <metrics statements="5" coveredstatements="5" conditionals="2" coveredconditionals="2" methods="2" coveredmethods="2"/>
          <line num="7" count="1" type="stmt"/>
          <line num="8" count="1" type="stmt"/>
          <line num="10" count="1" type="stmt"/>
          <line num="11" count="1" type="cond" truecount="2" falsecount="0"/>
          <line num="13" count="1" type="stmt"/>
        </file>
        <file name="feedbackSendEpic.js" path="/Users/burczu/WORK/OpenSource/polskifrontend-front/src/epics/public/feedback/feedbackSendEpic.js">
          <metrics statements="7" coveredstatements="7" conditionals="0" coveredconditionals="0" methods="4" coveredmethods="4"/>
          <line num="11" count="1" type="stmt"/>
          <line num="12" count="2" type="stmt"/>
          <line num="14" count="2" type="stmt"/>
          <line num="15" count="2" type="stmt"/>
          <line num="22" count="2" type="stmt"/>
          <line num="23" count="1" type="stmt"/>
          <line num="25" count="1" type="stmt"/>
        </file>
        <file name="feedbackTextChangedEpic.js" path="/Users/burczu/WORK/OpenSource/polskifrontend-front/src/epics/public/feedback/feedbackTextChangedEpic.js">
          <metrics statements="5" coveredstatements="5" conditionals="0" coveredconditionals="0" methods="2" coveredmethods="2"/>
          <line num="7" count="1" type="stmt"/>
          <line num="8" count="1" type="stmt"/>
          <line num="10" count="1" type="stmt"/>
          <line num="11" count="1" type="stmt"/>
          <line num="13" count="1" type="stmt"/>
        </file>
      </package>
      <package name="epics.public.home">
        <metrics statements="51" coveredstatements="51" conditionals="4" coveredconditionals="4" methods="18" coveredmethods="18"/>
        <file name="homeArticlesListGetEpic.js" path="/Users/burczu/WORK/OpenSource/polskifrontend-front/src/epics/public/home/homeArticlesListGetEpic.js">
          <metrics statements="17" coveredstatements="17" conditionals="0" coveredconditionals="0" methods="6" coveredmethods="6"/>
          <line num="13" count="1" type="stmt"/>
          <line num="14" count="2" type="stmt"/>
          <line num="15" count="2" type="stmt"/>
          <line num="16" count="2" type="stmt"/>
          <line num="19" count="1" type="stmt"/>
          <line num="20" count="2" type="stmt"/>
          <line num="21" count="2" type="stmt"/>
          <line num="22" count="2" type="stmt"/>
          <line num="25" count="1" type="stmt"/>
          <line num="26" count="3" type="stmt"/>
          <line num="28" count="3" type="stmt"/>
          <line num="29" count="3" type="stmt"/>
          <line num="31" count="2" type="stmt"/>
          <line num="32" count="2" type="stmt"/>
          <line num="33" count="2" type="stmt"/>
          <line num="35" count="2" type="stmt"/>
          <line num="41" count="1" type="stmt"/>
        </file>
        <file name="homeArticlesListGetRequestEpic.js" path="/Users/burczu/WORK/OpenSource/polskifrontend-front/src/epics/public/home/homeArticlesListGetRequestEpic.js">
          <metrics statements="5" coveredstatements="5" conditionals="2" coveredconditionals="2" methods="2" coveredmethods="2"/>
          <line num="6" count="1" type="stmt"/>
          <line num="7" count="2" type="stmt"/>
          <line num="9" count="2" type="stmt"/>
          <line num="10" count="2" type="stmt"/>
          <line num="12" count="2" type="stmt"/>
        </file>
        <file name="homeBlogListGetEpic.js" path="/Users/burczu/WORK/OpenSource/polskifrontend-front/src/epics/public/home/homeBlogListGetEpic.js">
          <metrics statements="17" coveredstatements="17" conditionals="0" coveredconditionals="0" methods="6" coveredmethods="6"/>
          <line num="13" count="1" type="stmt"/>
          <line num="14" count="2" type="stmt"/>
          <line num="15" count="2" type="stmt"/>
          <line num="16" count="2" type="stmt"/>
          <line num="19" count="1" type="stmt"/>
          <line num="20" count="2" type="stmt"/>
          <line num="21" count="2" type="stmt"/>
          <line num="22" count="2" type="stmt"/>
          <line num="25" count="1" type="stmt"/>
          <line num="26" count="3" type="stmt"/>
          <line num="28" count="3" type="stmt"/>
          <line num="29" count="3" type="stmt"/>
          <line num="31" count="2" type="stmt"/>
          <line num="32" count="2" type="stmt"/>
          <line num="33" count="2" type="stmt"/>
          <line num="35" count="2" type="stmt"/>
          <line num="41" count="1" type="stmt"/>
        </file>
        <file name="homeBlogListGetRequestEpic.js" path="/Users/burczu/WORK/OpenSource/polskifrontend-front/src/epics/public/home/homeBlogListGetRequestEpic.js">
          <metrics statements="5" coveredstatements="5" conditionals="2" coveredconditionals="2" methods="2" coveredmethods="2"/>
          <line num="6" count="1" type="stmt"/>
          <line num="7" count="2" type="stmt"/>
          <line num="9" count="2" type="stmt"/>
          <line num="10" count="2" type="stmt"/>
          <line num="12" count="2" type="stmt"/>
        </file>
        <file name="homeLinkToClickedAddEpic.js" path="/Users/burczu/WORK/OpenSource/polskifrontend-front/src/epics/public/home/homeLinkToClickedAddEpic.js">
          <metrics statements="7" coveredstatements="7" conditionals="0" coveredconditionals="0" methods="2" coveredmethods="2"/>
          <line num="7" count="1" type="stmt"/>
          <line num="8" count="1" type="stmt"/>
          <line num="10" count="1" type="stmt"/>
          <line num="11" count="1" type="stmt"/>
          <line num="12" count="1" type="stmt"/>
          <line num="14" count="1" type="stmt"/>
          <line num="16" count="1" type="stmt"/>
        </file>
      </package>
      <package name="epics.public.news">
        <metrics statements="12" coveredstatements="12" conditionals="0" coveredconditionals="0" methods="5" coveredmethods="5"/>
        <file name="newsPageGetEpic.js" path="/Users/burczu/WORK/OpenSource/polskifrontend-front/src/epics/public/news/newsPageGetEpic.js">
          <metrics statements="12" coveredstatements="12" conditionals="0" coveredconditionals="0" methods="5" coveredmethods="5"/>
          <line num="10" count="1" type="stmt"/>
          <line num="11" count="1" type="stmt"/>
          <line num="12" count="1" type="stmt"/>
          <line num="13" count="1" type="stmt"/>
          <line num="16" count="1" type="stmt"/>
          <line num="17" count="2" type="stmt"/>
          <line num="19" count="2" type="stmt"/>
          <line num="20" count="2" type="stmt"/>
          <line num="22" count="1" type="stmt"/>
          <line num="23" count="1" type="stmt"/>
          <line num="25" count="1" type="stmt"/>
          <line num="31" count="1" type="stmt"/>
        </file>
      </package>
      <package name="epics.public.submit">
        <metrics statements="17" coveredstatements="17" conditionals="4" coveredconditionals="4" methods="8" coveredmethods="8"/>
        <file name="submitBlogRequestSendEpic.js" path="/Users/burczu/WORK/OpenSource/polskifrontend-front/src/epics/public/submit/submitBlogRequestSendEpic.js">
          <metrics statements="7" coveredstatements="7" conditionals="0" coveredconditionals="0" methods="4" coveredmethods="4"/>
          <line num="11" count="1" type="stmt"/>
          <line num="12" count="2" type="stmt"/>
          <line num="14" count="2" type="stmt"/>
          <line num="15" count="2" type="stmt"/>
          <line num="22" count="2" type="stmt"/>
          <line num="23" count="1" type="stmt"/>
          <line num="25" count="1" type="stmt"/>
        </file>
        <file name="submitEmailChangedEpic.js" path="/Users/burczu/WORK/OpenSource/polskifrontend-front/src/epics/public/submit/submitEmailChangedEpic.js">
          <metrics statements="5" coveredstatements="5" conditionals="2" coveredconditionals="2" methods="2" coveredmethods="2"/>
          <line num="7" count="1" type="stmt"/>
          <line num="8" count="1" type="stmt"/>
          <line num="10" count="1" type="stmt"/>
          <line num="11" count="1" type="cond" truecount="2" falsecount="0"/>
          <line num="13" count="1" type="stmt"/>
        </file>
        <file name="submitUrlChangedEpic.js" path="/Users/burczu/WORK/OpenSource/polskifrontend-front/src/epics/public/submit/submitUrlChangedEpic.js">
          <metrics statements="5" coveredstatements="5" conditionals="2" coveredconditionals="2" methods="2" coveredmethods="2"/>
          <line num="7" count="1" type="stmt"/>
          <line num="8" count="1" type="stmt"/>
          <line num="10" count="1" type="stmt"/>
          <line num="11" count="1" type="cond" truecount="2" falsecount="0"/>
          <line num="13" count="1" type="stmt"/>
        </file>
      </package>
      <package name="graphql.queries">
        <metrics statements="18" coveredstatements="18" conditionals="0" coveredconditionals="0" methods="6" coveredmethods="6"/>
        <file name="articles.js" path="/Users/burczu/WORK/OpenSource/polskifrontend-front/src/graphql/queries/articles.js">
          <metrics statements="6" coveredstatements="6" conditionals="0" coveredconditionals="0" methods="2" coveredmethods="2"/>
          <line num="1" count="2" type="stmt"/>
          <line num="2" count="3" type="stmt"/>
          <line num="26" count="3" type="stmt"/>
          <line num="29" count="2" type="stmt"/>
          <line num="30" count="2" type="stmt"/>
          <line num="52" count="2" type="stmt"/>
        </file>
        <file name="blogs.js" path="/Users/burczu/WORK/OpenSource/polskifrontend-front/src/graphql/queries/blogs.js">
          <metrics statements="6" coveredstatements="6" conditionals="0" coveredconditionals="0" methods="2" coveredmethods="2"/>
          <line num="1" count="2" type="stmt"/>
          <line num="2" count="3" type="stmt"/>
          <line num="27" count="3" type="stmt"/>
          <line num="30" count="2" type="stmt"/>
          <line num="31" count="2" type="stmt"/>
          <line num="37" count="2" type="stmt"/>
        </file>
        <file name="feedback.js" path="/Users/burczu/WORK/OpenSource/polskifrontend-front/src/graphql/queries/feedback.js">
          <metrics statements="3" coveredstatements="3" conditionals="0" coveredconditionals="0" methods="1" coveredmethods="1"/>
          <line num="1" count="1" type="stmt"/>
          <line num="2" count="2" type="stmt"/>
          <line num="8" count="2" type="stmt"/>
        </file>
        <file name="news.js" path="/Users/burczu/WORK/OpenSource/polskifrontend-front/src/graphql/queries/news.js">
          <metrics statements="3" coveredstatements="3" conditionals="0" coveredconditionals="0" methods="1" coveredmethods="1"/>
          <line num="1" count="1" type="stmt"/>
          <line num="2" count="2" type="stmt"/>
          <line num="16" count="2" type="stmt"/>
        </file>
      </package>
      <package name="reducers.public">
        <metrics statements="47" coveredstatements="47" conditionals="40" coveredconditionals="40" methods="5" coveredmethods="5"/>
        <file name="articles.js" path="/Users/burczu/WORK/OpenSource/polskifrontend-front/src/reducers/public/articles.js">
          <metrics statements="7" coveredstatements="7" conditionals="6" coveredconditionals="6" methods="1" coveredmethods="1"/>
          <line num="3" count="1" type="stmt"/>
          <line num="14" count="5" type="cond" truecount="5" falsecount="0"/>
          <line num="16" count="1" type="stmt"/>
          <line num="19" count="1" type="stmt"/>
          <line num="27" count="1" type="stmt"/>
          <line num="36" count="1" type="stmt"/>
          <line num="44" count="1" type="stmt"/>
        </file>
        <file name="feedback.js" path="/Users/burczu/WORK/OpenSource/polskifrontend-front/src/reducers/public/feedback.js">
          <metrics statements="10" coveredstatements="10" conditionals="9" coveredconditionals="9" methods="1" coveredmethods="1"/>
          <line num="3" count="1" type="stmt"/>
          <line num="19" count="8" type="cond" truecount="8" falsecount="0"/>
          <line num="21" count="1" type="stmt"/>
          <line num="29" count="1" type="stmt"/>
          <line num="37" count="1" type="stmt"/>
          <line num="40" count="1" type="stmt"/>
          <line num="48" count="1" type="stmt"/>
          <line num="57" count="1" type="stmt"/>
          <line num="67" count="1" type="stmt"/>
          <line num="69" count="1" type="stmt"/>
        </file>
        <file name="home.js" path="/Users/burczu/WORK/OpenSource/polskifrontend-front/src/reducers/public/home.js">
          <metrics statements="11" coveredstatements="11" conditionals="10" coveredconditionals="10" methods="1" coveredmethods="1"/>
          <line num="3" count="1" type="stmt"/>
          <line num="27" count="9" type="cond" truecount="9" falsecount="0"/>
          <line num="29" count="1" type="stmt"/>
          <line num="32" count="1" type="stmt"/>
          <line num="40" count="1" type="stmt"/>
          <line num="51" count="1" type="stmt"/>
          <line num="59" count="1" type="stmt"/>
          <line num="67" count="1" type="stmt"/>
          <line num="78" count="1" type="stmt"/>
          <line num="86" count="1" type="stmt"/>
          <line num="88" count="1" type="stmt"/>
        </file>
        <file name="news.js" path="/Users/burczu/WORK/OpenSource/polskifrontend-front/src/reducers/public/news.js">
          <metrics statements="7" coveredstatements="7" conditionals="6" coveredconditionals="6" methods="1" coveredmethods="1"/>
          <line num="3" count="1" type="stmt"/>
          <line num="14" count="5" type="cond" truecount="5" falsecount="0"/>
          <line num="16" count="1" type="stmt"/>
          <line num="19" count="1" type="stmt"/>
          <line num="26" count="1" type="stmt"/>
          <line num="35" count="1" type="stmt"/>
          <line num="42" count="1" type="stmt"/>
        </file>
        <file name="submit.js" path="/Users/burczu/WORK/OpenSource/polskifrontend-front/src/reducers/public/submit.js">
          <metrics statements="12" coveredstatements="12" conditionals="9" coveredconditionals="9" methods="1" coveredmethods="1"/>
          <line num="3" count="1" type="stmt"/>
          <line num="18" count="8" type="cond" truecount="8" falsecount="0"/>
          <line num="20" count="1" type="stmt"/>
          <line num="21" count="1" type="stmt"/>
          <line num="23" count="1" type="stmt"/>
          <line num="24" count="1" type="stmt"/>
          <line num="26" count="1" type="stmt"/>
          <line num="29" count="1" type="stmt"/>
          <line num="31" count="1" type="stmt"/>
          <line num="33" count="1" type="stmt"/>
          <line num="36" count="1" type="stmt"/>
          <line num="38" count="1" type="stmt"/>
        </file>
      </package>
      <package name="routes">
        <metrics statements="8" coveredstatements="0" conditionals="6" coveredconditionals="0" methods="7" coveredmethods="0"/>
        <file name="index.js" path="/Users/burczu/WORK/OpenSource/polskifrontend-front/src/routes/index.js">
          <metrics statements="8" coveredstatements="0" conditionals="6" coveredconditionals="0" methods="7" coveredmethods="0"/>
          <line num="1" count="0" type="cond" truecount="0" falsecount="2"/>
          <line num="13" count="0" type="stmt"/>
          <line num="30" count="0" type="stmt"/>
          <line num="32" count="0" type="stmt"/>
          <line num="35" count="0" type="cond" truecount="0" falsecount="2"/>
          <line num="36" count="0" type="cond" truecount="0" falsecount="2"/>
          <line num="38" count="0" type="stmt"/>
          <line num="39" count="0" type="stmt"/>
        </file>
      </package>
      <package name="routes.about">
        <metrics statements="12" coveredstatements="5" conditionals="48" coveredconditionals="0" methods="32" coveredmethods="1"/>
        <file name="About.js" path="/Users/burczu/WORK/OpenSource/polskifrontend-front/src/routes/about/About.js">
          <metrics statements="5" coveredstatements="5" conditionals="0" coveredconditionals="0" methods="1" coveredmethods="1"/>
          <line num="9" count="1" type="stmt"/>
          <line num="10" count="1" type="stmt"/>
          <line num="11" count="1" type="stmt"/>
          <line num="13" count="1" type="stmt"/>
          <line num="37" count="1" type="stmt"/>
        </file>
        <file name="index.js" path="/Users/burczu/WORK/OpenSource/polskifrontend-front/src/routes/about/index.js">
          <metrics statements="7" coveredstatements="0" conditionals="48" coveredconditionals="0" methods="31" coveredmethods="0"/>
          <line num="1" count="0" type="stmt"/>
          <line num="2" count="0" type="stmt"/>
          <line num="3" count="0" type="cond" truecount="0" falsecount="6"/>
          <line num="5" count="0" type="stmt"/>
          <line num="7" count="0" type="stmt"/>
          <line num="8" count="0" type="stmt"/>
          <line num="15" count="0" type="cond" truecount="0" falsecount="42"/>
        </file>
      </package>
      <package name="routes.articles">
        <metrics statements="25" coveredstatements="6" conditionals="94" coveredconditionals="13" methods="39" coveredmethods="2"/>
        <file name="Articles.js" path="/Users/burczu/WORK/OpenSource/polskifrontend-front/src/routes/articles/Articles.js">
          <metrics statements="8" coveredstatements="6" conditionals="18" coveredconditionals="13" methods="3" coveredmethods="2"/>
          <line num="20" count="0" type="stmt"/>
          <line num="21" count="0" type="stmt"/>
          <line num="25" count="2" type="stmt"/>
          <line num="29" count="1" type="stmt"/>
          <line num="30" count="1" type="stmt"/>
          <line num="31" count="1" type="cond" truecount="1" falsecount="1"/>
          <line num="33" count="1" type="cond" truecount="2" falsecount="0"/>
          <line num="35" count="1" type="stmt"/>
        </file>
        <file name="index.js" path="/Users/burczu/WORK/OpenSource/polskifrontend-front/src/routes/articles/index.js">
          <metrics statements="17" coveredstatements="0" conditionals="76" coveredconditionals="0" methods="36" coveredmethods="0"/>
          <line num="1" count="0" type="cond" truecount="0" falsecount="4"/>
          <line num="2" count="0" type="stmt"/>
          <line num="3" count="0" type="stmt"/>
          <line num="4" count="0" type="stmt"/>
          <line num="5" count="0" type="stmt"/>
          <line num="6" count="0" type="cond" truecount="0" falsecount="14"/>
          <line num="8" count="0" type="stmt"/>
          <line num="10" count="0" type="stmt"/>
          <line num="11" count="0" type="stmt"/>
          <line num="12" count="0" type="stmt"/>
          <line num="14" count="0" type="cond" truecount="0" falsecount="2"/>
          <line num="16" count="0" type="stmt"/>
          <line num="17" count="0" type="stmt"/>
          <line num="18" count="0" type="cond" truecount="0" falsecount="2"/>
          <line num="20" count="0" type="stmt"/>
          <line num="23" count="0" type="stmt"/>
          <line num="30" count="0" type="cond" truecount="0" falsecount="54"/>
        </file>
      </package>
      <package name="routes.articles.parts">
        <metrics statements="3" coveredstatements="3" conditionals="0" coveredconditionals="0" methods="1" coveredmethods="1"/>
        <file name="ArticleView.js" path="/Users/burczu/WORK/OpenSource/polskifrontend-front/src/routes/articles/parts/ArticleView.js">
          <metrics statements="3" coveredstatements="3" conditionals="0" coveredconditionals="0" methods="1" coveredmethods="1"/>
          <line num="10" count="2" type="stmt"/>
          <line num="11" count="2" type="stmt"/>
          <line num="55" count="2" type="stmt"/>
        </file>
      </package>
      <package name="routes.blogSubmit">
        <metrics statements="38" coveredstatements="0" conditionals="112" coveredconditionals="0" methods="62" coveredmethods="0"/>
        <file name="BlogSubmit.js" path="/Users/burczu/WORK/OpenSource/polskifrontend-front/src/routes/blogSubmit/BlogSubmit.js">
          <metrics statements="31" coveredstatements="0" conditionals="64" coveredconditionals="0" methods="31" coveredmethods="0"/>
          <line num="1" count="0" type="stmt"/>
          <line num="2" count="0" type="stmt"/>
          <line num="3" count="0" type="stmt"/>
          <line num="4" count="0" type="stmt"/>
          <line num="5" count="0" type="stmt"/>
          <line num="6" count="0" type="stmt"/>
          <line num="7" count="0" type="stmt"/>
          <line num="8" count="0" type="stmt"/>
          <line num="9" count="0" type="stmt"/>
          <line num="10" count="0" type="cond" truecount="0" falsecount="4"/>
          <line num="20" count="0" type="stmt"/>
          <line num="21" count="0" type="cond" truecount="0" falsecount="2"/>
          <line num="25" count="0" type="stmt"/>
          <line num="26" count="0" type="cond" truecount="0" falsecount="2"/>
          <line num="30" count="0" type="stmt"/>
          <line num="31" count="0" type="stmt"/>
          <line num="35" count="0" type="stmt"/>
          <line num="39" count="0" type="stmt"/>
          <line num="41" count="0" type="cond" truecount="0" falsecount="6"/>
          <line num="42" count="0" type="stmt"/>
          <line num="47" count="0" type="stmt"/>
          <line num="49" count="0" type="stmt"/>
          <line num="50" count="0" type="stmt"/>
          <line num="54" count="0" type="stmt"/>
          <line num="55" count="0" type="stmt"/>
          <line num="59" count="0" type="stmt"/>
          <line num="60" count="0" type="stmt"/>
          <line num="61" count="0" type="stmt"/>
          <line num="63" count="0" type="stmt"/>
          <line num="84" count="0" type="stmt"/>
          <line num="87" count="0" type="cond" truecount="0" falsecount="50"/>
        </file>
        <file name="index.js" path="/Users/burczu/WORK/OpenSource/polskifrontend-front/src/routes/blogSubmit/index.js">
          <metrics statements="7" coveredstatements="0" conditionals="48" coveredconditionals="0" methods="31" coveredmethods="0"/>
          <line num="1" count="0" type="stmt"/>
          <line num="2" count="0" type="stmt"/>
          <line num="3" count="0" type="cond" truecount="0" falsecount="6"/>
          <line num="5" count="0" type="stmt"/>
          <line num="7" count="0" type="stmt"/>
          <line num="8" count="0" type="stmt"/>
          <line num="15" count="0" type="cond" truecount="0" falsecount="42"/>
        </file>
      </package>
      <package name="routes.blogSubmit.parts">
        <metrics statements="24" coveredstatements="0" conditionals="75" coveredconditionals="0" methods="26" coveredmethods="0"/>
        <file name="SubmitForm.js" path="/Users/burczu/WORK/OpenSource/polskifrontend-front/src/routes/blogSubmit/parts/SubmitForm.js">
          <metrics statements="24" coveredstatements="0" conditionals="75" coveredconditionals="0" methods="26" coveredmethods="0"/>
          <line num="1" count="0" type="stmt"/>
          <line num="2" count="0" type="stmt"/>
          <line num="3" count="0" type="stmt"/>
          <line num="4" count="0" type="stmt"/>
          <line num="5" count="0" type="stmt"/>
          <line num="6" count="0" type="stmt"/>
          <line num="7" count="0" type="cond" truecount="0" falsecount="4"/>
          <line num="28" count="0" type="cond" truecount="0" falsecount="2"/>
          <line num="29" count="0" type="stmt"/>
          <line num="30" count="0" type="stmt"/>
          <line num="31" count="0" type="stmt"/>
          <line num="44" count="0" type="stmt"/>
          <line num="45" count="0" type="cond" truecount="0" falsecount="6"/>
          <line num="46" count="0" type="cond" truecount="0" falsecount="2"/>
          <line num="47" count="0" type="cond" truecount="0" falsecount="2"/>
          <line num="49" count="0" type="cond" truecount="0" falsecount="2"/>
          <line num="50" count="0" type="cond" truecount="0" falsecount="2"/>
          <line num="51" count="0" type="cond" truecount="0" falsecount="2"/>
          <line num="52" count="0" type="cond" truecount="0" falsecount="2"/>
          <line num="54" count="0" type="cond" truecount="0" falsecount="2"/>
          <line num="55" count="0" type="cond" truecount="0" falsecount="2"/>
          <line num="57" count="0" type="stmt"/>
          <line num="94" count="0" type="stmt"/>
          <line num="97" count="0" type="cond" truecount="0" falsecount="47"/>
        </file>
      </package>
      <package name="routes.error">
        <metrics statements="18" coveredstatements="0" conditionals="98" coveredconditionals="0" methods="49" coveredmethods="0"/>
        <file name="ErrorPage.js" path="/Users/burczu/WORK/OpenSource/polskifrontend-front/src/routes/error/ErrorPage.js">
          <metrics statements="12" coveredstatements="0" conditionals="51" coveredconditionals="0" methods="25" coveredmethods="0"/>
          <line num="1" count="0" type="stmt"/>
          <line num="2" count="0" type="stmt"/>
          <line num="3" count="0" type="stmt"/>
          <line num="4" count="0" type="stmt"/>
          <line num="5" count="0" type="cond" truecount="0" falsecount="4"/>
          <line num="20" count="0" type="cond" truecount="0" falsecount="2"/>
          <line num="21" count="0" type="stmt"/>
          <line num="22" count="0" type="stmt"/>
          <line num="31" count="0" type="stmt"/>
          <line num="33" count="0" type="stmt"/>
          <line num="40" count="0" type="stmt"/>
          <line num="44" count="0" type="cond" truecount="0" falsecount="45"/>
        </file>
        <file name="index.js" path="/Users/burczu/WORK/OpenSource/polskifrontend-front/src/routes/error/index.js">
          <metrics statements="6" coveredstatements="0" conditionals="47" coveredconditionals="0" methods="24" coveredmethods="0"/>
          <line num="1" count="0" type="stmt"/>
          <line num="2" count="0" type="cond" truecount="0" falsecount="4"/>
          <line num="4" count="0" type="stmt"/>
          <line num="9" count="0" type="stmt"/>
          <line num="11" count="0" type="stmt"/>
          <line num="15" count="0" type="cond" truecount="0" falsecount="41"/>
        </file>
      </package>
      <package name="routes.feedback">
        <metrics statements="38" coveredstatements="0" conditionals="111" coveredconditionals="0" methods="62" coveredmethods="0"/>
        <file name="Feedback.js" path="/Users/burczu/WORK/OpenSource/polskifrontend-front/src/routes/feedback/Feedback.js">
          <metrics statements="31" coveredstatements="0" conditionals="63" coveredconditionals="0" methods="31" coveredmethods="0"/>
          <line num="1" count="0" type="stmt"/>
          <line num="2" count="0" type="stmt"/>
          <line num="3" count="0" type="stmt"/>
          <line num="4" count="0" type="stmt"/>
          <line num="5" count="0" type="stmt"/>
          <line num="6" count="0" type="stmt"/>
          <line num="7" count="0" type="stmt"/>
          <line num="8" count="0" type="stmt"/>
          <line num="9" count="0" type="stmt"/>
          <line num="10" count="0" type="cond" truecount="0" falsecount="4"/>
          <line num="20" count="0" type="stmt"/>
          <line num="21" count="0" type="cond" truecount="0" falsecount="2"/>
          <line num="25" count="0" type="stmt"/>
          <line num="26" count="0" type="cond" truecount="0" falsecount="2"/>
          <line num="30" count="0" type="stmt"/>
          <line num="31" count="0" type="stmt"/>
          <line num="35" count="0" type="stmt"/>
          <line num="39" count="0" type="stmt"/>
          <line num="41" count="0" type="cond" truecount="0" falsecount="5"/>
          <line num="42" count="0" type="stmt"/>
          <line num="47" count="0" type="stmt"/>
          <line num="49" count="0" type="stmt"/>
          <line num="50" count="0" type="stmt"/>
          <line num="54" count="0" type="stmt"/>
          <line num="55" count="0" type="stmt"/>
          <line num="59" count="0" type="stmt"/>
          <line num="60" count="0" type="stmt"/>
          <line num="61" count="0" type="stmt"/>
          <line num="63" count="0" type="stmt"/>
          <line num="84" count="0" type="stmt"/>
          <line num="87" count="0" type="cond" truecount="0" falsecount="50"/>
        </file>
        <file name="index.js" path="/Users/burczu/WORK/OpenSource/polskifrontend-front/src/routes/feedback/index.js">
          <metrics statements="7" coveredstatements="0" conditionals="48" coveredconditionals="0" methods="31" coveredmethods="0"/>
          <line num="1" count="0" type="stmt"/>
          <line num="2" count="0" type="stmt"/>
          <line num="3" count="0" type="cond" truecount="0" falsecount="6"/>
          <line num="5" count="0" type="stmt"/>
          <line num="7" count="0" type="stmt"/>
          <line num="8" count="0" type="stmt"/>
          <line num="15" count="0" type="cond" truecount="0" falsecount="42"/>
        </file>
      </package>
      <package name="routes.feedback.parts">
        <metrics statements="24" coveredstatements="0" conditionals="74" coveredconditionals="0" methods="26" coveredmethods="0"/>
        <file name="FeedbackForm.js" path="/Users/burczu/WORK/OpenSource/polskifrontend-front/src/routes/feedback/parts/FeedbackForm.js">
          <metrics statements="24" coveredstatements="0" conditionals="74" coveredconditionals="0" methods="26" coveredmethods="0"/>
          <line num="1" count="0" type="stmt"/>
          <line num="2" count="0" type="stmt"/>
          <line num="3" count="0" type="stmt"/>
          <line num="4" count="0" type="stmt"/>
          <line num="5" count="0" type="stmt"/>
          <line num="6" count="0" type="stmt"/>
          <line num="7" count="0" type="cond" truecount="0" falsecount="4"/>
          <line num="28" count="0" type="cond" truecount="0" falsecount="2"/>
          <line num="29" count="0" type="stmt"/>
          <line num="30" count="0" type="stmt"/>
          <line num="31" count="0" type="stmt"/>
          <line num="44" count="0" type="stmt"/>
          <line num="45" count="0" type="cond" truecount="0" falsecount="5"/>
          <line num="46" count="0" type="cond" truecount="0" falsecount="2"/>
          <line num="47" count="0" type="cond" truecount="0" falsecount="2"/>
          <line num="49" count="0" type="cond" truecount="0" falsecount="2"/>
          <line num="50" count="0" type="cond" truecount="0" falsecount="2"/>
          <line num="51" count="0" type="cond" truecount="0" falsecount="2"/>
          <line num="52" count="0" type="cond" truecount="0" falsecount="2"/>
          <line num="54" count="0" type="cond" truecount="0" falsecount="2"/>
          <line num="55" count="0" type="cond" truecount="0" falsecount="2"/>
          <line num="57" count="0" type="stmt"/>
          <line num="94" count="0" type="stmt"/>
          <line num="97" count="0" type="cond" truecount="0" falsecount="47"/>
        </file>
      </package>
      <package name="routes.home">
        <metrics statements="66" coveredstatements="0" conditionals="172" coveredconditionals="0" methods="69" coveredmethods="0"/>
        <file name="Home.js" path="/Users/burczu/WORK/OpenSource/polskifrontend-front/src/routes/home/Home.js">
          <metrics statements="46" coveredstatements="0" conditionals="93" coveredconditionals="0" methods="33" coveredmethods="0"/>
          <line num="1" count="0" type="stmt"/>
          <line num="2" count="0" type="stmt"/>
          <line num="3" count="0" type="stmt"/>
          <line num="4" count="0" type="stmt"/>
          <line num="5" count="0" type="stmt"/>
          <line num="6" count="0" type="stmt"/>
          <line num="7" count="0" type="stmt"/>
          <line num="8" count="0" type="stmt"/>
          <line num="9" count="0" type="stmt"/>
          <line num="10" count="0" type="stmt"/>
          <line num="11" count="0" type="stmt"/>
          <line num="12" count="0" type="stmt"/>
          <line num="13" count="0" type="stmt"/>
          <line num="14" count="0" type="cond" truecount="0" falsecount="4"/>
          <line num="24" count="0" type="stmt"/>
          <line num="25" count="0" type="stmt"/>
          <line num="29" count="0" type="stmt"/>
          <line num="31" count="0" type="stmt"/>
          <line num="32" count="0" type="stmt"/>
          <line num="36" count="0" type="stmt"/>
          <line num="38" count="0" type="stmt"/>
          <line num="39" count="0" type="stmt"/>
          <line num="43" count="0" type="stmt"/>
          <line num="44" count="0" type="cond" truecount="0" falsecount="4"/>
          <line num="45" count="0" type="stmt"/>
          <line num="50" count="0" type="stmt"/>
          <line num="51" count="0" type="cond" truecount="0" falsecount="4"/>
          <line num="52" count="0" type="stmt"/>
          <line num="57" count="0" type="stmt"/>
          <line num="58" count="0" type="stmt"/>
          <line num="59" count="0" type="cond" truecount="0" falsecount="4"/>
          <line num="60" count="0" type="stmt"/>
          <line num="61" count="0" type="cond" truecount="0" falsecount="2"/>
          <line num="64" count="0" type="stmt"/>
          <line num="65" count="0" type="stmt"/>
          <line num="68" count="0" type="stmt"/>
          <line num="69" count="0" type="stmt"/>
          <line num="70" count="0" type="stmt"/>
          <line num="72" count="0" type="stmt"/>
          <line num="75" count="0" type="stmt"/>
          <line num="92" count="0" type="stmt"/>
          <line num="93" count="0" type="stmt"/>
          <line num="94" count="0" type="stmt"/>
          <line num="96" count="0" type="stmt"/>
          <line num="136" count="0" type="stmt"/>
          <line num="139" count="0" type="cond" truecount="0" falsecount="54"/>
        </file>
        <file name="index.js" path="/Users/burczu/WORK/OpenSource/polskifrontend-front/src/routes/home/index.js">
          <metrics statements="20" coveredstatements="0" conditionals="79" coveredconditionals="0" methods="36" coveredmethods="0"/>
          <line num="1" count="0" type="cond" truecount="0" falsecount="4"/>
          <line num="2" count="0" type="stmt"/>
          <line num="3" count="0" type="stmt"/>
          <line num="4" count="0" type="stmt"/>
          <line num="5" count="0" type="stmt"/>
          <line num="6" count="0" type="stmt"/>
          <line num="7" count="0" type="cond" truecount="0" falsecount="14"/>
          <line num="9" count="0" type="stmt"/>
          <line num="11" count="0" type="stmt"/>
          <line num="12" count="0" type="stmt"/>
          <line num="13" count="0" type="stmt"/>
          <line num="15" count="0" type="cond" truecount="0" falsecount="2"/>
          <line num="17" count="0" type="stmt"/>
          <line num="18" count="0" type="stmt"/>
          <line num="19" count="0" type="cond" truecount="0" falsecount="2"/>
          <line num="21" count="0" type="cond" truecount="0" falsecount="2"/>
          <line num="22" count="0" type="stmt"/>
          <line num="24" count="0" type="stmt"/>
          <line num="28" count="0" type="stmt"/>
          <line num="35" count="0" type="cond" truecount="0" falsecount="55"/>
        </file>
      </package>
      <package name="routes.home.parts">
        <metrics statements="86" coveredstatements="0" conditionals="264" coveredconditionals="0" methods="107" coveredmethods="0"/>
        <file name="BlogList.js" path="/Users/burczu/WORK/OpenSource/polskifrontend-front/src/routes/home/parts/BlogList.js">
          <metrics statements="28" coveredstatements="0" conditionals="77" coveredconditionals="0" methods="28" coveredmethods="0"/>
          <line num="1" count="0" type="stmt"/>
          <line num="2" count="0" type="stmt"/>
          <line num="3" count="0" type="stmt"/>
          <line num="4" count="0" type="stmt"/>
          <line num="5" count="0" type="stmt"/>
          <line num="6" count="0" type="stmt"/>
          <line num="7" count="0" type="stmt"/>
          <line num="8" count="0" type="stmt"/>
          <line num="9" count="0" type="stmt"/>
          <line num="10" count="0" type="stmt"/>
          <line num="11" count="0" type="stmt"/>
          <line num="12" count="0" type="stmt"/>
          <line num="13" count="0" type="cond" truecount="0" falsecount="4"/>
          <line num="15" count="0" type="stmt"/>
          <line num="16" count="0" type="stmt"/>
          <line num="21" count="0" type="stmt"/>
          <line num="22" count="0" type="stmt"/>
          <line num="23" count="0" type="cond" truecount="0" falsecount="2"/>
          <line num="24" count="0" type="cond" truecount="0" falsecount="2"/>
          <line num="25" count="0" type="cond" truecount="0" falsecount="2"/>
          <line num="26" count="0" type="cond" truecount="0" falsecount="2"/>
          <line num="27" count="0" type="cond" truecount="0" falsecount="2"/>
          <line num="28" count="0" type="cond" truecount="0" falsecount="2"/>
          <line num="30" count="0" type="cond" truecount="0" falsecount="2"/>
          <line num="32" count="0" type="stmt"/>
          <line num="62" count="0" type="stmt"/>
          <line num="106" count="0" type="stmt"/>
          <line num="117" count="0" type="cond" truecount="0" falsecount="53"/>
        </file>
        <file name="BlogListControlPanel.js" path="/Users/burczu/WORK/OpenSource/polskifrontend-front/src/routes/home/parts/BlogListControlPanel.js">
          <metrics statements="18" coveredstatements="0" conditionals="55" coveredconditionals="0" methods="25" coveredmethods="0"/>
          <line num="1" count="0" type="stmt"/>
          <line num="2" count="0" type="stmt"/>
          <line num="3" count="0" type="stmt"/>
          <line num="4" count="0" type="stmt"/>
          <line num="5" count="0" type="cond" truecount="0" falsecount="4"/>
          <line num="7" count="0" type="stmt"/>
          <line num="8" count="0" type="cond" truecount="0" falsecount="2"/>
          <line num="9" count="0" type="cond" truecount="0" falsecount="2"/>
          <line num="10" count="0" type="stmt"/>
          <line num="11" count="0" type="stmt"/>
          <line num="12" count="0" type="stmt"/>
          <line num="14" count="0" type="cond" truecount="0" falsecount="2"/>
          <line num="15" count="0" type="stmt"/>
          <line num="16" count="0" type="stmt"/>
          <line num="17" count="0" type="stmt"/>
          <line num="20" count="0" type="stmt"/>
          <line num="45" count="0" type="stmt"/>
          <line num="53" count="0" type="cond" truecount="0" falsecount="45"/>
        </file>
        <file name="BlogTiles.js" path="/Users/burczu/WORK/OpenSource/polskifrontend-front/src/routes/home/parts/BlogTiles.js">
          <metrics statements="15" coveredstatements="0" conditionals="58" coveredconditionals="0" methods="26" coveredmethods="0"/>
          <line num="1" count="0" type="stmt"/>
          <line num="2" count="0" type="stmt"/>
          <line num="3" count="0" type="stmt"/>
          <line num="4" count="0" type="stmt"/>
          <line num="5" count="0" type="stmt"/>
          <line num="6" count="0" type="stmt"/>
          <line num="7" count="0" type="stmt"/>
          <line num="8" count="0" type="stmt"/>
          <line num="9" count="0" type="stmt"/>
          <line num="10" count="0" type="cond" truecount="0" falsecount="4"/>
          <line num="12" count="0" type="stmt"/>
          <line num="13" count="0" type="stmt"/>
          <line num="18" count="0" type="stmt"/>
          <line num="54" count="0" type="stmt"/>
          <line num="65" count="0" type="cond" truecount="0" falsecount="50"/>
        </file>
        <file name="TilesArticles.js" path="/Users/burczu/WORK/OpenSource/polskifrontend-front/src/routes/home/parts/TilesArticles.js">
          <metrics statements="25" coveredstatements="0" conditionals="74" coveredconditionals="0" methods="28" coveredmethods="0"/>
          <line num="1" count="0" type="stmt"/>
          <line num="2" count="0" type="stmt"/>
          <line num="3" count="0" type="stmt"/>
          <line num="4" count="0" type="stmt"/>
          <line num="5" count="0" type="stmt"/>
          <line num="6" count="0" type="stmt"/>
          <line num="7" count="0" type="stmt"/>
          <line num="8" count="0" type="stmt"/>
          <line num="9" count="0" type="stmt"/>
          <line num="10" count="0" type="cond" truecount="0" falsecount="4"/>
          <line num="12" count="0" type="stmt"/>
          <line num="13" count="0" type="stmt"/>
          <line num="16" count="0" type="stmt"/>
          <line num="17" count="0" type="stmt"/>
          <line num="18" count="0" type="cond" truecount="0" falsecount="2"/>
          <line num="19" count="0" type="cond" truecount="0" falsecount="2"/>
          <line num="20" count="0" type="cond" truecount="0" falsecount="2"/>
          <line num="21" count="0" type="cond" truecount="0" falsecount="2"/>
          <line num="22" count="0" type="cond" truecount="0" falsecount="2"/>
          <line num="23" count="0" type="cond" truecount="0" falsecount="2"/>
          <line num="25" count="0" type="cond" truecount="0" falsecount="2"/>
          <line num="27" count="0" type="stmt"/>
          <line num="57" count="0" type="stmt"/>
          <line num="94" count="0" type="stmt"/>
          <line num="103" count="0" type="cond" truecount="0" falsecount="50"/>
        </file>
      </package>
      <package name="routes.news">
        <metrics statements="40" coveredstatements="0" conditionals="134" coveredconditionals="0" methods="63" coveredmethods="0"/>
        <file name="News.js" path="/Users/burczu/WORK/OpenSource/polskifrontend-front/src/routes/news/News.js">
          <metrics statements="20" coveredstatements="0" conditionals="57" coveredconditionals="0" methods="27" coveredmethods="0"/>
          <line num="1" count="0" type="stmt"/>
          <line num="2" count="0" type="stmt"/>
          <line num="3" count="0" type="stmt"/>
          <line num="4" count="0" type="stmt"/>
          <line num="5" count="0" type="stmt"/>
          <line num="6" count="0" type="stmt"/>
          <line num="7" count="0" type="stmt"/>
          <line num="8" count="0" type="stmt"/>
          <line num="9" count="0" type="cond" truecount="0" falsecount="4"/>
          <line num="19" count="0" type="stmt"/>
          <line num="20" count="0" type="stmt"/>
          <line num="27" count="0" type="stmt"/>
          <line num="28" count="0" type="cond" truecount="0" falsecount="4"/>
          <line num="29" count="0" type="stmt"/>
          <line num="39" count="0" type="stmt"/>
          <line num="40" count="0" type="stmt"/>
          <line num="41" count="0" type="stmt"/>
          <line num="43" count="0" type="stmt"/>
          <line num="53" count="0" type="stmt"/>
          <line num="56" count="0" type="cond" truecount="0" falsecount="49"/>
        </file>
        <file name="index.js" path="/Users/burczu/WORK/OpenSource/polskifrontend-front/src/routes/news/index.js">
          <metrics statements="20" coveredstatements="0" conditionals="77" coveredconditionals="0" methods="36" coveredmethods="0"/>
          <line num="1" count="0" type="cond" truecount="0" falsecount="4"/>
          <line num="2" count="0" type="stmt"/>
          <line num="3" count="0" type="stmt"/>
          <line num="4" count="0" type="stmt"/>
          <line num="5" count="0" type="stmt"/>
          <line num="6" count="0" type="stmt"/>
          <line num="7" count="0" type="cond" truecount="0" falsecount="14"/>
          <line num="9" count="0" type="stmt"/>
          <line num="11" count="0" type="stmt"/>
          <line num="13" count="0" type="stmt"/>
          <line num="14" count="0" type="stmt"/>
          <line num="15" count="0" type="stmt"/>
          <line num="17" count="0" type="stmt"/>
          <line num="19" count="0" type="cond" truecount="0" falsecount="2"/>
          <line num="21" count="0" type="stmt"/>
          <line num="22" count="0" type="stmt"/>
          <line num="23" count="0" type="cond" truecount="0" falsecount="2"/>
          <line num="25" count="0" type="stmt"/>
          <line num="28" count="0" type="stmt"/>
          <line num="31" count="0" type="cond" truecount="0" falsecount="55"/>
        </file>
      </package>
      <package name="routes.news.parts">
        <metrics statements="17" coveredstatements="0" conditionals="58" coveredconditionals="0" methods="26" coveredmethods="0"/>
        <file name="NewsList.js" path="/Users/burczu/WORK/OpenSource/polskifrontend-front/src/routes/news/parts/NewsList.js">
          <metrics statements="17" coveredstatements="0" conditionals="58" coveredconditionals="0" methods="26" coveredmethods="0"/>
          <line num="1" count="0" type="stmt"/>
          <line num="2" count="0" type="stmt"/>
          <line num="3" count="0" type="stmt"/>
          <line num="4" count="0" type="stmt"/>
          <line num="5" count="0" type="stmt"/>
          <line num="6" count="0" type="stmt"/>
          <line num="7" count="0" type="stmt"/>
          <line num="8" count="0" type="stmt"/>
          <line num="9" count="0" type="stmt"/>
          <line num="10" count="0" type="cond" truecount="0" falsecount="4"/>
          <line num="12" count="0" type="stmt"/>
          <line num="13" count="0" type="stmt"/>
          <line num="23" count="0" type="stmt"/>
          <line num="24" count="0" type="cond" truecount="0" falsecount="2"/>
          <line num="26" count="0" type="stmt"/>
          <line num="52" count="0" type="stmt"/>
          <line num="59" count="0" type="cond" truecount="0" falsecount="50"/>
        </file>
      </package>
      <package name="routes.notFound">
        <metrics statements="16" coveredstatements="0" conditionals="97" coveredconditionals="0" methods="49" coveredmethods="0"/>
        <file name="NotFound.js" path="/Users/burczu/WORK/OpenSource/polskifrontend-front/src/routes/notFound/NotFound.js">
          <metrics statements="8" coveredstatements="0" conditionals="49" coveredconditionals="0" methods="25" coveredmethods="0"/>
          <line num="1" count="0" type="stmt"/>
          <line num="2" count="0" type="stmt"/>
          <line num="3" count="0" type="stmt"/>
          <line num="4" count="0" type="stmt"/>
          <line num="5" count="0" type="cond" truecount="0" falsecount="4"/>
          <line num="15" count="0" type="stmt"/>
          <line num="22" count="0" type="stmt"/>
          <line num="25" count="0" type="cond" truecount="0" falsecount="45"/>
        </file>
        <file name="index.js" path="/Users/burczu/WORK/OpenSource/polskifrontend-front/src/routes/notFound/index.js">
          <metrics statements="8" coveredstatements="0" conditionals="48" coveredconditionals="0" methods="24" coveredmethods="0"/>
          <line num="1" count="0" type="stmt"/>
          <line num="10" count="0" type="stmt"/>
          <line num="11" count="0" type="stmt"/>
          <line num="12" count="0" type="cond" truecount="0" falsecount="4"/>
          <line num="14" count="0" type="stmt"/>
          <line num="21" count="0" type="stmt"/>
          <line num="22" count="0" type="stmt"/>
          <line num="26" count="0" type="cond" truecount="0" falsecount="44"/>
        </file>
      </package>
      <package name="store">
        <metrics statements="18" coveredstatements="0" conditionals="113" coveredconditionals="0" methods="54" coveredmethods="0"/>
        <file name="configureStore.js" path="/Users/burczu/WORK/OpenSource/polskifrontend-front/src/store/configureStore.js">
          <metrics statements="13" coveredstatements="0" conditionals="57" coveredconditionals="0" methods="26" coveredmethods="0"/>
          <line num="1" count="0" type="stmt"/>
          <line num="9" count="0" type="cond" truecount="0" falsecount="4"/>
          <line num="10" count="0" type="stmt"/>
          <line num="14" count="0" type="cond" truecount="0" falsecount="2"/>
          <line num="15" count="0" type="stmt"/>
          <line num="18" count="0" type="stmt"/>
          <line num="19" count="0" type="cond" truecount="0" falsecount="4"/>
          <line num="20" count="0" type="stmt"/>
          <line num="23" count="0" type="stmt"/>
          <line num="28" count="0" type="stmt"/>
          <line num="32" count="0" type="stmt"/>
          <line num="34" count="0" type="stmt"/>
          <line num="35" count="0" type="cond" truecount="0" falsecount="47"/>
        </file>
        <file name="createHelpers.js" path="/Users/burczu/WORK/OpenSource/polskifrontend-front/src/store/createHelpers.js">
          <metrics statements="5" coveredstatements="0" conditionals="56" coveredconditionals="0" methods="28" coveredmethods="0"/>
          <line num="1" count="0" type="cond" truecount="0" falsecount="4"/>
          <line num="25" count="0" type="cond" truecount="0" falsecount="6"/>
          <line num="26" count="0" type="cond" truecount="0" falsecount="1"/>
          <line num="28" count="0" type="cond" truecount="0" falsecount="4"/>
          <line num="32" count="0" type="cond" truecount="0" falsecount="41"/>
        </file>
      </package>
      <package name="store.serverSideInitializers">
        <metrics statements="75" coveredstatements="0" conditionals="172" coveredconditionals="0" methods="108" coveredmethods="0"/>
        <file name="articlesInitializer.js" path="/Users/burczu/WORK/OpenSource/polskifrontend-front/src/store/serverSideInitializers/articlesInitializer.js">
          <metrics statements="21" coveredstatements="0" conditionals="53" coveredconditionals="0" methods="36" coveredmethods="0"/>
          <line num="1" count="0" type="stmt"/>
          <line num="2" count="0" type="stmt"/>
          <line num="3" count="0" type="stmt"/>
          <line num="4" count="0" type="cond" truecount="0" falsecount="6"/>
          <line num="6" count="0" type="stmt"/>
          <line num="7" count="0" type="stmt"/>
          <line num="8" count="0" type="stmt"/>
          <line num="14" count="0" type="stmt"/>
          <line num="15" count="0" type="stmt"/>
          <line num="18" count="0" type="stmt"/>
          <line num="19" count="0" type="stmt"/>
          <line num="20" count="0" type="stmt"/>
          <line num="22" count="0" type="cond" truecount="0" falsecount="2"/>
          <line num="23" count="0" type="stmt"/>
          <line num="24" count="0" type="stmt"/>
          <line num="25" count="0" type="stmt"/>
          <line num="27" count="0" type="stmt"/>
          <line num="30" count="0" type="stmt"/>
          <line num="31" count="0" type="stmt"/>
          <line num="34" count="0" type="stmt"/>
          <line num="35" count="0" type="cond" truecount="0" falsecount="45"/>
        </file>
        <file name="homeInitializer.js" path="/Users/burczu/WORK/OpenSource/polskifrontend-front/src/store/serverSideInitializers/homeInitializer.js">
          <metrics statements="33" coveredstatements="0" conditionals="66" coveredconditionals="0" methods="36" coveredmethods="0"/>
          <line num="1" count="0" type="stmt"/>
          <line num="2" count="0" type="stmt"/>
          <line num="3" count="0" type="stmt"/>
          <line num="4" count="0" type="stmt"/>
          <line num="5" count="0" type="cond" truecount="0" falsecount="6"/>
          <line num="7" count="0" type="stmt"/>
          <line num="8" count="0" type="cond" truecount="0" falsecount="2"/>
          <line num="10" count="0" type="stmt"/>
          <line num="16" count="0" type="stmt"/>
          <line num="17" count="0" type="stmt"/>
          <line num="20" count="0" type="stmt"/>
          <line num="22" count="0" type="stmt"/>
          <line num="23" count="0" type="stmt"/>
          <line num="24" count="0" type="cond" truecount="0" falsecount="2"/>
          <line num="26" count="0" type="stmt"/>
          <line num="27" count="0" type="stmt"/>
          <line num="28" count="0" type="cond" truecount="0" falsecount="2"/>
          <line num="29" count="0" type="cond" truecount="0" falsecount="2"/>
          <line num="30" count="0" type="stmt"/>
          <line num="32" count="0" type="cond" truecount="0" falsecount="2"/>
          <line num="33" count="0" type="stmt"/>
          <line num="34" count="0" type="stmt"/>
          <line num="37" count="0" type="stmt"/>
          <line num="39" count="0" type="cond" truecount="0" falsecount="2"/>
          <line num="40" count="0" type="stmt"/>
          <line num="41" count="0" type="stmt"/>
          <line num="45" count="0" type="stmt"/>
          <line num="46" count="0" type="stmt"/>
          <line num="49" count="0" type="stmt"/>
          <line num="50" count="0" type="stmt"/>
          <line num="52" count="0" type="stmt"/>
          <line num="55" count="0" type="stmt"/>
          <line num="56" count="0" type="cond" truecount="0" falsecount="46"/>
        </file>
        <file name="newsInitializer.js" path="/Users/burczu/WORK/OpenSource/polskifrontend-front/src/store/serverSideInitializers/newsInitializer.js">
          <metrics statements="21" coveredstatements="0" conditionals="53" coveredconditionals="0" methods="36" coveredmethods="0"/>
          <line num="1" count="0" type="stmt"/>
          <line num="2" count="0" type="stmt"/>
          <line num="3" count="0" type="stmt"/>
          <line num="4" count="0" type="cond" truecount="0" falsecount="6"/>
          <line num="6" count="0" type="stmt"/>
          <line num="7" count="0" type="stmt"/>
          <line num="8" count="0" type="stmt"/>
          <line num="14" count="0" type="stmt"/>
          <line num="15" count="0" type="stmt"/>
          <line num="18" count="0" type="stmt"/>
          <line num="19" count="0" type="stmt"/>
          <line num="20" count="0" type="stmt"/>
          <line num="22" count="0" type="cond" truecount="0" falsecount="2"/>
          <line num="23" count="0" type="stmt"/>
          <line num="24" count="0" type="stmt"/>
          <line num="25" count="0" type="stmt"/>
          <line num="27" count="0" type="stmt"/>
          <line num="30" count="0" type="stmt"/>
          <line num="31" count="0" type="stmt"/>
          <line num="34" count="0" type="stmt"/>
          <line num="35" count="0" type="cond" truecount="0" falsecount="45"/>
        </file>
      </package>
    </metrics>
  </project>
</coverage>
