{"/Users/burczu/WORK/OpenSource/polskifrontend-front/src/actions/public/articlesActions.js": {"path":"/Users/burczu/WORK/OpenSource/polskifrontend-front/src/actions/public/articlesActions.js","statementMap":{"0":{"start":{"line":4,"column":2},"end":{"line":9,"column":4}},"1":{"start":{"line":13,"column":2},"end":{"line":15,"column":4}}},"fnMap":{"0":{"name":"articlesArticleGet","decl":{"start":{"line":3,"column":16},"end":{"line":3,"column":34}},"loc":{"start":{"line":3,"column":41},"end":{"line":10,"column":1}},"line":3},"1":{"name":"articlesDataLoadedReset","decl":{"start":{"line":12,"column":16},"end":{"line":12,"column":39}},"loc":{"start":{"line":12,"column":42},"end":{"line":16,"column":1}},"line":12}},"branchMap":{},"s":{"0":1,"1":1},"f":{"0":1,"1":1},"b":{},"_coverageSchema":"332fd63041d2c1bcb487cc26dd0d5f7d97098a6c","hash":"4f8ac766e8db523367c8278cb5d23d9474f7d09c"}
,"/Users/burczu/WORK/OpenSource/polskifrontend-front/src/actions/public/feedbackActions.js": {"path":"/Users/burczu/WORK/OpenSource/polskifrontend-front/src/actions/public/feedbackActions.js","statementMap":{"0":{"start":{"line":4,"column":2},"end":{"line":9,"column":4}},"1":{"start":{"line":13,"column":2},"end":{"line":18,"column":4}},"2":{"start":{"line":22,"column":2},"end":{"line":27,"column":4}},"3":{"start":{"line":31,"column":2},"end":{"line":37,"column":4}},"4":{"start":{"line":41,"column":2},"end":{"line":43,"column":4}}},"fnMap":{"0":{"name":"feedbackTextChanged","decl":{"start":{"line":3,"column":16},"end":{"line":3,"column":35}},"loc":{"start":{"line":3,"column":43},"end":{"line":10,"column":1}},"line":3},"1":{"name":"feedbackEmailChanged","decl":{"start":{"line":12,"column":16},"end":{"line":12,"column":36}},"loc":{"start":{"line":12,"column":44},"end":{"line":19,"column":1}},"line":12},"2":{"name":"feedbackCaptchaChanged","decl":{"start":{"line":21,"column":16},"end":{"line":21,"column":38}},"loc":{"start":{"line":21,"column":46},"end":{"line":28,"column":1}},"line":21},"3":{"name":"feedbackSend","decl":{"start":{"line":30,"column":16},"end":{"line":30,"column":28}},"loc":{"start":{"line":30,"column":46},"end":{"line":38,"column":1}},"line":30},"4":{"name":"feedbackStateReset","decl":{"start":{"line":40,"column":16},"end":{"line":40,"column":34}},"loc":{"start":{"line":40,"column":37},"end":{"line":44,"column":1}},"line":40}},"branchMap":{},"s":{"0":1,"1":1,"2":1,"3":1,"4":1},"f":{"0":1,"1":1,"2":1,"3":1,"4":1},"b":{},"_coverageSchema":"332fd63041d2c1bcb487cc26dd0d5f7d97098a6c","hash":"ea5446206d2615431011d4816bb4e486d2f7aad2"}
,"/Users/burczu/WORK/OpenSource/polskifrontend-front/src/actions/public/homeActions.js": {"path":"/Users/burczu/WORK/OpenSource/polskifrontend-front/src/actions/public/homeActions.js","statementMap":{"0":{"start":{"line":4,"column":2},"end":{"line":9,"column":4}},"1":{"start":{"line":13,"column":2},"end":{"line":18,"column":4}},"2":{"start":{"line":22,"column":2},"end":{"line":27,"column":4}},"3":{"start":{"line":31,"column":2},"end":{"line":33,"column":4}}},"fnMap":{"0":{"name":"homeBlogListGetRequest","decl":{"start":{"line":3,"column":16},"end":{"line":3,"column":38}},"loc":{"start":{"line":3,"column":45},"end":{"line":10,"column":1}},"line":3},"1":{"name":"homeArticleListGetRequest","decl":{"start":{"line":12,"column":16},"end":{"line":12,"column":41}},"loc":{"start":{"line":12,"column":48},"end":{"line":19,"column":1}},"line":12},"2":{"name":"homeAddLinkToClicked","decl":{"start":{"line":21,"column":16},"end":{"line":21,"column":36}},"loc":{"start":{"line":21,"column":42},"end":{"line":28,"column":1}},"line":21},"3":{"name":"homeDataLoadedReset","decl":{"start":{"line":30,"column":16},"end":{"line":30,"column":35}},"loc":{"start":{"line":30,"column":38},"end":{"line":34,"column":1}},"line":30}},"branchMap":{},"s":{"0":1,"1":1,"2":1,"3":1},"f":{"0":1,"1":1,"2":1,"3":1},"b":{},"_coverageSchema":"332fd63041d2c1bcb487cc26dd0d5f7d97098a6c","hash":"57a0d14075b0d7d4e192ed6d500940582b69509b"}
,"/Users/burczu/WORK/OpenSource/polskifrontend-front/src/actions/public/newsActions.js": {"path":"/Users/burczu/WORK/OpenSource/polskifrontend-front/src/actions/public/newsActions.js","statementMap":{"0":{"start":{"line":4,"column":2},"end":{"line":9,"column":4}},"1":{"start":{"line":13,"column":2},"end":{"line":15,"column":4}}},"fnMap":{"0":{"name":"newsPageGet","decl":{"start":{"line":3,"column":16},"end":{"line":3,"column":27}},"loc":{"start":{"line":3,"column":34},"end":{"line":10,"column":1}},"line":3},"1":{"name":"newsDataLoadedReset","decl":{"start":{"line":12,"column":16},"end":{"line":12,"column":35}},"loc":{"start":{"line":12,"column":38},"end":{"line":16,"column":1}},"line":12}},"branchMap":{},"s":{"0":1,"1":1},"f":{"0":1,"1":1},"b":{},"_coverageSchema":"332fd63041d2c1bcb487cc26dd0d5f7d97098a6c","hash":"03c908cdfc0dc3b779a9bce80a141182d9a19365"}
,"/Users/burczu/WORK/OpenSource/polskifrontend-front/src/actions/public/submitActions.js": {"path":"/Users/burczu/WORK/OpenSource/polskifrontend-front/src/actions/public/submitActions.js","statementMap":{"0":{"start":{"line":4,"column":2},"end":{"line":9,"column":4}},"1":{"start":{"line":13,"column":2},"end":{"line":18,"column":4}},"2":{"start":{"line":22,"column":2},"end":{"line":27,"column":4}},"3":{"start":{"line":31,"column":2},"end":{"line":37,"column":4}},"4":{"start":{"line":41,"column":2},"end":{"line":43,"column":4}}},"fnMap":{"0":{"name":"submitUrlChanged","decl":{"start":{"line":3,"column":16},"end":{"line":3,"column":32}},"loc":{"start":{"line":3,"column":40},"end":{"line":10,"column":1}},"line":3},"1":{"name":"submitEmailChanged","decl":{"start":{"line":12,"column":16},"end":{"line":12,"column":34}},"loc":{"start":{"line":12,"column":42},"end":{"line":19,"column":1}},"line":12},"2":{"name":"submitCaptchaChanged","decl":{"start":{"line":21,"column":16},"end":{"line":21,"column":36}},"loc":{"start":{"line":21,"column":44},"end":{"line":28,"column":1}},"line":21},"3":{"name":"submitBlogRequestSend","decl":{"start":{"line":30,"column":16},"end":{"line":30,"column":37}},"loc":{"start":{"line":30,"column":55},"end":{"line":38,"column":1}},"line":30},"4":{"name":"submitStateReset","decl":{"start":{"line":40,"column":16},"end":{"line":40,"column":32}},"loc":{"start":{"line":40,"column":35},"end":{"line":44,"column":1}},"line":40}},"branchMap":{},"s":{"0":1,"1":1,"2":1,"3":1,"4":1},"f":{"0":1,"1":1,"2":1,"3":1,"4":1},"b":{},"_coverageSchema":"332fd63041d2c1bcb487cc26dd0d5f7d97098a6c","hash":"341a18d504f62dc7ec4bcc299993c78783ff5842"}
,"/Users/burczu/WORK/OpenSource/polskifrontend-front/src/components/App.js": {"path":"/Users/burczu/WORK/OpenSource/polskifrontend-front/src/components/App.js","statementMap":{"0":{"start":{"line":5,"column":20},"end":{"line":16,"column":1}},"1":{"start":{"line":49,"column":4},"end":{"line":49,"column":30}},"2":{"start":{"line":53,"column":26},"end":{"line":53,"column":44}},"3":{"start":{"line":54,"column":4},"end":{"line":54,"column":44}},"4":{"start":{"line":58,"column":4},"end":{"line":60,"column":5}},"5":{"start":{"line":59,"column":6},"end":{"line":59,"column":36}},"6":{"start":{"line":66,"column":4},"end":{"line":66,"column":46}}},"fnMap":{"0":{"name":"(anonymous_0)","decl":{"start":{"line":48,"column":20},"end":{"line":48,"column":21}},"loc":{"start":{"line":48,"column":26},"end":{"line":50,"column":3}},"line":48},"1":{"name":"(anonymous_1)","decl":{"start":{"line":52,"column":23},"end":{"line":52,"column":24}},"loc":{"start":{"line":52,"column":29},"end":{"line":55,"column":3}},"line":52},"2":{"name":"(anonymous_2)","decl":{"start":{"line":57,"column":25},"end":{"line":57,"column":26}},"loc":{"start":{"line":57,"column":31},"end":{"line":61,"column":3}},"line":57},"3":{"name":"(anonymous_3)","decl":{"start":{"line":63,"column":11},"end":{"line":63,"column":12}},"loc":{"start":{"line":63,"column":17},"end":{"line":67,"column":3}},"line":63}},"branchMap":{"0":{"loc":{"start":{"line":58,"column":4},"end":{"line":60,"column":5}},"type":"if","locations":[{"start":{"line":58,"column":4},"end":{"line":60,"column":5}},{"start":{"line":58,"column":4},"end":{"line":60,"column":5}}],"line":58}},"s":{"0":1,"1":1,"2":5,"3":5,"4":2,"5":1,"6":5},"f":{"0":1,"1":5,"2":2,"3":5},"b":{"0":[1,1]},"_coverageSchema":"332fd63041d2c1bcb487cc26dd0d5f7d97098a6c","hash":"30d74fe978f3883e08e657bf570690db3e39e279"}
,"/Users/burczu/WORK/OpenSource/polskifrontend-front/src/components/Html.js": {"path":"/Users/burczu/WORK/OpenSource/polskifrontend-front/src/components/Html.js","statementMap":{"0":{"start":{"line":36,"column":57},"end":{"line":36,"column":67}},"1":{"start":{"line":37,"column":4},"end":{"line":84,"column":6}},"2":{"start":{"line":50,"column":12},"end":{"line":54,"column":14}},"3":{"start":{"line":70,"column":33},"end":{"line":70,"column":69}}},"fnMap":{"0":{"name":"(anonymous_0)","decl":{"start":{"line":35,"column":11},"end":{"line":35,"column":12}},"loc":{"start":{"line":35,"column":17},"end":{"line":85,"column":3}},"line":35},"1":{"name":"(anonymous_1)","decl":{"start":{"line":49,"column":22},"end":{"line":49,"column":23}},"loc":{"start":{"line":50,"column":12},"end":{"line":54,"column":14}},"line":50},"2":{"name":"(anonymous_2)","decl":{"start":{"line":70,"column":23},"end":{"line":70,"column":24}},"loc":{"start":{"line":70,"column":33},"end":{"line":70,"column":69}},"line":70}},"branchMap":{"0":{"loc":{"start":{"line":63,"column":11},"end":{"line":69,"column":11}},"type":"binary-expr","locations":[{"start":{"line":63,"column":11},"end":{"line":63,"column":16}},{"start":{"line":64,"column":12},"end":{"line":68,"column":14}}],"line":63},"1":{"loc":{"start":{"line":71,"column":11},"end":{"line":77,"column":14}},"type":"binary-expr","locations":[{"start":{"line":71,"column":11},"end":{"line":71,"column":38}},{"start":{"line":72,"column":12},"end":{"line":77,"column":14}}],"line":71},"2":{"loc":{"start":{"line":79,"column":11},"end":{"line":80,"column":86}},"type":"binary-expr","locations":[{"start":{"line":79,"column":11},"end":{"line":79,"column":38}},{"start":{"line":80,"column":12},"end":{"line":80,"column":86}}],"line":79}},"s":{"0":4,"1":4,"2":2,"3":2},"f":{"0":4,"1":2,"2":2},"b":{"0":[4,1],"1":[4,4],"2":[4,4]},"_coverageSchema":"332fd63041d2c1bcb487cc26dd0d5f7d97098a6c","hash":"abb7523a877a6419a52bf188e3c63cba1cc66665"}
,"/Users/burczu/WORK/OpenSource/polskifrontend-front/src/components/Cookie/CookieInfo.js": {"path":"/Users/burczu/WORK/OpenSource/polskifrontend-front/src/components/Cookie/CookieInfo.js","statementMap":{"0":{"start":{"line":8,"column":4},"end":{"line":8,"column":17}},"1":{"start":{"line":9,"column":27},"end":{"line":9,"column":57}},"2":{"start":{"line":10,"column":4},"end":{"line":10,"column":61}},"3":{"start":{"line":14,"column":4},"end":{"line":14,"column":87}},"4":{"start":{"line":15,"column":4},"end":{"line":17,"column":7}},"5":{"start":{"line":21,"column":27},"end":{"line":21,"column":115}},"6":{"start":{"line":23,"column":4},"end":{"line":28,"column":6}}},"fnMap":{"0":{"name":"(anonymous_0)","decl":{"start":{"line":7,"column":2},"end":{"line":7,"column":3}},"loc":{"start":{"line":7,"column":21},"end":{"line":11,"column":3}},"line":7},"1":{"name":"(anonymous_1)","decl":{"start":{"line":13,"column":14},"end":{"line":13,"column":15}},"loc":{"start":{"line":13,"column":20},"end":{"line":18,"column":3}},"line":13},"2":{"name":"(anonymous_2)","decl":{"start":{"line":20,"column":2},"end":{"line":20,"column":3}},"loc":{"start":{"line":20,"column":11},"end":{"line":29,"column":3}},"line":20}},"branchMap":{"0":{"loc":{"start":{"line":10,"column":35},"end":{"line":10,"column":58}},"type":"binary-expr","locations":[{"start":{"line":10,"column":35},"end":{"line":10,"column":49}},{"start":{"line":10,"column":53},"end":{"line":10,"column":58}}],"line":10},"1":{"loc":{"start":{"line":21,"column":50},"end":{"line":21,"column":113}},"type":"cond-expr","locations":[{"start":{"line":21,"column":78},"end":{"line":21,"column":108}},{"start":{"line":21,"column":111},"end":{"line":21,"column":113}}],"line":21}},"s":{"0":10,"1":10,"2":10,"3":2,"4":2,"5":12,"6":12},"f":{"0":10,"1":2,"2":12},"b":{"0":[10,9],"1":[3,9]},"_coverageSchema":"332fd63041d2c1bcb487cc26dd0d5f7d97098a6c","hash":"a07ac6d00beb09b4acd803312d82d1e6529ecf73"}
,"/Users/burczu/WORK/OpenSource/polskifrontend-front/src/components/Footer/Footer.js": {"path":"/Users/burczu/WORK/OpenSource/polskifrontend-front/src/components/Footer/Footer.js","statementMap":{"0":{"start":{"line":9,"column":4},"end":{"line":13,"column":6}}},"fnMap":{"0":{"name":"(anonymous_0)","decl":{"start":{"line":8,"column":11},"end":{"line":8,"column":12}},"loc":{"start":{"line":8,"column":17},"end":{"line":14,"column":3}},"line":8}},"branchMap":{},"s":{"0":7},"f":{"0":7},"b":{},"_coverageSchema":"332fd63041d2c1bcb487cc26dd0d5f7d97098a6c","hash":"15482452f6cb1085493663190df6c6923ec14963"}
,"/Users/burczu/WORK/OpenSource/polskifrontend-front/src/components/Header/Header.js": {"path":"/Users/burczu/WORK/OpenSource/polskifrontend-front/src/components/Header/Header.js","statementMap":{"0":{"start":{"line":14,"column":4},"end":{"line":16,"column":5}},"1":{"start":{"line":15,"column":6},"end":{"line":15,"column":77}},"2":{"start":{"line":15,"column":51},"end":{"line":15,"column":75}},"3":{"start":{"line":20,"column":4},"end":{"line":22,"column":5}},"4":{"start":{"line":21,"column":6},"end":{"line":21,"column":80}},"5":{"start":{"line":21,"column":54},"end":{"line":21,"column":78}},"6":{"start":{"line":27,"column":19},"end":{"line":27,"column":51}},"7":{"start":{"line":28,"column":22},"end":{"line":28,"column":84}},"8":{"start":{"line":29,"column":21},"end":{"line":29,"column":36}},"9":{"start":{"line":31,"column":4},"end":{"line":31,"column":32}},"10":{"start":{"line":35,"column":27},"end":{"line":35,"column":102}},"11":{"start":{"line":37,"column":4},"end":{"line":46,"column":6}}},"fnMap":{"0":{"name":"(anonymous_0)","decl":{"start":{"line":13,"column":22},"end":{"line":13,"column":23}},"loc":{"start":{"line":13,"column":28},"end":{"line":17,"column":3}},"line":13},"1":{"name":"(anonymous_1)","decl":{"start":{"line":15,"column":40},"end":{"line":15,"column":41}},"loc":{"start":{"line":15,"column":51},"end":{"line":15,"column":75}},"line":15},"2":{"name":"(anonymous_2)","decl":{"start":{"line":19,"column":25},"end":{"line":19,"column":26}},"loc":{"start":{"line":19,"column":31},"end":{"line":23,"column":3}},"line":19},"3":{"name":"(anonymous_3)","decl":{"start":{"line":21,"column":43},"end":{"line":21,"column":44}},"loc":{"start":{"line":21,"column":54},"end":{"line":21,"column":78}},"line":21},"4":{"name":"(anonymous_4)","decl":{"start":{"line":25,"column":17},"end":{"line":25,"column":18}},"loc":{"start":{"line":25,"column":28},"end":{"line":32,"column":3}},"line":25},"5":{"name":"(anonymous_5)","decl":{"start":{"line":34,"column":11},"end":{"line":34,"column":12}},"loc":{"start":{"line":34,"column":17},"end":{"line":47,"column":3}},"line":34}},"branchMap":{"0":{"loc":{"start":{"line":14,"column":4},"end":{"line":16,"column":5}},"type":"if","locations":[{"start":{"line":14,"column":4},"end":{"line":16,"column":5}},{"start":{"line":14,"column":4},"end":{"line":16,"column":5}}],"line":14},"1":{"loc":{"start":{"line":20,"column":4},"end":{"line":22,"column":5}},"type":"if","locations":[{"start":{"line":20,"column":4},"end":{"line":22,"column":5}},{"start":{"line":20,"column":4},"end":{"line":22,"column":5}}],"line":20},"2":{"loc":{"start":{"line":27,"column":19},"end":{"line":27,"column":51}},"type":"binary-expr","locations":[{"start":{"line":27,"column":19},"end":{"line":27,"column":31}},{"start":{"line":27,"column":35},"end":{"line":27,"column":51}}],"line":27},"3":{"loc":{"start":{"line":28,"column":22},"end":{"line":28,"column":84}},"type":"binary-expr","locations":[{"start":{"line":28,"column":22},"end":{"line":28,"column":54}},{"start":{"line":28,"column":58},"end":{"line":28,"column":79}},{"start":{"line":28,"column":83},"end":{"line":28,"column":84}}],"line":28},"4":{"loc":{"start":{"line":35,"column":47},"end":{"line":35,"column":100}},"type":"cond-expr","locations":[{"start":{"line":35,"column":69},"end":{"line":35,"column":95}},{"start":{"line":35,"column":98},"end":{"line":35,"column":100}}],"line":35}},"s":{"0":12,"1":12,"2":1,"3":2,"4":2,"5":0,"6":1,"7":1,"8":1,"9":1,"10":13,"11":13},"f":{"0":12,"1":1,"2":2,"3":0,"4":1,"5":13},"b":{"0":[12,0],"1":[2,0],"2":[1,0],"3":[1,0,0],"4":[1,12]},"_coverageSchema":"332fd63041d2c1bcb487cc26dd0d5f7d97098a6c","hash":"c87b3cf95b17208dce34971de8c6745965bc1704"}
,"/Users/burczu/WORK/OpenSource/polskifrontend-front/src/components/Indicators/Loader.js": {"path":"/Users/burczu/WORK/OpenSource/polskifrontend-front/src/components/Indicators/Loader.js","statementMap":{"0":{"start":{"line":7,"column":22},"end":{"line":17,"column":1}},"1":{"start":{"line":9,"column":4},"end":{"line":9,"column":62}},"2":{"start":{"line":12,"column":2},"end":{"line":16,"column":4}},"3":{"start":{"line":19,"column":0},"end":{"line":22,"column":2}}},"fnMap":{"0":{"name":"(anonymous_0)","decl":{"start":{"line":7,"column":22},"end":{"line":7,"column":23}},"loc":{"start":{"line":7,"column":33},"end":{"line":17,"column":1}},"line":7}},"branchMap":{"0":{"loc":{"start":{"line":14,"column":7},"end":{"line":14,"column":48}},"type":"cond-expr","locations":[{"start":{"line":14,"column":25},"end":{"line":14,"column":31}},{"start":{"line":14,"column":34},"end":{"line":14,"column":48}}],"line":14}},"s":{"0":3,"1":4,"2":4,"3":3},"f":{"0":4},"b":{"0":[1,3]},"_coverageSchema":"332fd63041d2c1bcb487cc26dd0d5f7d97098a6c","hash":"ba05c3323fa95b87c987cc65a43dbafe2e3a4e51"}
,"/Users/burczu/WORK/OpenSource/polskifrontend-front/src/components/Indicators/Message.js": {"path":"/Users/burczu/WORK/OpenSource/polskifrontend-front/src/components/Indicators/Message.js","statementMap":{"0":{"start":{"line":17,"column":33},"end":{"line":17,"column":43}},"1":{"start":{"line":18,"column":26},"end":{"line":18,"column":36}},"2":{"start":{"line":20,"column":4},"end":{"line":22,"column":5}},"3":{"start":{"line":21,"column":6},"end":{"line":21,"column":40}},"4":{"start":{"line":24,"column":4},"end":{"line":28,"column":5}},"5":{"start":{"line":25,"column":6},"end":{"line":27,"column":9}},"6":{"start":{"line":30,"column":4},"end":{"line":36,"column":5}},"7":{"start":{"line":31,"column":6},"end":{"line":35,"column":15}},"8":{"start":{"line":32,"column":8},"end":{"line":34,"column":11}},"9":{"start":{"line":40,"column":30},"end":{"line":40,"column":40}},"10":{"start":{"line":41,"column":21},"end":{"line":41,"column":36}},"11":{"start":{"line":43,"column":4},"end":{"line":53,"column":5}},"12":{"start":{"line":45,"column":8},"end":{"line":45,"column":71}},"13":{"start":{"line":46,"column":8},"end":{"line":46,"column":14}},"14":{"start":{"line":48,"column":8},"end":{"line":48,"column":73}},"15":{"start":{"line":49,"column":8},"end":{"line":49,"column":14}},"16":{"start":{"line":51,"column":8},"end":{"line":51,"column":70}},"17":{"start":{"line":52,"column":8},"end":{"line":52,"column":14}},"18":{"start":{"line":55,"column":4},"end":{"line":57,"column":5}},"19":{"start":{"line":56,"column":6},"end":{"line":56,"column":66}},"20":{"start":{"line":59,"column":4},"end":{"line":63,"column":6}}},"fnMap":{"0":{"name":"(anonymous_0)","decl":{"start":{"line":16,"column":23},"end":{"line":16,"column":24}},"loc":{"start":{"line":16,"column":49},"end":{"line":37,"column":3}},"line":16},"1":{"name":"(anonymous_1)","decl":{"start":{"line":31,"column":39},"end":{"line":31,"column":40}},"loc":{"start":{"line":31,"column":45},"end":{"line":35,"column":7}},"line":31},"2":{"name":"(anonymous_2)","decl":{"start":{"line":39,"column":11},"end":{"line":39,"column":12}},"loc":{"start":{"line":39,"column":17},"end":{"line":64,"column":3}},"line":39}},"branchMap":{"0":{"loc":{"start":{"line":20,"column":4},"end":{"line":22,"column":5}},"type":"if","locations":[{"start":{"line":20,"column":4},"end":{"line":22,"column":5}},{"start":{"line":20,"column":4},"end":{"line":22,"column":5}}],"line":20},"1":{"loc":{"start":{"line":24,"column":4},"end":{"line":28,"column":5}},"type":"if","locations":[{"start":{"line":24,"column":4},"end":{"line":28,"column":5}},{"start":{"line":24,"column":4},"end":{"line":28,"column":5}}],"line":24},"2":{"loc":{"start":{"line":30,"column":4},"end":{"line":36,"column":5}},"type":"if","locations":[{"start":{"line":30,"column":4},"end":{"line":36,"column":5}},{"start":{"line":30,"column":4},"end":{"line":36,"column":5}}],"line":30},"3":{"loc":{"start":{"line":30,"column":8},"end":{"line":30,"column":64}},"type":"binary-expr","locations":[{"start":{"line":30,"column":8},"end":{"line":30,"column":44}},{"start":{"line":30,"column":48},"end":{"line":30,"column":64}}],"line":30},"4":{"loc":{"start":{"line":43,"column":4},"end":{"line":53,"column":5}},"type":"switch","locations":[{"start":{"line":44,"column":6},"end":{"line":46,"column":14}},{"start":{"line":47,"column":6},"end":{"line":49,"column":14}},{"start":{"line":50,"column":6},"end":{"line":52,"column":14}}],"line":43},"5":{"loc":{"start":{"line":55,"column":4},"end":{"line":57,"column":5}},"type":"if","locations":[{"start":{"line":55,"column":4},"end":{"line":57,"column":5}},{"start":{"line":55,"column":4},"end":{"line":57,"column":5}}],"line":55}},"s":{"0":6,"1":6,"2":6,"3":1,"4":6,"5":1,"6":6,"7":4,"8":1,"9":19,"10":19,"11":19,"12":1,"13":1,"14":1,"15":1,"16":17,"17":17,"18":19,"19":11,"20":19},"f":{"0":6,"1":1,"2":19},"b":{"0":[1,5],"1":[1,5],"2":[4,2],"3":[6,4],"4":[1,1,17],"5":[11,8]},"_coverageSchema":"332fd63041d2c1bcb487cc26dd0d5f7d97098a6c","hash":"3474705d7d19c044e84e25f36046f83e36081d8a"}
,"/Users/burczu/WORK/OpenSource/polskifrontend-front/src/components/Layout/HeaderSettings.js": {"path":"/Users/burczu/WORK/OpenSource/polskifrontend-front/src/components/Layout/HeaderSettings.js","statementMap":{"0":{"start":{"line":6,"column":23},"end":{"line":17,"column":1}},"1":{"start":{"line":7,"column":2},"end":{"line":16,"column":4}},"2":{"start":{"line":19,"column":0},"end":{"line":23,"column":2}}},"fnMap":{"0":{"name":"(anonymous_0)","decl":{"start":{"line":6,"column":23},"end":{"line":6,"column":24}},"loc":{"start":{"line":6,"column":34},"end":{"line":17,"column":1}},"line":6}},"branchMap":{},"s":{"0":3,"1":3,"2":3},"f":{"0":3},"b":{},"_coverageSchema":"332fd63041d2c1bcb487cc26dd0d5f7d97098a6c","hash":"f0b167f49888eb6185af09498031ec1750ab4764"}
,"/Users/burczu/WORK/OpenSource/polskifrontend-front/src/components/Layout/Layout.js": {"path":"/Users/burczu/WORK/OpenSource/polskifrontend-front/src/components/Layout/Layout.js","statementMap":{"0":{"start":{"line":24,"column":40},"end":{"line":24,"column":50}},"1":{"start":{"line":25,"column":26},"end":{"line":25,"column":68}},"2":{"start":{"line":26,"column":26},"end":{"line":26,"column":49}},"3":{"start":{"line":28,"column":25},"end":{"line":31,"column":6}},"4":{"start":{"line":29,"column":23},"end":{"line":29,"column":42}},"5":{"start":{"line":30,"column":6},"end":{"line":30,"column":73}},"6":{"start":{"line":33,"column":4},"end":{"line":33,"column":31}},"7":{"start":{"line":37,"column":4},"end":{"line":48,"column":6}}},"fnMap":{"0":{"name":"(anonymous_0)","decl":{"start":{"line":23,"column":17},"end":{"line":23,"column":18}},"loc":{"start":{"line":23,"column":23},"end":{"line":34,"column":3}},"line":23},"1":{"name":"(anonymous_1)","decl":{"start":{"line":28,"column":44},"end":{"line":28,"column":45}},"loc":{"start":{"line":28,"column":52},"end":{"line":31,"column":5}},"line":28},"2":{"name":"(anonymous_2)","decl":{"start":{"line":36,"column":11},"end":{"line":36,"column":12}},"loc":{"start":{"line":36,"column":17},"end":{"line":49,"column":3}},"line":36}},"branchMap":{"0":{"loc":{"start":{"line":30,"column":13},"end":{"line":30,"column":72}},"type":"binary-expr","locations":[{"start":{"line":30,"column":13},"end":{"line":30,"column":37}},{"start":{"line":30,"column":41},"end":{"line":30,"column":72}}],"line":30}},"s":{"0":6,"1":6,"2":6,"3":6,"4":6,"5":6,"6":6,"7":6},"f":{"0":6,"1":6,"2":6},"b":{"0":[6,6]},"_coverageSchema":"332fd63041d2c1bcb487cc26dd0d5f7d97098a6c","hash":"708825cb5b2c2c5335d2028654da8db952796d42"}
,"/Users/burczu/WORK/OpenSource/polskifrontend-front/src/components/Layout/TopHomeLinks.js": {"path":"/Users/burczu/WORK/OpenSource/polskifrontend-front/src/components/Layout/TopHomeLinks.js","statementMap":{"0":{"start":{"line":7,"column":21},"end":{"line":46,"column":1}},"1":{"start":{"line":8,"column":2},"end":{"line":45,"column":4}},"2":{"start":{"line":48,"column":0},"end":{"line":50,"column":2}}},"fnMap":{"0":{"name":"(anonymous_0)","decl":{"start":{"line":7,"column":21},"end":{"line":7,"column":22}},"loc":{"start":{"line":7,"column":30},"end":{"line":46,"column":1}},"line":7}},"branchMap":{"0":{"loc":{"start":{"line":16,"column":13},"end":{"line":18,"column":80}},"type":"cond-expr","locations":[{"start":{"line":17,"column":16},"end":{"line":17,"column":20}},{"start":{"line":18,"column":16},"end":{"line":18,"column":80}}],"line":16}},"s":{"0":2,"1":12,"2":2},"f":{"0":12},"b":{"0":[5,7]},"_coverageSchema":"332fd63041d2c1bcb487cc26dd0d5f7d97098a6c","hash":"5ea4df415233f436a8f4ccef61df181022c9fff5"}
,"/Users/burczu/WORK/OpenSource/polskifrontend-front/src/components/Layout/TopHomePanel.js": {"path":"/Users/burczu/WORK/OpenSource/polskifrontend-front/src/components/Layout/TopHomePanel.js","statementMap":{"0":{"start":{"line":9,"column":21},"end":{"line":25,"column":1}},"1":{"start":{"line":10,"column":2},"end":{"line":24,"column":4}}},"fnMap":{"0":{"name":"(anonymous_0)","decl":{"start":{"line":9,"column":21},"end":{"line":9,"column":22}},"loc":{"start":{"line":9,"column":27},"end":{"line":25,"column":1}},"line":9}},"branchMap":{},"s":{"0":2,"1":8},"f":{"0":8},"b":{},"_coverageSchema":"332fd63041d2c1bcb487cc26dd0d5f7d97098a6c","hash":"744ba02c899ebda99113a2abd13b9d6aeef6f3d7"}
,"/Users/burczu/WORK/OpenSource/polskifrontend-front/src/components/Link/Link.js": {"path":"/Users/burczu/WORK/OpenSource/polskifrontend-front/src/components/Link/Link.js","statementMap":{"0":{"start":{"line":5,"column":32},"end":{"line":7,"column":1}},"1":{"start":{"line":6,"column":2},"end":{"line":6,"column":28}},"2":{"start":{"line":9,"column":31},"end":{"line":11,"column":1}},"3":{"start":{"line":10,"column":2},"end":{"line":10,"column":78}},"4":{"start":{"line":25,"column":4},"end":{"line":27,"column":5}},"5":{"start":{"line":26,"column":6},"end":{"line":26,"column":32}},"6":{"start":{"line":29,"column":4},"end":{"line":31,"column":5}},"7":{"start":{"line":30,"column":6},"end":{"line":30,"column":13}},"8":{"start":{"line":33,"column":4},"end":{"line":35,"column":5}},"9":{"start":{"line":34,"column":6},"end":{"line":34,"column":13}},"10":{"start":{"line":37,"column":4},"end":{"line":37,"column":27}},"11":{"start":{"line":38,"column":4},"end":{"line":38,"column":32}},"12":{"start":{"line":42,"column":39},"end":{"line":42,"column":49}},"13":{"start":{"line":43,"column":4},"end":{"line":43,"column":77}}},"fnMap":{"0":{"name":"(anonymous_0)","decl":{"start":{"line":5,"column":32},"end":{"line":5,"column":33}},"loc":{"start":{"line":5,"column":43},"end":{"line":7,"column":1}},"line":5},"1":{"name":"(anonymous_1)","decl":{"start":{"line":9,"column":31},"end":{"line":9,"column":32}},"loc":{"start":{"line":9,"column":42},"end":{"line":11,"column":1}},"line":9},"2":{"name":"(anonymous_2)","decl":{"start":{"line":24,"column":16},"end":{"line":24,"column":17}},"loc":{"start":{"line":24,"column":27},"end":{"line":39,"column":3}},"line":24},"3":{"name":"(anonymous_3)","decl":{"start":{"line":41,"column":11},"end":{"line":41,"column":12}},"loc":{"start":{"line":41,"column":17},"end":{"line":44,"column":3}},"line":41}},"branchMap":{"0":{"loc":{"start":{"line":10,"column":12},"end":{"line":10,"column":76}},"type":"binary-expr","locations":[{"start":{"line":10,"column":12},"end":{"line":10,"column":25}},{"start":{"line":10,"column":29},"end":{"line":10,"column":41}},{"start":{"line":10,"column":45},"end":{"line":10,"column":58}},{"start":{"line":10,"column":62},"end":{"line":10,"column":76}}],"line":10},"1":{"loc":{"start":{"line":25,"column":4},"end":{"line":27,"column":5}},"type":"if","locations":[{"start":{"line":25,"column":4},"end":{"line":27,"column":5}},{"start":{"line":25,"column":4},"end":{"line":27,"column":5}}],"line":25},"2":{"loc":{"start":{"line":29,"column":4},"end":{"line":31,"column":5}},"type":"if","locations":[{"start":{"line":29,"column":4},"end":{"line":31,"column":5}},{"start":{"line":29,"column":4},"end":{"line":31,"column":5}}],"line":29},"3":{"loc":{"start":{"line":29,"column":8},"end":{"line":29,"column":58}},"type":"binary-expr","locations":[{"start":{"line":29,"column":8},"end":{"line":29,"column":30}},{"start":{"line":29,"column":34},"end":{"line":29,"column":58}}],"line":29},"4":{"loc":{"start":{"line":33,"column":4},"end":{"line":35,"column":5}},"type":"if","locations":[{"start":{"line":33,"column":4},"end":{"line":35,"column":5}},{"start":{"line":33,"column":4},"end":{"line":35,"column":5}}],"line":33}},"s":{"0":8,"1":9,"2":8,"3":13,"4":8,"5":8,"6":8,"7":6,"8":2,"9":0,"10":2,"11":2,"12":65,"13":65},"f":{"0":9,"1":13,"2":8,"3":65},"b":{"0":[13,11,10,9],"1":[8,0],"2":[6,2],"3":[8,7],"4":[0,2]},"_coverageSchema":"332fd63041d2c1bcb487cc26dd0d5f7d97098a6c","hash":"544ceece610fa31f017d64a72c2c68dfcbd13a3f"}
,"/Users/burczu/WORK/OpenSource/polskifrontend-front/src/components/Modals/Confirm.js": {"path":"/Users/burczu/WORK/OpenSource/polskifrontend-front/src/components/Modals/Confirm.js","statementMap":{"0":{"start":{"line":7,"column":23},"end":{"line":25,"column":1}},"1":{"start":{"line":8,"column":25},"end":{"line":8,"column":101}},"2":{"start":{"line":9,"column":17},"end":{"line":9,"column":71}},"3":{"start":{"line":11,"column":2},"end":{"line":24,"column":4}},"4":{"start":{"line":27,"column":0},"end":{"line":33,"column":2}}},"fnMap":{"0":{"name":"(anonymous_0)","decl":{"start":{"line":7,"column":23},"end":{"line":7,"column":24}},"loc":{"start":{"line":7,"column":34},"end":{"line":25,"column":1}},"line":7}},"branchMap":{"0":{"loc":{"start":{"line":8,"column":48},"end":{"line":8,"column":99}},"type":"cond-expr","locations":[{"start":{"line":8,"column":66},"end":{"line":8,"column":94}},{"start":{"line":8,"column":97},"end":{"line":8,"column":99}}],"line":8},"1":{"loc":{"start":{"line":9,"column":17},"end":{"line":9,"column":71}},"type":"cond-expr","locations":[{"start":{"line":9,"column":32},"end":{"line":9,"column":44}},{"start":{"line":9,"column":47},"end":{"line":9,"column":71}}],"line":9}},"s":{"0":1,"1":7,"2":7,"3":7,"4":1},"f":{"0":7},"b":{"0":[6,1],"1":[1,6]},"_coverageSchema":"332fd63041d2c1bcb487cc26dd0d5f7d97098a6c","hash":"c1b052654652c8ed65eafaf76eaf0d8e3afd672c"}
,"/Users/burczu/WORK/OpenSource/polskifrontend-front/src/components/Page/Page.js": {"path":"/Users/burczu/WORK/OpenSource/polskifrontend-front/src/components/Page/Page.js","statementMap":{"0":{"start":{"line":13,"column":28},"end":{"line":13,"column":38}},"1":{"start":{"line":14,"column":4},"end":{"line":24,"column":6}}},"fnMap":{"0":{"name":"(anonymous_0)","decl":{"start":{"line":12,"column":11},"end":{"line":12,"column":12}},"loc":{"start":{"line":12,"column":17},"end":{"line":25,"column":3}},"line":12}},"branchMap":{},"s":{"0":2,"1":2},"f":{"0":2},"b":{},"_coverageSchema":"332fd63041d2c1bcb487cc26dd0d5f7d97098a6c","hash":"29035b5f03a66e4d496b439238f85ff57d183cd4"}
,"/Users/burczu/WORK/OpenSource/polskifrontend-front/src/components/Responsive/ResponsiveContainer.js": {"path":"/Users/burczu/WORK/OpenSource/polskifrontend-front/src/components/Responsive/ResponsiveContainer.js","statementMap":{"0":{"start":{"line":6,"column":35},"end":{"line":14,"column":1}},"1":{"start":{"line":7,"column":21},"end":{"line":7,"column":96}},"2":{"start":{"line":9,"column":2},"end":{"line":13,"column":4}},"3":{"start":{"line":16,"column":0},"end":{"line":19,"column":2}}},"fnMap":{"0":{"name":"(anonymous_0)","decl":{"start":{"line":6,"column":35},"end":{"line":6,"column":36}},"loc":{"start":{"line":6,"column":46},"end":{"line":14,"column":1}},"line":6}},"branchMap":{"0":{"loc":{"start":{"line":7,"column":21},"end":{"line":7,"column":96}},"type":"cond-expr","locations":[{"start":{"line":7,"column":39},"end":{"line":7,"column":78}},{"start":{"line":7,"column":81},"end":{"line":7,"column":96}}],"line":7}},"s":{"0":6,"1":5,"2":5,"3":6},"f":{"0":5},"b":{"0":[3,2]},"_coverageSchema":"332fd63041d2c1bcb487cc26dd0d5f7d97098a6c","hash":"211972542df67cd629f456255b0f742cb3b323e3"}
,"/Users/burczu/WORK/OpenSource/polskifrontend-front/src/components/Responsive/ResponsivePanel.js": {"path":"/Users/burczu/WORK/OpenSource/polskifrontend-front/src/components/Responsive/ResponsivePanel.js","statementMap":{"0":{"start":{"line":8,"column":31},"end":{"line":26,"column":1}},"1":{"start":{"line":9,"column":2},"end":{"line":25,"column":4}},"2":{"start":{"line":28,"column":0},"end":{"line":36,"column":2}}},"fnMap":{"0":{"name":"(anonymous_0)","decl":{"start":{"line":8,"column":31},"end":{"line":8,"column":32}},"loc":{"start":{"line":8,"column":42},"end":{"line":26,"column":1}},"line":8}},"branchMap":{},"s":{"0":5,"1":11,"2":5},"f":{"0":11},"b":{},"_coverageSchema":"332fd63041d2c1bcb487cc26dd0d5f7d97098a6c","hash":"abb623c1e67090b409aeff39863d3a4b57af9730"}
,"/Users/burczu/WORK/OpenSource/polskifrontend-front/src/components/Responsive/ResponsivePanelHeader.js": {"path":"/Users/burczu/WORK/OpenSource/polskifrontend-front/src/components/Responsive/ResponsivePanelHeader.js","statementMap":{"0":{"start":{"line":8,"column":37},"end":{"line":31,"column":1}},"1":{"start":{"line":9,"column":14},"end":{"line":15,"column":10}},"2":{"start":{"line":17,"column":2},"end":{"line":23,"column":3}},"3":{"start":{"line":18,"column":4},"end":{"line":22,"column":6}},"4":{"start":{"line":25,"column":2},"end":{"line":30,"column":4}},"5":{"start":{"line":33,"column":0},"end":{"line":38,"column":2}}},"fnMap":{"0":{"name":"(anonymous_0)","decl":{"start":{"line":8,"column":37},"end":{"line":8,"column":38}},"loc":{"start":{"line":8,"column":48},"end":{"line":31,"column":1}},"line":8}},"branchMap":{"0":{"loc":{"start":{"line":9,"column":14},"end":{"line":15,"column":10}},"type":"cond-expr","locations":[{"start":{"line":10,"column":4},"end":{"line":14,"column":49}},{"start":{"line":15,"column":6},"end":{"line":15,"column":10}}],"line":9},"1":{"loc":{"start":{"line":9,"column":14},"end":{"line":9,"column":44}},"type":"binary-expr","locations":[{"start":{"line":9,"column":14},"end":{"line":9,"column":29}},{"start":{"line":9,"column":33},"end":{"line":9,"column":44}}],"line":9},"2":{"loc":{"start":{"line":17,"column":2},"end":{"line":23,"column":3}},"type":"if","locations":[{"start":{"line":17,"column":2},"end":{"line":23,"column":3}},{"start":{"line":17,"column":2},"end":{"line":23,"column":3}}],"line":17},"3":{"loc":{"start":{"line":17,"column":6},"end":{"line":17,"column":37}},"type":"binary-expr","locations":[{"start":{"line":17,"column":6},"end":{"line":17,"column":16}},{"start":{"line":17,"column":20},"end":{"line":17,"column":37}}],"line":17}},"s":{"0":6,"1":9,"2":9,"3":3,"4":9,"5":6},"f":{"0":9},"b":{"0":[6,3],"1":[9,7],"2":[3,6],"3":[9,3]},"_coverageSchema":"332fd63041d2c1bcb487cc26dd0d5f7d97098a6c","hash":"447928ca66cf1fe6d933ba3034910a83f3e8d7b1"}
,"/Users/burczu/WORK/OpenSource/polskifrontend-front/src/constants/index.js": {"path":"/Users/burczu/WORK/OpenSource/polskifrontend-front/src/constants/index.js","statementMap":{"0":{"start":{"line":8,"column":37},"end":{"line":8,"column":67}},"1":{"start":{"line":16,"column":38},"end":{"line":16,"column":69}},"2":{"start":{"line":18,"column":34},"end":{"line":18,"column":61}},"3":{"start":{"line":19,"column":42},"end":{"line":19,"column":77}},"4":{"start":{"line":20,"column":42},"end":{"line":20,"column":77}},"5":{"start":{"line":21,"column":40},"end":{"line":21,"column":73}},"6":{"start":{"line":23,"column":37},"end":{"line":23,"column":67}},"7":{"start":{"line":24,"column":45},"end":{"line":24,"column":83}},"8":{"start":{"line":25,"column":45},"end":{"line":25,"column":83}},"9":{"start":{"line":26,"column":43},"end":{"line":26,"column":79}},"10":{"start":{"line":28,"column":40},"end":{"line":28,"column":73}},"11":{"start":{"line":29,"column":40},"end":{"line":29,"column":73}},"12":{"start":{"line":32,"column":34},"end":{"line":32,"column":61}},"13":{"start":{"line":33,"column":40},"end":{"line":33,"column":73}},"14":{"start":{"line":34,"column":36},"end":{"line":34,"column":65}},"15":{"start":{"line":35,"column":42},"end":{"line":35,"column":77}},"16":{"start":{"line":36,"column":38},"end":{"line":36,"column":69}},"17":{"start":{"line":38,"column":40},"end":{"line":38,"column":73}},"18":{"start":{"line":39,"column":48},"end":{"line":39,"column":89}},"19":{"start":{"line":40,"column":46},"end":{"line":40,"column":85}},"20":{"start":{"line":42,"column":34},"end":{"line":42,"column":61}},"21":{"start":{"line":45,"column":37},"end":{"line":45,"column":67}},"22":{"start":{"line":46,"column":43},"end":{"line":46,"column":79}},"23":{"start":{"line":47,"column":38},"end":{"line":47,"column":69}},"24":{"start":{"line":48,"column":44},"end":{"line":48,"column":81}},"25":{"start":{"line":49,"column":40},"end":{"line":49,"column":73}},"26":{"start":{"line":51,"column":29},"end":{"line":51,"column":51}},"27":{"start":{"line":52,"column":37},"end":{"line":52,"column":67}},"28":{"start":{"line":53,"column":35},"end":{"line":53,"column":63}},"29":{"start":{"line":55,"column":36},"end":{"line":55,"column":65}},"30":{"start":{"line":58,"column":38},"end":{"line":58,"column":69}},"31":{"start":{"line":60,"column":29},"end":{"line":60,"column":51}},"32":{"start":{"line":61,"column":37},"end":{"line":61,"column":67}},"33":{"start":{"line":62,"column":35},"end":{"line":62,"column":63}},"34":{"start":{"line":65,"column":42},"end":{"line":65,"column":77}},"35":{"start":{"line":67,"column":36},"end":{"line":67,"column":65}},"36":{"start":{"line":68,"column":44},"end":{"line":68,"column":81}},"37":{"start":{"line":69,"column":42},"end":{"line":69,"column":77}}},"fnMap":{},"branchMap":{},"s":{"0":26,"1":26,"2":26,"3":26,"4":26,"5":26,"6":26,"7":26,"8":26,"9":26,"10":26,"11":26,"12":26,"13":26,"14":26,"15":26,"16":26,"17":26,"18":26,"19":26,"20":26,"21":26,"22":26,"23":26,"24":26,"25":26,"26":26,"27":26,"28":26,"29":26,"30":26,"31":26,"32":26,"33":26,"34":26,"35":26,"36":26,"37":26},"f":{},"b":{},"_coverageSchema":"332fd63041d2c1bcb487cc26dd0d5f7d97098a6c","hash":"e3741b4a3f81370571eaf5f09351c14b08967428"}
,"/Users/burczu/WORK/OpenSource/polskifrontend-front/src/core/devUtils.js": {"path":"/Users/burczu/WORK/OpenSource/polskifrontend-front/src/core/devUtils.js","statementMap":{"0":{"start":{"line":12,"column":0},"end":{"line":22,"column":1}},"1":{"start":{"line":13,"column":2},"end":{"line":21,"column":4}}},"fnMap":{},"branchMap":{"0":{"loc":{"start":{"line":12,"column":0},"end":{"line":22,"column":1}},"type":"if","locations":[{"start":{"line":12,"column":0},"end":{"line":22,"column":1}},{"start":{"line":12,"column":0},"end":{"line":22,"column":1}}],"line":12},"1":{"loc":{"start":{"line":12,"column":4},"end":{"line":12,"column":25}},"type":"binary-expr","locations":[{"start":{"line":12,"column":4},"end":{"line":12,"column":14}},{"start":{"line":12,"column":18},"end":{"line":12,"column":25}}],"line":12}},"s":{"0":1,"1":1},"f":{},"b":{"0":[1,0],"1":[1,1]},"_coverageSchema":"332fd63041d2c1bcb487cc26dd0d5f7d97098a6c","hash":"44f87f3a855630816b177ad4bbf0b86f02c5ea20"}
,"/Users/burczu/WORK/OpenSource/polskifrontend-front/src/core/history.js": {"path":"/Users/burczu/WORK/OpenSource/polskifrontend-front/src/core/history.js","statementMap":{},"fnMap":{},"branchMap":{"0":{"loc":{"start":{"line":16,"column":15},"end":{"line":16,"column":64}},"type":"cond-expr","locations":[{"start":{"line":16,"column":37},"end":{"line":16,"column":59}},{"start":{"line":16,"column":62},"end":{"line":16,"column":64}}],"line":16}},"s":{},"f":{},"b":{"0":[1,8]},"_coverageSchema":"332fd63041d2c1bcb487cc26dd0d5f7d97098a6c","hash":"b55f81ccaa2f93f1da4a2072662f6ba8e532af6d"}
,"/Users/burczu/WORK/OpenSource/polskifrontend-front/src/core/helpers/cookieHelper.js": {"path":"/Users/burczu/WORK/OpenSource/polskifrontend-front/src/core/helpers/cookieHelper.js","statementMap":{"0":{"start":{"line":7,"column":4},"end":{"line":11,"column":5}},"1":{"start":{"line":8,"column":6},"end":{"line":8,"column":31}},"2":{"start":{"line":10,"column":6},"end":{"line":10,"column":30}},"3":{"start":{"line":14,"column":4},"end":{"line":16,"column":5}},"4":{"start":{"line":15,"column":6},"end":{"line":15,"column":13}},"5":{"start":{"line":18,"column":4},"end":{"line":18,"column":39}},"6":{"start":{"line":21,"column":4},"end":{"line":23,"column":5}},"7":{"start":{"line":22,"column":6},"end":{"line":22,"column":18}},"8":{"start":{"line":25,"column":4},"end":{"line":25,"column":29}},"9":{"start":{"line":28,"column":4},"end":{"line":30,"column":5}},"10":{"start":{"line":29,"column":6},"end":{"line":29,"column":13}},"11":{"start":{"line":32,"column":4},"end":{"line":32,"column":35}}},"fnMap":{"0":{"name":"(anonymous_0)","decl":{"start":{"line":6,"column":15},"end":{"line":6,"column":16}},"loc":{"start":{"line":6,"column":35},"end":{"line":12,"column":3}},"line":6},"1":{"name":"(anonymous_1)","decl":{"start":{"line":13,"column":7},"end":{"line":13,"column":8}},"loc":{"start":{"line":13,"column":64},"end":{"line":19,"column":3}},"line":13},"2":{"name":"(anonymous_2)","decl":{"start":{"line":20,"column":7},"end":{"line":20,"column":8}},"loc":{"start":{"line":20,"column":17},"end":{"line":26,"column":3}},"line":20},"3":{"name":"(anonymous_3)","decl":{"start":{"line":27,"column":10},"end":{"line":27,"column":11}},"loc":{"start":{"line":27,"column":46},"end":{"line":33,"column":3}},"line":27}},"branchMap":{"0":{"loc":{"start":{"line":7,"column":4},"end":{"line":11,"column":5}},"type":"if","locations":[{"start":{"line":7,"column":4},"end":{"line":11,"column":5}},{"start":{"line":7,"column":4},"end":{"line":11,"column":5}}],"line":7},"1":{"loc":{"start":{"line":13,"column":21},"end":{"line":13,"column":59}},"type":"default-arg","locations":[{"start":{"line":13,"column":32},"end":{"line":13,"column":59}}],"line":13},"2":{"loc":{"start":{"line":14,"column":4},"end":{"line":16,"column":5}},"type":"if","locations":[{"start":{"line":14,"column":4},"end":{"line":16,"column":5}},{"start":{"line":14,"column":4},"end":{"line":16,"column":5}}],"line":14},"3":{"loc":{"start":{"line":21,"column":4},"end":{"line":23,"column":5}},"type":"if","locations":[{"start":{"line":21,"column":4},"end":{"line":23,"column":5}},{"start":{"line":21,"column":4},"end":{"line":23,"column":5}}],"line":21},"4":{"loc":{"start":{"line":27,"column":17},"end":{"line":27,"column":41}},"type":"default-arg","locations":[{"start":{"line":27,"column":28},"end":{"line":27,"column":41}}],"line":27},"5":{"loc":{"start":{"line":28,"column":4},"end":{"line":30,"column":5}},"type":"if","locations":[{"start":{"line":28,"column":4},"end":{"line":30,"column":5}},{"start":{"line":28,"column":4},"end":{"line":30,"column":5}}],"line":28}},"s":{"0":2,"1":1,"2":1,"3":12,"4":9,"5":3,"6":11,"7":10,"8":1,"9":5,"10":3,"11":2},"f":{"0":2,"1":12,"2":11,"3":5},"b":{"0":[1,1],"1":[4],"2":[9,3],"3":[10,1],"4":[4],"5":[3,2]},"_coverageSchema":"332fd63041d2c1bcb487cc26dd0d5f7d97098a6c","hash":"d3aea2c988c7cfa6c45d8f43ce6e238eba193254"}
,"/Users/burczu/WORK/OpenSource/polskifrontend-front/src/core/helpers/dateHelper.js": {"path":"/Users/burczu/WORK/OpenSource/polskifrontend-front/src/core/helpers/dateHelper.js","statementMap":{"0":{"start":{"line":1,"column":15},"end":{"line":1,"column":34}},"1":{"start":{"line":2,"column":16},"end":{"line":2,"column":26}},"2":{"start":{"line":6,"column":16},"end":{"line":6,"column":26}},"3":{"start":{"line":7,"column":4},"end":{"line":9,"column":5}},"4":{"start":{"line":8,"column":6},"end":{"line":8,"column":63}},"5":{"start":{"line":11,"column":4},"end":{"line":11,"column":33}},"6":{"start":{"line":14,"column":16},"end":{"line":14,"column":26}},"7":{"start":{"line":15,"column":4},"end":{"line":17,"column":5}},"8":{"start":{"line":16,"column":6},"end":{"line":16,"column":63}},"9":{"start":{"line":19,"column":4},"end":{"line":19,"column":32}}},"fnMap":{"0":{"name":"(anonymous_0)","decl":{"start":{"line":5,"column":11},"end":{"line":5,"column":12}},"loc":{"start":{"line":5,"column":21},"end":{"line":12,"column":3}},"line":5},"1":{"name":"(anonymous_1)","decl":{"start":{"line":13,"column":14},"end":{"line":13,"column":15}},"loc":{"start":{"line":13,"column":24},"end":{"line":20,"column":3}},"line":13}},"branchMap":{"0":{"loc":{"start":{"line":7,"column":4},"end":{"line":9,"column":5}},"type":"if","locations":[{"start":{"line":7,"column":4},"end":{"line":9,"column":5}},{"start":{"line":7,"column":4},"end":{"line":9,"column":5}}],"line":7},"1":{"loc":{"start":{"line":15,"column":4},"end":{"line":17,"column":5}},"type":"if","locations":[{"start":{"line":15,"column":4},"end":{"line":17,"column":5}},{"start":{"line":15,"column":4},"end":{"line":17,"column":5}}],"line":15}},"s":{"0":2,"1":2,"2":3,"3":3,"4":1,"5":2,"6":3,"7":3,"8":1,"9":2},"f":{"0":3,"1":3},"b":{"0":[1,2],"1":[1,2]},"_coverageSchema":"332fd63041d2c1bcb487cc26dd0d5f7d97098a6c","hash":"6f842cb6e53b82e18125a899c4de24f5b02185c6"}
,"/Users/burczu/WORK/OpenSource/polskifrontend-front/src/core/helpers/loginHelper.js": {"path":"/Users/burczu/WORK/OpenSource/polskifrontend-front/src/core/helpers/loginHelper.js","statementMap":{"0":{"start":{"line":3,"column":19},"end":{"line":3,"column":33}},"1":{"start":{"line":7,"column":4},"end":{"line":7,"column":35}},"2":{"start":{"line":10,"column":4},"end":{"line":10,"column":35}},"3":{"start":{"line":13,"column":4},"end":{"line":13,"column":31}}},"fnMap":{"0":{"name":"(anonymous_0)","decl":{"start":{"line":6,"column":18},"end":{"line":6,"column":19}},"loc":{"start":{"line":6,"column":29},"end":{"line":8,"column":3}},"line":6},"1":{"name":"(anonymous_1)","decl":{"start":{"line":9,"column":17},"end":{"line":9,"column":18}},"loc":{"start":{"line":9,"column":23},"end":{"line":11,"column":3}},"line":9},"2":{"name":"(anonymous_2)","decl":{"start":{"line":12,"column":19},"end":{"line":12,"column":20}},"loc":{"start":{"line":12,"column":25},"end":{"line":14,"column":3}},"line":12}},"branchMap":{},"s":{"0":8,"1":1,"2":1,"3":1},"f":{"0":1,"1":1,"2":1},"b":{},"_coverageSchema":"332fd63041d2c1bcb487cc26dd0d5f7d97098a6c","hash":"f01acd4c9420264ccaa6439f52d3449c1499c797"}
,"/Users/burczu/WORK/OpenSource/polskifrontend-front/src/core/helpers/settingsHelper.js": {"path":"/Users/burczu/WORK/OpenSource/polskifrontend-front/src/core/helpers/settingsHelper.js","statementMap":{"0":{"start":{"line":3,"column":19},"end":{"line":3,"column":47}},"1":{"start":{"line":4,"column":24},"end":{"line":8,"column":1}},"2":{"start":{"line":12,"column":4},"end":{"line":12,"column":84}},"3":{"start":{"line":15,"column":17},"end":{"line":15,"column":40}},"4":{"start":{"line":16,"column":4},"end":{"line":16,"column":35}},"5":{"start":{"line":19,"column":4},"end":{"line":19,"column":31}}},"fnMap":{"0":{"name":"(anonymous_0)","decl":{"start":{"line":11,"column":16},"end":{"line":11,"column":17}},"loc":{"start":{"line":11,"column":30},"end":{"line":13,"column":3}},"line":11},"1":{"name":"(anonymous_1)","decl":{"start":{"line":14,"column":15},"end":{"line":14,"column":16}},"loc":{"start":{"line":14,"column":21},"end":{"line":17,"column":3}},"line":14}},"branchMap":{"0":{"loc":{"start":{"line":16,"column":11},"end":{"line":16,"column":34}},"type":"binary-expr","locations":[{"start":{"line":16,"column":11},"end":{"line":16,"column":15}},{"start":{"line":16,"column":19},"end":{"line":16,"column":34}}],"line":16}},"s":{"0":4,"1":4,"2":5,"3":2,"4":2,"5":1},"f":{"0":5,"1":2},"b":{"0":[2,1]},"_coverageSchema":"332fd63041d2c1bcb487cc26dd0d5f7d97098a6c","hash":"c262f30e764270855b80c0237e3dc3ae108a4c21"}
,"/Users/burczu/WORK/OpenSource/polskifrontend-front/src/core/helpers/validators.js": {"path":"/Users/burczu/WORK/OpenSource/polskifrontend-front/src/core/helpers/validators.js","statementMap":{"0":{"start":{"line":3,"column":20},"end":{"line":3,"column":99}},"1":{"start":{"line":4,"column":4},"end":{"line":4,"column":29}},"2":{"start":{"line":7,"column":20},"end":{"line":7,"column":476}},"3":{"start":{"line":8,"column":4},"end":{"line":8,"column":29}},"4":{"start":{"line":11,"column":4},"end":{"line":13,"column":5}},"5":{"start":{"line":12,"column":6},"end":{"line":12,"column":30}},"6":{"start":{"line":15,"column":4},"end":{"line":15,"column":17}},"7":{"start":{"line":18,"column":20},"end":{"line":18,"column":197}},"8":{"start":{"line":19,"column":4},"end":{"line":19,"column":31}}},"fnMap":{"0":{"name":"(anonymous_0)","decl":{"start":{"line":2,"column":14},"end":{"line":2,"column":15}},"loc":{"start":{"line":2,"column":23},"end":{"line":5,"column":3}},"line":2},"1":{"name":"(anonymous_1)","decl":{"start":{"line":6,"column":26},"end":{"line":6,"column":27}},"loc":{"start":{"line":6,"column":35},"end":{"line":9,"column":3}},"line":6},"2":{"name":"(anonymous_2)","decl":{"start":{"line":10,"column":14},"end":{"line":10,"column":15}},"loc":{"start":{"line":10,"column":25},"end":{"line":16,"column":3}},"line":10},"3":{"name":"(anonymous_3)","decl":{"start":{"line":17,"column":16},"end":{"line":17,"column":17}},"loc":{"start":{"line":17,"column":27},"end":{"line":20,"column":3}},"line":17}},"branchMap":{"0":{"loc":{"start":{"line":11,"column":4},"end":{"line":13,"column":5}},"type":"if","locations":[{"start":{"line":11,"column":4},"end":{"line":13,"column":5}},{"start":{"line":11,"column":4},"end":{"line":13,"column":5}}],"line":11}},"s":{"0":14,"1":14,"2":10,"3":10,"4":10,"5":5,"6":5,"7":10,"8":10},"f":{"0":14,"1":10,"2":10,"3":10},"b":{"0":[5,5]},"_coverageSchema":"332fd63041d2c1bcb487cc26dd0d5f7d97098a6c","hash":"3c963f2789811996ad37ff20e547af1c87329dc8"}
,"/Users/burczu/WORK/OpenSource/polskifrontend-front/src/core/redux/mapPublicDispatchToProps.js": {"path":"/Users/burczu/WORK/OpenSource/polskifrontend-front/src/core/redux/mapPublicDispatchToProps.js","statementMap":{"0":{"start":{"line":6,"column":23},"end":{"line":6,"column":56}},"1":{"start":{"line":8,"column":25},"end":{"line":8,"column":85}},"2":{"start":{"line":8,"column":57},"end":{"line":8,"column":84}},"3":{"start":{"line":10,"column":2},"end":{"line":13,"column":4}}},"fnMap":{"0":{"name":"mapPublicDispatchToProps","decl":{"start":{"line":5,"column":24},"end":{"line":5,"column":48}},"loc":{"start":{"line":5,"column":59},"end":{"line":14,"column":1}},"line":5},"1":{"name":"(anonymous_1)","decl":{"start":{"line":8,"column":48},"end":{"line":8,"column":49}},"loc":{"start":{"line":8,"column":57},"end":{"line":8,"column":84}},"line":8}},"branchMap":{},"s":{"0":9,"1":9,"2":171,"3":9},"f":{"0":9,"1":171},"b":{},"_coverageSchema":"332fd63041d2c1bcb487cc26dd0d5f7d97098a6c","hash":"9b972ff5635916ca170fa147d3dba3910877ed20"}
,"/Users/burczu/WORK/OpenSource/polskifrontend-front/src/core/redux/mapPublicStateToProps.js": {"path":"/Users/burczu/WORK/OpenSource/polskifrontend-front/src/core/redux/mapPublicStateToProps.js","statementMap":{"0":{"start":{"line":2,"column":2},"end":{"line":4,"column":4}}},"fnMap":{"0":{"name":"mapPublicStateToProps","decl":{"start":{"line":1,"column":24},"end":{"line":1,"column":45}},"loc":{"start":{"line":1,"column":53},"end":{"line":5,"column":1}},"line":1}},"branchMap":{},"s":{"0":10},"f":{"0":10},"b":{},"_coverageSchema":"332fd63041d2c1bcb487cc26dd0d5f7d97098a6c","hash":"6d0978e25014230e73d1774aa234e494f0bf868c"}
,"/Users/burczu/WORK/OpenSource/polskifrontend-front/src/epics/public/articles/articlesGetArticleEpic.js": {"path":"/Users/burczu/WORK/OpenSource/polskifrontend-front/src/epics/public/articles/articlesGetArticleEpic.js","statementMap":{"0":{"start":{"line":10,"column":38},"end":{"line":29,"column":1}},"1":{"start":{"line":11,"column":2},"end":{"line":28,"column":7}},"2":{"start":{"line":13,"column":23},"end":{"line":13,"column":37}},"3":{"start":{"line":14,"column":18},"end":{"line":14,"column":44}},"4":{"start":{"line":15,"column":19},"end":{"line":15,"column":46}},"5":{"start":{"line":16,"column":22},"end":{"line":16,"column":41}},"6":{"start":{"line":18,"column":6},"end":{"line":27,"column":12}},"7":{"start":{"line":19,"column":30},"end":{"line":22,"column":9}},"8":{"start":{"line":24,"column":24},"end":{"line":27,"column":10}}},"fnMap":{"0":{"name":"(anonymous_0)","decl":{"start":{"line":10,"column":38},"end":{"line":10,"column":39}},"loc":{"start":{"line":10,"column":68},"end":{"line":29,"column":1}},"line":10},"1":{"name":"(anonymous_1)","decl":{"start":{"line":12,"column":14},"end":{"line":12,"column":15}},"loc":{"start":{"line":12,"column":26},"end":{"line":28,"column":5}},"line":12},"2":{"name":"(anonymous_2)","decl":{"start":{"line":19,"column":13},"end":{"line":19,"column":14}},"loc":{"start":{"line":19,"column":30},"end":{"line":22,"column":9}},"line":19},"3":{"name":"(anonymous_3)","decl":{"start":{"line":24,"column":15},"end":{"line":24,"column":16}},"loc":{"start":{"line":24,"column":24},"end":{"line":27,"column":10}},"line":24}},"branchMap":{},"s":{"0":1,"1":2,"2":2,"3":2,"4":2,"5":2,"6":2,"7":1,"8":1},"f":{"0":2,"1":2,"2":1,"3":1},"b":{},"_coverageSchema":"332fd63041d2c1bcb487cc26dd0d5f7d97098a6c","hash":"736783af33ebb4989ae240f91b2a1366d0bed647"}
,"/Users/burczu/WORK/OpenSource/polskifrontend-front/src/epics/public/feedback/feedbackEmailChangedEpic.js": {"path":"/Users/burczu/WORK/OpenSource/polskifrontend-front/src/epics/public/feedback/feedbackEmailChangedEpic.js","statementMap":{"0":{"start":{"line":7,"column":40},"end":{"line":18,"column":1}},"1":{"start":{"line":8,"column":2},"end":{"line":17,"column":7}},"2":{"start":{"line":10,"column":24},"end":{"line":10,"column":38}},"3":{"start":{"line":11,"column":22},"end":{"line":11,"column":68}},"4":{"start":{"line":13,"column":6},"end":{"line":16,"column":9}}},"fnMap":{"0":{"name":"(anonymous_0)","decl":{"start":{"line":7,"column":40},"end":{"line":7,"column":41}},"loc":{"start":{"line":7,"column":53},"end":{"line":18,"column":1}},"line":7},"1":{"name":"(anonymous_1)","decl":{"start":{"line":9,"column":14},"end":{"line":9,"column":15}},"loc":{"start":{"line":9,"column":26},"end":{"line":17,"column":5}},"line":9}},"branchMap":{"0":{"loc":{"start":{"line":11,"column":22},"end":{"line":11,"column":68}},"type":"binary-expr","locations":[{"start":{"line":11,"column":22},"end":{"line":11,"column":34}},{"start":{"line":11,"column":38},"end":{"line":11,"column":68}}],"line":11}},"s":{"0":1,"1":1,"2":1,"3":1,"4":1},"f":{"0":1,"1":1},"b":{"0":[1,1]},"_coverageSchema":"332fd63041d2c1bcb487cc26dd0d5f7d97098a6c","hash":"213fc06bf892515ed800914807fe1efbdb90c456"}
,"/Users/burczu/WORK/OpenSource/polskifrontend-front/src/epics/public/feedback/feedbackSendEpic.js": {"path":"/Users/burczu/WORK/OpenSource/polskifrontend-front/src/epics/public/feedback/feedbackSendEpic.js","statementMap":{"0":{"start":{"line":11,"column":32},"end":{"line":30,"column":1}},"1":{"start":{"line":12,"column":2},"end":{"line":29,"column":7}},"2":{"start":{"line":14,"column":34},"end":{"line":14,"column":48}},"3":{"start":{"line":15,"column":27},"end":{"line":20,"column":7}},"4":{"start":{"line":22,"column":6},"end":{"line":28,"column":12}},"5":{"start":{"line":23,"column":20},"end":{"line":23,"column":61}},"6":{"start":{"line":25,"column":24},"end":{"line":28,"column":10}}},"fnMap":{"0":{"name":"(anonymous_0)","decl":{"start":{"line":11,"column":32},"end":{"line":11,"column":33}},"loc":{"start":{"line":11,"column":69},"end":{"line":30,"column":1}},"line":11},"1":{"name":"(anonymous_1)","decl":{"start":{"line":13,"column":14},"end":{"line":13,"column":15}},"loc":{"start":{"line":13,"column":26},"end":{"line":29,"column":5}},"line":13},"2":{"name":"(anonymous_2)","decl":{"start":{"line":23,"column":13},"end":{"line":23,"column":14}},"loc":{"start":{"line":23,"column":20},"end":{"line":23,"column":61}},"line":23},"3":{"name":"(anonymous_3)","decl":{"start":{"line":25,"column":15},"end":{"line":25,"column":16}},"loc":{"start":{"line":25,"column":24},"end":{"line":28,"column":10}},"line":25}},"branchMap":{},"s":{"0":1,"1":2,"2":2,"3":2,"4":2,"5":1,"6":1},"f":{"0":2,"1":2,"2":1,"3":1},"b":{},"_coverageSchema":"332fd63041d2c1bcb487cc26dd0d5f7d97098a6c","hash":"fd6e66bb0a9ed43c27ff02b647d08f214b2ecfd7"}
,"/Users/burczu/WORK/OpenSource/polskifrontend-front/src/epics/public/feedback/feedbackTextChangedEpic.js": {"path":"/Users/burczu/WORK/OpenSource/polskifrontend-front/src/epics/public/feedback/feedbackTextChangedEpic.js","statementMap":{"0":{"start":{"line":7,"column":39},"end":{"line":18,"column":1}},"1":{"start":{"line":8,"column":2},"end":{"line":17,"column":7}},"2":{"start":{"line":10,"column":24},"end":{"line":10,"column":38}},"3":{"start":{"line":11,"column":22},"end":{"line":11,"column":50}},"4":{"start":{"line":13,"column":6},"end":{"line":16,"column":9}}},"fnMap":{"0":{"name":"(anonymous_0)","decl":{"start":{"line":7,"column":39},"end":{"line":7,"column":40}},"loc":{"start":{"line":7,"column":52},"end":{"line":18,"column":1}},"line":7},"1":{"name":"(anonymous_1)","decl":{"start":{"line":9,"column":14},"end":{"line":9,"column":15}},"loc":{"start":{"line":9,"column":26},"end":{"line":17,"column":5}},"line":9}},"branchMap":{},"s":{"0":1,"1":1,"2":1,"3":1,"4":1},"f":{"0":1,"1":1},"b":{},"_coverageSchema":"332fd63041d2c1bcb487cc26dd0d5f7d97098a6c","hash":"59703145857a804c90dd365d2d24a0deca572fb8"}
,"/Users/burczu/WORK/OpenSource/polskifrontend-front/src/epics/public/home/homeArticlesListGetEpic.js": {"path":"/Users/burczu/WORK/OpenSource/polskifrontend-front/src/epics/public/home/homeArticlesListGetEpic.js","statementMap":{"0":{"start":{"line":13,"column":28},"end":{"line":17,"column":1}},"1":{"start":{"line":14,"column":23},"end":{"line":14,"column":51}},"2":{"start":{"line":15,"column":2},"end":{"line":15,"column":29}},"3":{"start":{"line":16,"column":2},"end":{"line":16,"column":44}},"4":{"start":{"line":19,"column":32},"end":{"line":23,"column":1}},"5":{"start":{"line":20,"column":26},"end":{"line":20,"column":60}},"6":{"start":{"line":21,"column":2},"end":{"line":21,"column":36}},"7":{"start":{"line":22,"column":2},"end":{"line":22,"column":25}},"8":{"start":{"line":25,"column":39},"end":{"line":46,"column":1}},"9":{"start":{"line":26,"column":2},"end":{"line":45,"column":7}},"10":{"start":{"line":28,"column":23},"end":{"line":28,"column":37}},"11":{"start":{"line":29,"column":6},"end":{"line":44,"column":12}},"12":{"start":{"line":31,"column":41},"end":{"line":31,"column":76}},"13":{"start":{"line":32,"column":24},"end":{"line":32,"column":56}},"14":{"start":{"line":33,"column":10},"end":{"line":33,"column":32}},"15":{"start":{"line":35,"column":10},"end":{"line":38,"column":12}},"16":{"start":{"line":41,"column":24},"end":{"line":44,"column":10}}},"fnMap":{"0":{"name":"(anonymous_0)","decl":{"start":{"line":13,"column":28},"end":{"line":13,"column":29}},"loc":{"start":{"line":13,"column":34},"end":{"line":17,"column":1}},"line":13},"1":{"name":"(anonymous_1)","decl":{"start":{"line":19,"column":32},"end":{"line":19,"column":33}},"loc":{"start":{"line":19,"column":53},"end":{"line":23,"column":1}},"line":19},"2":{"name":"(anonymous_2)","decl":{"start":{"line":25,"column":39},"end":{"line":25,"column":40}},"loc":{"start":{"line":25,"column":76},"end":{"line":46,"column":1}},"line":25},"3":{"name":"(anonymous_3)","decl":{"start":{"line":27,"column":14},"end":{"line":27,"column":15}},"loc":{"start":{"line":27,"column":26},"end":{"line":45,"column":5}},"line":27},"4":{"name":"(anonymous_4)","decl":{"start":{"line":30,"column":13},"end":{"line":30,"column":14}},"loc":{"start":{"line":30,"column":29},"end":{"line":39,"column":9}},"line":30},"5":{"name":"(anonymous_5)","decl":{"start":{"line":41,"column":15},"end":{"line":41,"column":16}},"loc":{"start":{"line":41,"column":24},"end":{"line":44,"column":10}},"line":41}},"branchMap":{},"s":{"0":1,"1":2,"2":2,"3":2,"4":1,"5":2,"6":2,"7":2,"8":1,"9":3,"10":3,"11":3,"12":2,"13":2,"14":2,"15":2,"16":1},"f":{"0":2,"1":2,"2":3,"3":3,"4":2,"5":1},"b":{},"_coverageSchema":"332fd63041d2c1bcb487cc26dd0d5f7d97098a6c","hash":"525de0704bbaf756beb5b83c509d2785a76b184b"}
,"/Users/burczu/WORK/OpenSource/polskifrontend-front/src/epics/public/home/homeArticlesListGetRequestEpic.js": {"path":"/Users/burczu/WORK/OpenSource/polskifrontend-front/src/epics/public/home/homeArticlesListGetRequestEpic.js","statementMap":{"0":{"start":{"line":6,"column":46},"end":{"line":17,"column":1}},"1":{"start":{"line":7,"column":2},"end":{"line":16,"column":7}},"2":{"start":{"line":9,"column":23},"end":{"line":9,"column":37}},"3":{"start":{"line":10,"column":20},"end":{"line":10,"column":52}},"4":{"start":{"line":12,"column":6},"end":{"line":15,"column":9}}},"fnMap":{"0":{"name":"(anonymous_0)","decl":{"start":{"line":6,"column":46},"end":{"line":6,"column":47}},"loc":{"start":{"line":6,"column":73},"end":{"line":17,"column":1}},"line":6},"1":{"name":"(anonymous_1)","decl":{"start":{"line":8,"column":14},"end":{"line":8,"column":15}},"loc":{"start":{"line":8,"column":26},"end":{"line":16,"column":5}},"line":8}},"branchMap":{"0":{"loc":{"start":{"line":14,"column":39},"end":{"line":14,"column":78}},"type":"cond-expr","locations":[{"start":{"line":14,"column":52},"end":{"line":14,"column":54}},{"start":{"line":14,"column":57},"end":{"line":14,"column":78}}],"line":14}},"s":{"0":1,"1":2,"2":2,"3":2,"4":2},"f":{"0":2,"1":2},"b":{"0":[1,1]},"_coverageSchema":"332fd63041d2c1bcb487cc26dd0d5f7d97098a6c","hash":"ac3490cd8094ce38559d548dcced4aeae1c6b72a"}
,"/Users/burczu/WORK/OpenSource/polskifrontend-front/src/epics/public/home/homeBlogListGetEpic.js": {"path":"/Users/burczu/WORK/OpenSource/polskifrontend-front/src/epics/public/home/homeBlogListGetEpic.js","statementMap":{"0":{"start":{"line":13,"column":27},"end":{"line":17,"column":1}},"1":{"start":{"line":14,"column":24},"end":{"line":14,"column":52}},"2":{"start":{"line":15,"column":2},"end":{"line":15,"column":29}},"3":{"start":{"line":16,"column":2},"end":{"line":16,"column":45}},"4":{"start":{"line":19,"column":28},"end":{"line":23,"column":1}},"5":{"start":{"line":20,"column":22},"end":{"line":20,"column":49}},"6":{"start":{"line":21,"column":2},"end":{"line":21,"column":29}},"7":{"start":{"line":22,"column":2},"end":{"line":22,"column":21}},"8":{"start":{"line":25,"column":35},"end":{"line":46,"column":1}},"9":{"start":{"line":26,"column":2},"end":{"line":45,"column":7}},"10":{"start":{"line":28,"column":23},"end":{"line":28,"column":37}},"11":{"start":{"line":29,"column":6},"end":{"line":44,"column":12}},"12":{"start":{"line":31,"column":38},"end":{"line":31,"column":70}},"13":{"start":{"line":32,"column":24},"end":{"line":32,"column":56}},"14":{"start":{"line":33,"column":10},"end":{"line":33,"column":31}},"15":{"start":{"line":35,"column":10},"end":{"line":38,"column":12}},"16":{"start":{"line":41,"column":24},"end":{"line":44,"column":10}}},"fnMap":{"0":{"name":"(anonymous_0)","decl":{"start":{"line":13,"column":27},"end":{"line":13,"column":28}},"loc":{"start":{"line":13,"column":33},"end":{"line":17,"column":1}},"line":13},"1":{"name":"(anonymous_1)","decl":{"start":{"line":19,"column":28},"end":{"line":19,"column":29}},"loc":{"start":{"line":19,"column":46},"end":{"line":23,"column":1}},"line":19},"2":{"name":"(anonymous_2)","decl":{"start":{"line":25,"column":35},"end":{"line":25,"column":36}},"loc":{"start":{"line":25,"column":72},"end":{"line":46,"column":1}},"line":25},"3":{"name":"(anonymous_3)","decl":{"start":{"line":27,"column":14},"end":{"line":27,"column":15}},"loc":{"start":{"line":27,"column":26},"end":{"line":45,"column":5}},"line":27},"4":{"name":"(anonymous_4)","decl":{"start":{"line":30,"column":13},"end":{"line":30,"column":14}},"loc":{"start":{"line":30,"column":29},"end":{"line":39,"column":9}},"line":30},"5":{"name":"(anonymous_5)","decl":{"start":{"line":41,"column":15},"end":{"line":41,"column":16}},"loc":{"start":{"line":41,"column":24},"end":{"line":44,"column":10}},"line":41}},"branchMap":{},"s":{"0":1,"1":2,"2":2,"3":2,"4":1,"5":2,"6":2,"7":2,"8":1,"9":3,"10":3,"11":3,"12":2,"13":2,"14":2,"15":2,"16":1},"f":{"0":2,"1":2,"2":3,"3":3,"4":2,"5":1},"b":{},"_coverageSchema":"332fd63041d2c1bcb487cc26dd0d5f7d97098a6c","hash":"899c49407ae850f510a5d4ae9bfeddd48610498e"}
,"/Users/burczu/WORK/OpenSource/polskifrontend-front/src/epics/public/home/homeBlogListGetRequestEpic.js": {"path":"/Users/burczu/WORK/OpenSource/polskifrontend-front/src/epics/public/home/homeBlogListGetRequestEpic.js","statementMap":{"0":{"start":{"line":6,"column":42},"end":{"line":17,"column":1}},"1":{"start":{"line":7,"column":2},"end":{"line":16,"column":7}},"2":{"start":{"line":9,"column":23},"end":{"line":9,"column":37}},"3":{"start":{"line":10,"column":20},"end":{"line":10,"column":52}},"4":{"start":{"line":12,"column":6},"end":{"line":15,"column":9}}},"fnMap":{"0":{"name":"(anonymous_0)","decl":{"start":{"line":6,"column":42},"end":{"line":6,"column":43}},"loc":{"start":{"line":6,"column":69},"end":{"line":17,"column":1}},"line":6},"1":{"name":"(anonymous_1)","decl":{"start":{"line":8,"column":14},"end":{"line":8,"column":15}},"loc":{"start":{"line":8,"column":26},"end":{"line":16,"column":5}},"line":8}},"branchMap":{"0":{"loc":{"start":{"line":14,"column":35},"end":{"line":14,"column":67}},"type":"cond-expr","locations":[{"start":{"line":14,"column":48},"end":{"line":14,"column":50}},{"start":{"line":14,"column":53},"end":{"line":14,"column":67}}],"line":14}},"s":{"0":1,"1":2,"2":2,"3":2,"4":2},"f":{"0":2,"1":2},"b":{"0":[1,1]},"_coverageSchema":"332fd63041d2c1bcb487cc26dd0d5f7d97098a6c","hash":"a8e3c28b5ed5f0e9f3ee990269720de471587b9c"}
,"/Users/burczu/WORK/OpenSource/polskifrontend-front/src/epics/public/home/homeLinkToClickedAddEpic.js": {"path":"/Users/burczu/WORK/OpenSource/polskifrontend-front/src/epics/public/home/homeLinkToClickedAddEpic.js","statementMap":{"0":{"start":{"line":7,"column":40},"end":{"line":21,"column":1}},"1":{"start":{"line":8,"column":2},"end":{"line":20,"column":7}},"2":{"start":{"line":10,"column":22},"end":{"line":10,"column":36}},"3":{"start":{"line":11,"column":20},"end":{"line":11,"column":52}},"4":{"start":{"line":12,"column":20},"end":{"line":12,"column":51}},"5":{"start":{"line":14,"column":6},"end":{"line":14,"column":22}},"6":{"start":{"line":16,"column":6},"end":{"line":19,"column":9}}},"fnMap":{"0":{"name":"(anonymous_0)","decl":{"start":{"line":7,"column":40},"end":{"line":7,"column":41}},"loc":{"start":{"line":7,"column":67},"end":{"line":21,"column":1}},"line":7},"1":{"name":"(anonymous_1)","decl":{"start":{"line":9,"column":14},"end":{"line":9,"column":15}},"loc":{"start":{"line":9,"column":26},"end":{"line":20,"column":5}},"line":9}},"branchMap":{},"s":{"0":1,"1":1,"2":1,"3":1,"4":1,"5":1,"6":1},"f":{"0":1,"1":1},"b":{},"_coverageSchema":"332fd63041d2c1bcb487cc26dd0d5f7d97098a6c","hash":"79aacf070ee00ed3dd7dd8f44792bedc399ba425"}
,"/Users/burczu/WORK/OpenSource/polskifrontend-front/src/epics/public/news/newsPageGetEpic.js": {"path":"/Users/burczu/WORK/OpenSource/polskifrontend-front/src/epics/public/news/newsPageGetEpic.js","statementMap":{"0":{"start":{"line":10,"column":28},"end":{"line":14,"column":1}},"1":{"start":{"line":11,"column":19},"end":{"line":11,"column":33}},"2":{"start":{"line":12,"column":2},"end":{"line":12,"column":27}},"3":{"start":{"line":13,"column":2},"end":{"line":13,"column":18}},"4":{"start":{"line":16,"column":31},"end":{"line":36,"column":1}},"5":{"start":{"line":17,"column":2},"end":{"line":35,"column":7}},"6":{"start":{"line":19,"column":23},"end":{"line":19,"column":37}},"7":{"start":{"line":20,"column":6},"end":{"line":34,"column":12}},"8":{"start":{"line":22,"column":39},"end":{"line":22,"column":72}},"9":{"start":{"line":23,"column":24},"end":{"line":23,"column":56}},"10":{"start":{"line":25,"column":10},"end":{"line":28,"column":12}},"11":{"start":{"line":31,"column":24},"end":{"line":34,"column":10}}},"fnMap":{"0":{"name":"(anonymous_0)","decl":{"start":{"line":10,"column":28},"end":{"line":10,"column":29}},"loc":{"start":{"line":10,"column":47},"end":{"line":14,"column":1}},"line":10},"1":{"name":"(anonymous_1)","decl":{"start":{"line":16,"column":31},"end":{"line":16,"column":32}},"loc":{"start":{"line":16,"column":68},"end":{"line":36,"column":1}},"line":16},"2":{"name":"(anonymous_2)","decl":{"start":{"line":18,"column":14},"end":{"line":18,"column":15}},"loc":{"start":{"line":18,"column":26},"end":{"line":35,"column":5}},"line":18},"3":{"name":"(anonymous_3)","decl":{"start":{"line":21,"column":13},"end":{"line":21,"column":14}},"loc":{"start":{"line":21,"column":31},"end":{"line":29,"column":9}},"line":21},"4":{"name":"(anonymous_4)","decl":{"start":{"line":31,"column":15},"end":{"line":31,"column":16}},"loc":{"start":{"line":31,"column":24},"end":{"line":34,"column":10}},"line":31}},"branchMap":{},"s":{"0":1,"1":1,"2":1,"3":1,"4":1,"5":2,"6":2,"7":2,"8":1,"9":1,"10":1,"11":1},"f":{"0":1,"1":2,"2":2,"3":1,"4":1},"b":{},"_coverageSchema":"332fd63041d2c1bcb487cc26dd0d5f7d97098a6c","hash":"7f88356c43608311f546ff362e4e6b794c689cea"}
,"/Users/burczu/WORK/OpenSource/polskifrontend-front/src/epics/public/submit/submitBlogRequestSendEpic.js": {"path":"/Users/burczu/WORK/OpenSource/polskifrontend-front/src/epics/public/submit/submitBlogRequestSendEpic.js","statementMap":{"0":{"start":{"line":11,"column":41},"end":{"line":30,"column":1}},"1":{"start":{"line":12,"column":2},"end":{"line":29,"column":7}},"2":{"start":{"line":14,"column":34},"end":{"line":14,"column":48}},"3":{"start":{"line":15,"column":27},"end":{"line":20,"column":7}},"4":{"start":{"line":22,"column":6},"end":{"line":28,"column":12}},"5":{"start":{"line":23,"column":20},"end":{"line":23,"column":72}},"6":{"start":{"line":25,"column":24},"end":{"line":28,"column":10}}},"fnMap":{"0":{"name":"(anonymous_0)","decl":{"start":{"line":11,"column":41},"end":{"line":11,"column":42}},"loc":{"start":{"line":11,"column":78},"end":{"line":30,"column":1}},"line":11},"1":{"name":"(anonymous_1)","decl":{"start":{"line":13,"column":14},"end":{"line":13,"column":15}},"loc":{"start":{"line":13,"column":26},"end":{"line":29,"column":5}},"line":13},"2":{"name":"(anonymous_2)","decl":{"start":{"line":23,"column":13},"end":{"line":23,"column":14}},"loc":{"start":{"line":23,"column":20},"end":{"line":23,"column":72}},"line":23},"3":{"name":"(anonymous_3)","decl":{"start":{"line":25,"column":15},"end":{"line":25,"column":16}},"loc":{"start":{"line":25,"column":24},"end":{"line":28,"column":10}},"line":25}},"branchMap":{},"s":{"0":1,"1":2,"2":2,"3":2,"4":2,"5":1,"6":1},"f":{"0":2,"1":2,"2":1,"3":1},"b":{},"_coverageSchema":"332fd63041d2c1bcb487cc26dd0d5f7d97098a6c","hash":"9219977b4aee25206f5fb1a3056f28a9ead8b583"}
,"/Users/burczu/WORK/OpenSource/polskifrontend-front/src/epics/public/submit/submitEmailChangedEpic.js": {"path":"/Users/burczu/WORK/OpenSource/polskifrontend-front/src/epics/public/submit/submitEmailChangedEpic.js","statementMap":{"0":{"start":{"line":7,"column":38},"end":{"line":18,"column":1}},"1":{"start":{"line":8,"column":2},"end":{"line":17,"column":7}},"2":{"start":{"line":10,"column":27},"end":{"line":10,"column":41}},"3":{"start":{"line":11,"column":27},"end":{"line":11,"column":79}},"4":{"start":{"line":13,"column":6},"end":{"line":16,"column":9}}},"fnMap":{"0":{"name":"(anonymous_0)","decl":{"start":{"line":7,"column":38},"end":{"line":7,"column":39}},"loc":{"start":{"line":7,"column":49},"end":{"line":18,"column":1}},"line":7},"1":{"name":"(anonymous_1)","decl":{"start":{"line":9,"column":14},"end":{"line":9,"column":15}},"loc":{"start":{"line":9,"column":26},"end":{"line":17,"column":5}},"line":9}},"branchMap":{"0":{"loc":{"start":{"line":11,"column":27},"end":{"line":11,"column":79}},"type":"binary-expr","locations":[{"start":{"line":11,"column":27},"end":{"line":11,"column":42}},{"start":{"line":11,"column":46},"end":{"line":11,"column":79}}],"line":11}},"s":{"0":1,"1":1,"2":1,"3":1,"4":1},"f":{"0":1,"1":1},"b":{"0":[1,1]},"_coverageSchema":"332fd63041d2c1bcb487cc26dd0d5f7d97098a6c","hash":"a5d8745aa6fb3af9d06e10058a3b7f04e4da61ea"}
,"/Users/burczu/WORK/OpenSource/polskifrontend-front/src/epics/public/submit/submitUrlChangedEpic.js": {"path":"/Users/burczu/WORK/OpenSource/polskifrontend-front/src/epics/public/submit/submitUrlChangedEpic.js","statementMap":{"0":{"start":{"line":7,"column":36},"end":{"line":18,"column":1}},"1":{"start":{"line":8,"column":2},"end":{"line":17,"column":7}},"2":{"start":{"line":10,"column":25},"end":{"line":10,"column":39}},"3":{"start":{"line":11,"column":25},"end":{"line":11,"column":87}},"4":{"start":{"line":13,"column":6},"end":{"line":16,"column":9}}},"fnMap":{"0":{"name":"(anonymous_0)","decl":{"start":{"line":7,"column":36},"end":{"line":7,"column":37}},"loc":{"start":{"line":7,"column":47},"end":{"line":18,"column":1}},"line":7},"1":{"name":"(anonymous_1)","decl":{"start":{"line":9,"column":14},"end":{"line":9,"column":15}},"loc":{"start":{"line":9,"column":26},"end":{"line":17,"column":5}},"line":9}},"branchMap":{"0":{"loc":{"start":{"line":11,"column":25},"end":{"line":11,"column":87}},"type":"binary-expr","locations":[{"start":{"line":11,"column":25},"end":{"line":11,"column":54}},{"start":{"line":11,"column":58},"end":{"line":11,"column":87}}],"line":11}},"s":{"0":1,"1":1,"2":1,"3":1,"4":1},"f":{"0":1,"1":1},"b":{"0":[1,1]},"_coverageSchema":"332fd63041d2c1bcb487cc26dd0d5f7d97098a6c","hash":"24699006b8fe7df273fda8698cf5453d80252fd6"}
,"/Users/burczu/WORK/OpenSource/polskifrontend-front/src/graphql/queries/articles.js": {"path":"/Users/burczu/WORK/OpenSource/polskifrontend-front/src/graphql/queries/articles.js","statementMap":{"0":{"start":{"line":1,"column":32},"end":{"line":27,"column":1}},"1":{"start":{"line":2,"column":16},"end":{"line":24,"column":6}},"2":{"start":{"line":26,"column":2},"end":{"line":26,"column":35}},"3":{"start":{"line":29,"column":37},"end":{"line":53,"column":1}},"4":{"start":{"line":30,"column":16},"end":{"line":50,"column":3}},"5":{"start":{"line":52,"column":2},"end":{"line":52,"column":35}}},"fnMap":{"0":{"name":"(anonymous_0)","decl":{"start":{"line":1,"column":32},"end":{"line":1,"column":33}},"loc":{"start":{"line":1,"column":42},"end":{"line":27,"column":1}},"line":1},"1":{"name":"(anonymous_1)","decl":{"start":{"line":29,"column":37},"end":{"line":29,"column":38}},"loc":{"start":{"line":29,"column":47},"end":{"line":53,"column":1}},"line":29}},"branchMap":{},"s":{"0":2,"1":3,"2":3,"3":2,"4":2,"5":2},"f":{"0":3,"1":2},"b":{},"_coverageSchema":"332fd63041d2c1bcb487cc26dd0d5f7d97098a6c","hash":"8b6d82c509fe36089d2d44b5717d27a36f014921"}
,"/Users/burczu/WORK/OpenSource/polskifrontend-front/src/graphql/queries/blogs.js": {"path":"/Users/burczu/WORK/OpenSource/polskifrontend-front/src/graphql/queries/blogs.js","statementMap":{"0":{"start":{"line":1,"column":29},"end":{"line":28,"column":1}},"1":{"start":{"line":2,"column":16},"end":{"line":25,"column":6}},"2":{"start":{"line":27,"column":2},"end":{"line":27,"column":35}},"3":{"start":{"line":30,"column":31},"end":{"line":38,"column":1}},"4":{"start":{"line":31,"column":16},"end":{"line":35,"column":3}},"5":{"start":{"line":37,"column":2},"end":{"line":37,"column":35}}},"fnMap":{"0":{"name":"(anonymous_0)","decl":{"start":{"line":1,"column":29},"end":{"line":1,"column":30}},"loc":{"start":{"line":1,"column":39},"end":{"line":28,"column":1}},"line":1},"1":{"name":"(anonymous_1)","decl":{"start":{"line":30,"column":31},"end":{"line":30,"column":32}},"loc":{"start":{"line":30,"column":52},"end":{"line":38,"column":1}},"line":30}},"branchMap":{},"s":{"0":2,"1":3,"2":3,"3":2,"4":2,"5":2},"f":{"0":3,"1":2},"b":{},"_coverageSchema":"332fd63041d2c1bcb487cc26dd0d5f7d97098a6c","hash":"a90bc2f1994c623c01afd949dbcffaa1f764aa64"}
,"/Users/burczu/WORK/OpenSource/polskifrontend-front/src/graphql/queries/feedback.js": {"path":"/Users/burczu/WORK/OpenSource/polskifrontend-front/src/graphql/queries/feedback.js","statementMap":{"0":{"start":{"line":1,"column":35},"end":{"line":9,"column":1}},"1":{"start":{"line":2,"column":16},"end":{"line":6,"column":3}},"2":{"start":{"line":8,"column":2},"end":{"line":8,"column":35}}},"fnMap":{"0":{"name":"(anonymous_0)","decl":{"start":{"line":1,"column":35},"end":{"line":1,"column":36}},"loc":{"start":{"line":1,"column":56},"end":{"line":9,"column":1}},"line":1}},"branchMap":{},"s":{"0":1,"1":2,"2":2},"f":{"0":2},"b":{},"_coverageSchema":"332fd63041d2c1bcb487cc26dd0d5f7d97098a6c","hash":"9d20f5d6ad629c272d4ac08a5972d26701401967"}
,"/Users/burczu/WORK/OpenSource/polskifrontend-front/src/graphql/queries/news.js": {"path":"/Users/burczu/WORK/OpenSource/polskifrontend-front/src/graphql/queries/news.js","statementMap":{"0":{"start":{"line":1,"column":33},"end":{"line":17,"column":1}},"1":{"start":{"line":2,"column":16},"end":{"line":14,"column":3}},"2":{"start":{"line":16,"column":2},"end":{"line":16,"column":35}}},"fnMap":{"0":{"name":"(anonymous_0)","decl":{"start":{"line":1,"column":33},"end":{"line":1,"column":34}},"loc":{"start":{"line":1,"column":43},"end":{"line":17,"column":1}},"line":1}},"branchMap":{},"s":{"0":1,"1":2,"2":2},"f":{"0":2},"b":{},"_coverageSchema":"332fd63041d2c1bcb487cc26dd0d5f7d97098a6c","hash":"8e9a3beef4e8f785a7c30b77fe52006f454ae9ac"}
,"/Users/burczu/WORK/OpenSource/polskifrontend-front/src/reducers/public/articles.js": {"path":"/Users/burczu/WORK/OpenSource/polskifrontend-front/src/reducers/public/articles.js","statementMap":{"0":{"start":{"line":3,"column":28},"end":{"line":11,"column":1}},"1":{"start":{"line":14,"column":2},"end":{"line":45,"column":3}},"2":{"start":{"line":16,"column":6},"end":{"line":16,"column":45}},"3":{"start":{"line":19,"column":6},"end":{"line":25,"column":8}},"4":{"start":{"line":27,"column":6},"end":{"line":34,"column":8}},"5":{"start":{"line":36,"column":6},"end":{"line":42,"column":8}},"6":{"start":{"line":44,"column":6},"end":{"line":44,"column":26}}},"fnMap":{"0":{"name":"articlesReducer","decl":{"start":{"line":13,"column":24},"end":{"line":13,"column":39}},"loc":{"start":{"line":13,"column":70},"end":{"line":46,"column":1}},"line":13}},"branchMap":{"0":{"loc":{"start":{"line":13,"column":40},"end":{"line":13,"column":60}},"type":"default-arg","locations":[{"start":{"line":13,"column":48},"end":{"line":13,"column":60}}],"line":13},"1":{"loc":{"start":{"line":14,"column":2},"end":{"line":45,"column":3}},"type":"switch","locations":[{"start":{"line":15,"column":4},"end":{"line":16,"column":45}},{"start":{"line":18,"column":4},"end":{"line":25,"column":8}},{"start":{"line":26,"column":4},"end":{"line":34,"column":8}},{"start":{"line":35,"column":4},"end":{"line":42,"column":8}},{"start":{"line":43,"column":4},"end":{"line":44,"column":26}}],"line":14}},"s":{"0":1,"1":5,"2":1,"3":1,"4":1,"5":1,"6":1},"f":{"0":5},"b":{"0":[1],"1":[1,1,1,1,1]},"_coverageSchema":"332fd63041d2c1bcb487cc26dd0d5f7d97098a6c","hash":"f6efa5ffe53220076fde8b9af57eeb067d96170d"}
[...]
"end":{"line":35,"column":1827}},"84":{"start":{"line":35,"column":1827},"end":{"line":35,"column":1883}},"85":{"start":{"line":35,"column":1883},"end":{"line":35,"column":1927}},"86":{"start":{"line":35,"column":1980},"end":{"line":35,"column":1999}},"87":{"start":{"line":35,"column":2000},"end":{"line":35,"column":2205}},"88":{"start":{"line":35,"column":2045},"end":{"line":35,"column":2082}},"89":{"start":{"line":35,"column":2102},"end":{"line":35,"column":2126}},"90":{"start":{"line":35,"column":2127},"end":{"line":35,"column":2204}},"91":{"start":{"line":35,"column":2165},"end":{"line":35,"column":2182}},"92":{"start":{"line":35,"column":2190},"end":{"line":35,"column":2203}},"93":{"start":{"line":35,"column":2246},"end":{"line":35,"column":2530}},"94":{"start":{"line":35,"column":2283},"end":{"line":35,"column":2305}},"95":{"start":{"line":35,"column":2318},"end":{"line":35,"column":2341}},"96":{"start":{"line":35,"column":2366},"end":{"line":35,"column":2399}},"97":{"start":{"line":35,"column":2424},"end":{"line":35,"column":2456}},"98":{"start":{"line":35,"column":2471},"end":{"line":35,"column":2486}},"99":{"start":{"line":35,"column":2503},"end":{"line":35,"column":2529}},"100":{"start":{"line":35,"column":2530},"end":{"line":35,"column":2547}},"101":{"start":{"line":35,"column":2606},"end":{"line":35,"column":2625}},"102":{"start":{"line":35,"column":2626},"end":{"line":35,"column":2764}},"103":{"start":{"line":35,"column":2671},"end":{"line":35,"column":2715}},"104":{"start":{"line":35,"column":2723},"end":{"line":35,"column":2763}},"105":{"start":{"line":35,"column":2813},"end":{"line":35,"column":2837}},"106":{"start":{"line":35,"column":2837},"end":{"line":35,"column":2854}},"107":{"start":{"line":35,"column":2933},"end":{"line":35,"column":2953}},"108":{"start":{"line":35,"column":2969},"end":{"line":35,"column":3017}},"109":{"start":{"line":35,"column":3018},"end":{"line":35,"column":3052}},"110":{"start":{"line":35,"column":3052},"end":{"line":35,"column":3088}},"111":{"start":{"line":35,"column":3144},"end":{"line":35,"column":3163}},"112":{"start":{"line":35,"column":3164},"end":{"line":35,"column":3466}},"113":{"start":{"line":35,"column":3203},"end":{"line":35,"column":3295}},"114":{"start":{"line":35,"column":3254},"end":{"line":35,"column":3292}},"115":{"start":{"line":35,"column":3303},"end":{"line":35,"column":3420}},"116":{"start":{"line":35,"column":3329},"end":{"line":35,"column":3378}},"117":{"start":{"line":35,"column":3386},"end":{"line":35,"column":3419}},"118":{"start":{"line":35,"column":3420},"end":{"line":35,"column":3465}},"119":{"start":{"line":35,"column":3440},"end":{"line":35,"column":3463}},"120":{"start":{"line":35,"column":3517},"end":{"line":35,"column":3536}},"121":{"start":{"line":35,"column":3537},"end":{"line":35,"column":3569}},"122":{"start":{"line":35,"column":3569},"end":{"line":35,"column":3664}},"123":{"start":{"line":35,"column":3611},"end":{"line":35,"column":3663}},"124":{"start":{"line":35,"column":3709},"end":{"line":35,"column":3728}},"125":{"start":{"line":35,"column":3756},"end":{"line":35,"column":3775}},"126":{"start":{"line":35,"column":3797},"end":{"line":35,"column":3799}},"127":{"start":{"line":35,"column":3818},"end":{"line":35,"column":3931}},"128":{"start":{"line":35,"column":3872},"end":{"line":35,"column":3928}},"129":{"start":{"line":35,"column":3932},"end":{"line":35,"column":4261}},"130":{"start":{"line":35,"column":3960},"end":{"line":35,"column":4121}},"131":{"start":{"line":35,"column":4014},"end":{"line":35,"column":4070}},"132":{"start":{"line":35,"column":4070},"end":{"line":35,"column":4118}},"133":{"start":{"line":35,"column":4134},"end":{"line":35,"column":4144}},"134":{"start":{"line":35,"column":4145},"end":{"line":35,"column":4245}},"135":{"start":{"line":35,"column":4196},"end":{"line":35,"column":4228}},"136":{"start":{"line":35,"column":4236},"end":{"line":35,"column":4244}},"137":{"start":{"line":35,"column":4245},"end":{"line":35,"column":4259}},"138":{"start":{"line":35,"column":4290},"end":{"line":35,"column":4316}},"139":{"start":{"line":35,"column":4365},"end":{"line":35,"column":4471}},"140":{"start":{"line":35,"column":4472},"end":{"line":35,"column":4997}},"141":{"start":{"line":35,"column":4599},"end":{"line":35,"column":4643}},"142":{"start":{"line":35,"column":4643},"end":{"line":35,"column":4697}},"143":{"start":{"line":35,"column":4697},"end":{"line":35,"column":4744}},"144":{"start":{"line":35,"column":4744},"end":{"line":35,"column":4788}},"145":{"start":{"line":35,"column":4788},"end":{"line":35,"column":4836}},"146":{"start":{"line":35,"column":4836},"end":{"line":35,"column":4894}},"147":{"start":{"line":35,"column":4894},"end":{"line":35,"column":4940}},"148":{"start":{"line":35,"column":4940},"end":{"line":35,"column":4996}},"149":{"start":{"line":35,"column":4997},"end":{"line":35,"column":5022}},"150":{"start":{"line":35,"column":5022},"end":{"line":35,"column":5057}},"151":{"start":{"line":35,"column":5057},"end":{"line":35,"column":5085}},"152":{"start":{"line":35,"column":5085},"end":{"line":35,"column":5110}},"153":{"start":{"line":35,"column":5110},"end":{"line":35,"column":5149}},"154":{"start":{"line":35,"column":5149},"end":{"line":35,"column":5186}}},"fnMap":{"0":{"name":"_interopRequireDefault","decl":{"start":{"line":4,"column":60},"end":{"line":4,"column":82}},"loc":{"start":{"line":4,"column":88},"end":{"line":4,"column":144}},"line":4},"1":{"name":"_asyncToGenerator","decl":{"start":{"line":4,"column":153},"end":{"line":4,"column":170}},"loc":{"start":{"line":4,"column":175},"end":{"line":4,"column":577}},"line":4},"2":{"name":"(anonymous_2)","decl":{"start":{"line":4,"column":183},"end":{"line":4,"column":184}},"loc":{"start":{"line":4,"column":195},"end":{"line":4,"column":575}},"line":4},"3":{"name":"(anonymous_3)","decl":{"start":{"line":4,"column":251},"end":{"line":4,"column":252}},"loc":{"start":{"line":4,"column":278},"end":{"line":4,"column":572}},"line":4},"4":{"name":"step","decl":{"start":{"line":4,"column":288},"end":{"line":4,"column":292}},"loc":{"start":{"line":4,"column":303},"end":{"line":4,"column":551}},"line":4},"5":{"name":"(anonymous_5)","decl":{"start":{"line":4,"column":470},"end":{"line":4,"column":471}},"loc":{"start":{"line":4,"column":487},"end":{"line":4,"column":509}},"line":4},"6":{"name":"(anonymous_6)","decl":{"start":{"line":4,"column":511},"end":{"line":4,"column":512}},"loc":{"start":{"line":4,"column":526},"end":{"line":4,"column":547}},"line":4},"7":{"name":"(anonymous_7)","decl":{"start":{"line":6,"column":17},"end":{"line":6,"column":18}},"loc":{"start":{"line":6,"column":23},"end":{"line":15,"column":70}},"line":6},"8":{"name":"(anonymous_8)","decl":{"start":{"line":6,"column":53},"end":{"line":6,"column":54}},"loc":{"start":{"line":6,"column":66},"end":{"line":15,"column":3}},"line":6},"9":{"name":"getData","decl":{"start":{"line":15,"column":21},"end":{"line":15,"column":28}},"loc":{"start":{"line":15,"column":31},"end":{"line":15,"column":68}},"line":15},"10":{"name":"(anonymous_10)","decl":{"start":{"line":15,"column":101},"end":{"line":15,"column":102}},"loc":{"start":{"line":15,"column":107},"end":{"line":35,"column":102}},"line":15},"11":{"name":"(anonymous_11)","decl":{"start":{"line":17,"column":2},"end":{"line":17,"column":3}},"loc":{"start":{"line":17,"column":15},"end":{"line":35,"column":3}},"line":17},"12":{"name":"getNewsInitialState","decl":{"start":{"line":35,"column":14},"end":{"line":35,"column":33}},"loc":{"start":{"line":35,"column":36},"end":{"line":35,"column":74}},"line":35},"13":{"name":"_getGlobalObject","decl":{"start":{"line":35,"column":153},"end":{"line":35,"column":169}},"loc":{"start":{"line":35,"column":172},"end":{"line":35,"column":284}},"line":35},"14":{"name":"_getRewireModuleId__","decl":{"start":{"line":35,"column":323},"end":{"line":35,"column":343}},"loc":{"start":{"line":35,"column":346},"end":{"line":35,"column":616}},"line":35},"15":{"name":"_getRewireRegistry__","decl":{"start":{"line":35,"column":625},"end":{"line":35,"column":645}},"loc":{"start":{"line":35,"column":648},"end":{"line":35,"column":853}},"line":35},"16":{"name":"_getRewiredData__","decl":{"start":{"line":35,"column":862},"end":{"line":35,"column":879}},"loc":{"start":{"line":35,"column":882},"end":{"line":35,"column":1106}},"line":35},"17":{"name":"registerResetAll","decl":{"start":{"line":35,"column":1116},"end":{"line":35,"column":1132}},"loc":{"start":{"line":35,"column":1135},"end":{"line":35,"column":1358}},"line":35},"18":{"name":"(anonymous_18)","decl":{"start":{"line":35,"column":1272},"end":{"line":35,"column":1273}},"loc":{"start":{"line":35,"column":1284},"end":{"line":35,"column":1355}},"line":35},"19":{"name":"(anonymous_19)","decl":{"start":{"line":35,"column":1441},"end":{"line":35,"column":1442}},"loc":{"start":{"line":35,"column":1453},"end":{"line":35,"column":1928}},"line":35},"20":{"name":"addPropertyToAPIObject","decl":{"start":{"line":35,"column":1463},"end":{"line":35,"column":1485}},"loc":{"start":{"line":35,"column":1499},"end":{"line":35,"column":1600}},"line":35},"21":{"name":"_get__","decl":{"start":{"line":35,"column":1941},"end":{"line":35,"column":1947}},"loc":{"start":{"line":35,"column":1962},"end":{"line":35,"column":2206}},"line":35},"22":{"name":"_get_original__","decl":{"start":{"line":35,"column":2215},"end":{"line":35,"column":2230}},"loc":{"start":{"line":35,"column":2245},"end":{"line":35,"column":2548}},"line":35},"23":{"name":"_assign__","decl":{"start":{"line":35,"column":2557},"end":{"line":35,"column":2566}},"loc":{"start":{"line":35,"column":2588},"end":{"line":35,"column":2765}},"line":35},"24":{"name":"_set_original__","decl":{"start":{"line":35,"column":2774},"end":{"line":35,"column":2789}},"loc":{"start":{"line":35,"column":2812},"end":{"line":35,"column":2855}},"line":35},"25":{"name":"_update_operation__","decl":{"start":{"line":35,"column":2864},"end":{"line":35,"column":2883}},"loc":{"start":{"line":35,"column":2917},"end":{"line":35,"column":3089}},"line":35},"26":{"name":"_set__","decl":{"start":{"line":35,"column":3098},"end":{"line":35,"column":3104}},"loc":{"start":{"line":35,"column":3126},"end":{"line":35,"column":3467}},"line":35},"27":{"name":"(anonymous_27)","decl":{"start":{"line":35,"column":3237},"end":{"line":35,"column":3238}},"loc":{"start":{"line":35,"column":3253},"end":{"line":35,"column":3293}},"line":35},"28":{"name":"(anonymous_28)","decl":{"start":{"line":35,"column":3427},"end":{"line":35,"column":3428}},"loc":{"start":{"line":35,"column":3439},"end":{"line":35,"column":3464}},"line":35},"29":{"name":"_reset__","decl":{"start":{"line":35,"column":3476},"end":{"line":35,"column":3484}},"loc":{"start":{"line":35,"column":3499},"end":{"line":35,"column":3666}},"line":35},"30":{"name":"_with__","decl":{"start":{"line":35,"column":3675},"end":{"line":35,"column":3682}},"loc":{"start":{"line":35,"column":3691},"end":{"line":35,"column":4262}},"line":35},"31":{"name":"reset","decl":{"start":{"line":35,"column":3809},"end":{"line":35,"column":3814}},"loc":{"start":{"line":35,"column":3817},"end":{"line":35,"column":3932}},"line":35},"32":{"name":"(anonymous_32)","decl":{"start":{"line":35,"column":3847},"end":{"line":35,"column":3848}},"loc":{"start":{"line":35,"column":3871},"end":{"line":35,"column":3929}},"line":35},"33":{"name":"(anonymous_33)","decl":{"start":{"line":35,"column":3939},"end":{"line":35,"column":3940}},"loc":{"start":{"line":35,"column":3959},"end":{"line":35,"column":4260}},"line":35},"34":{"name":"(anonymous_34)","decl":{"start":{"line":35,"column":3989},"end":{"line":35,"column":3990}},"loc":{"start":{"line":35,"column":4013},"end":{"line":35,"column":4119}},"line":35},"35":{"name":"addNonEnumerableProperty","decl":{"start":{"line":35,"column":4326},"end":{"line":35,"column":4350}},"loc":{"start":{"line":35,"column":4364},"end":{"line":35,"column":4472}},"line":35}},"branchMap":{"0":{"loc":{"start":{"line":4,"column":96},"end":{"line":4,"column":142}},"type":"cond-expr","locations":[{"start":{"line":4,"column":120},"end":{"line":4,"column":123}},{"start":{"line":4,"column":126},"end":{"line":4,"column":142}}],"line":4},"1":{"loc":{"start":{"line":4,"column":96},"end":{"line":4,"column":117}},"type":"binary-expr","locations":[{"start":{"line":4,"column":96},"end":{"line":4,"column":99}},{"start":{"line":4,"column":103},"end":{"line":4,"column":117}}],"line":4},"2":{"loc":{"start":{"line":4,"column":396},"end":{"line":4,"column":550}},"type":"if","locations":[{"start":{"line":4,"column":396},"end":{"line":4,"column":550}},{"start":{"line":4,"column":396},"end":{"line":4,"column":550}}],"line":4},"3":{"loc":{"start":{"line":22,"column":6},"end":{"line":28,"column":7}},"type":"if","locations":[{"start":{"line":22,"column":6},"end":{"line":28,"column":7}},{"start":{"line":22,"column":6},"end":{"line":28,"column":7}}],"line":22},"4":{"loc":{"start":{"line":35,"column":178},"end":{"line":35,"column":208}},"type":"if","locations":[{"start":{"line":35,"column":178},"end":{"line":35,"column":208}},{"start":{"line":35,"column":178},"end":{"line":35,"column":208}}],"line":35},"5":{"loc":{"start":{"line":35,"column":226},"end":{"line":35,"column":256}},"type":"if","locations":[{"start":{"line":35,"column":226},"end":{"line":35,"column":256}},{"start":{"line":35,"column":226},"end":{"line":35,"column":256}}],"line":35},"6":{"loc":{"start":{"line":35,"column":347},"end":{"line":35,"column":590}},"type":"if","locations":[{"start":{"line":35,"column":347},"end":{"line":35,"column":590}},{"start":{"line":35,"column":347},"end":{"line":35,"column":590}}],"line":35},"7":{"loc":{"start":{"line":35,"column":420},"end":{"line":35,"column":532}},"type":"if","locations":[{"start":{"line":35,"column":420},"end":{"line":35,"column":532}},{"start":{"line":35,"column":420},"end":{"line":35,"column":532}}],"line":35},"8":{"loc":{"start":{"line":35,"column":692},"end":{"line":35,"column":816}},"type":"if","locations":[{"start":{"line":35,"column":692},"end":{"line":35,"column":816}},{"start":{"line":35,"column":692},"end":{"line":35,"column":816}}],"line":35},"9":{"loc":{"start":{"line":35,"column":995},"end":{"line":35,"column":1087}},"type":"if","locations":[{"start":{"line":35,"column":995},"end":{"line":35,"column":1087}},{"start":{"line":35,"column":995},"end":{"line":35,"column":1087}}],"line":35},"10":{"loc":{"start":{"line":35,"column":1179},"end":{"line":35,"column":1357}},"type":"if","locations":[{"start":{"line":35,"column":1179},"end":{"line":35,"column":1357}},{"start":{"line":35,"column":1179},"end":{"line":35,"column":1357}}],"line":35},"11":{"loc":{"start":{"line":35,"column":2000},"end":{"line":35,"column":2205}},"type":"if","locations":[{"start":{"line":35,"column":2000},"end":{"line":35,"column":2205}},{"start":{"line":35,"column":2000},"end":{"line":35,"column":2205}}],"line":35},"12":{"loc":{"start":{"line":35,"column":2127},"end":{"line":35,"column":2204}},"type":"if","locations":[{"start":{"line":35,"column":2127},"end":{"line":35,"column":2204}},{"start":{"line":35,"column":2127},"end":{"line":35,"column":2204}}],"line":35},"13":{"loc":{"start":{"line":35,"column":2246},"end":{"line":35,"column":2530}},"type":"switch","locations":[{"start":{"line":35,"column":2269},"end":{"line":35,"column":2305}},{"start":{"line":35,"column":2305},"end":{"line":35,"column":2341}},{"start":{"line":35,"column":2341},"end":{"line":35,"column":2399}},{"start":{"line":35,"column":2399},"end":{"line":35,"column":2456}},{"start":{"line":35,"column":2456},"end":{"line":35,"column":2486}},{"start":{"line":35,"column":2486},"end":{"line":35,"column":2529}}],"line":35},"14":{"loc":{"start":{"line":35,"column":2626},"end":{"line":35,"column":2764}},"type":"if","locations":[{"start":{"line":35,"column":2626},"end":{"line":35,"column":2764}},{"start":{"line":35,"column":2626},"end":{"line":35,"column":2764}}],"line":35},"16":{"loc":{"start":{"line":35,"column":2969},"end":{"line":35,"column":3017}},"type":"cond-expr","locations":[{"start":{"line":35,"column":2990},"end":{"line":35,"column":3002}},{"start":{"line":35,"column":3005},"end":{"line":35,"column":3017}}],"line":35},"17":{"loc":{"start":{"line":35,"column":3059},"end":{"line":35,"column":3087}},"type":"cond-expr","locations":[{"start":{"line":35,"column":3068},"end":{"line":35,"column":3076}},{"start":{"line":35,"column":3079},"end":{"line":35,"column":3087}}],"line":35},"18":{"loc":{"start":{"line":35,"column":3164},"end":{"line":35,"column":3466}},"type":"if","locations":[{"start":{"line":35,"column":3164},"end":{"line":35,"column":3466}},{"start":{"line":35,"column":3164},"end":{"line":35,"column":3466}}],"line":35},"19":{"loc":{"start":{"line":35,"column":3303},"end":{"line":35,"column":3420}},"type":"if","locations":[{"start":{"line":35,"column":3303},"end":{"line":35,"column":3420}},{"start":{"line":35,"column":3303},"end":{"line":35,"column":3420}}],"line":35},"20":{"loc":{"start":{"line":35,"column":3569},"end":{"line":35,"column":3664}},"type":"if","locations":[{"start":{"line":35,"column":3569},"end":{"line":35,"column":3664}},{"start":{"line":35,"column":3569},"end":{"line":35,"column":3664}}],"line":35},"21":{"loc":{"start":{"line":35,"column":4145},"end":{"line":35,"column":4245}},"type":"if","locations":[{"start":{"line":35,"column":4145},"end":{"line":35,"column":4245}},{"start":{"line":35,"column":4145},"end":{"line":35,"column":4245}}],"line":35},"22":{"loc":{"start":{"line":35,"column":4149},"end":{"line":35,"column":4193}},"type":"binary-expr","locations":[{"start":{"line":35,"column":4149},"end":{"line":35,"column":4157}},{"start":{"line":35,"column":4161},"end":{"line":35,"column":4193}}],"line":35},"23":{"loc":{"start":{"line":35,"column":4472},"end":{"line":35,"column":4997}},"type":"if","locations":[{"start":{"line":35,"column":4472},"end":{"line":35,"column":4997}},{"start":{"line":35,"column":4472},"end":{"line":35,"column":4997}}],"line":35},"24":{"loc":{"start":{"line":35,"column":4476},"end":{"line":35,"column":4596}},"type":"binary-expr","locations":[{"start":{"line":35,"column":4477},"end":{"line":35,"column":4511}},{"start":{"line":35,"column":4515},"end":{"line":35,"column":4551}},{"start":{"line":35,"column":4556},"end":{"line":35,"column":4596}}],"line":35}},"s":{"0":0,"1":0,"2":0,"3":0,"4":0,"5":0,"6":0,"7":0,"8":0,"9":0,"10":0,"11":0,"12":0,"13":0,"14":0,"15":0,"16":0,"17":0,"18":0,"19":0,"20":0,"21":0,"22":0,"23":0,"24":0,"25":0,"26":0,"27":0,"28":0,"29":0,"30":0,"31":0,"32":0,"33":0,"34":0,"35":0,"36":0,"37":0,"38":0,"39":0,"40":0,"41":0,"42":0,"43":0,"44":0,"45":0,"46":0,"47":0,"48":0,"49":0,"50":0,"51":0,"52":0,"53":0,"54":0,"55":0,"56":0,"57":0,"58":0,"59":0,"60":0,"61":0,"62":0,"63":0,"64":0,"65":0,"66":0,"67":0,"68":0,"69":0,"70":0,"71":0,"72":0,"73":0,"74":0,"75":0,"76":0,"77":0,"78":0,"79":0,"80":0,"81":0,"82":0,"83":0,"84":0,"85":0,"86":0,"87":0,"88":0,"89":0,"90":0,"91":0,"92":0,"93":0,"94":0,"95":0,"96":0,"97":0,"98":0,"99":0,"100":0,"101":0,"102":0,"103":0,"104":0,"105":0,"106":0,"107":0,"108":0,"109":0,"110":0,"111":0,"112":0,"113":0,"114":0,"115":0,"116":0,"117":0,"118":0,"119":0,"120":0,"121":0,"122":0,"123":0,"124":0,"125":0,"126":0,"127":0,"128":0,"129":0,"130":0,"131":0,"132":0,"133":0,"134":0,"135":0,"136":0,"137":0,"138":0,"139":0,"140":0,"141":0,"142":0,"143":0,"144":0,"145":0,"146":0,"147":0,"148":0,"149":0,"150":0,"151":0,"152":0,"153":0,"154":0},"f":{"0":0,"1":0,"2":0,"3":0,"4":0,"5":0,"6":0,"7":0,"8":0,"9":0,"10":0,"11":0,"12":0,"13":0,"14":0,"15":0,"16":0,"17":0,"18":0,"19":0,"20":0,"21":0,"22":0,"23":0,"24":0,"25":0,"26":0,"27":0,"28":0,"29":0,"30":0,"31":0,"32":0,"33":0,"34":0,"35":0},"b":{"0":[0,0],"1":[0,0],"2":[0,0],"3":[0,0],"4":[0,0],"5":[0,0],"6":[0,0],"7":[0,0],"8":[0,0],"9":[0,0],"10":[0,0],"11":[0,0],"12":[0,0],"13":[0,0,0,0,0,0],"14":[0,0],"16":[0,0],"17":[0,0],"18":[0,0],"19":[0,0],"20":[0,0],"21":[0,0],"22":[0,0],"23":[0,0],"24":[0,0,0]}}
}
