TN:
SF:/Users/burczu/WORK/OpenSource/polskifrontend-front/src/actions/public/articlesActions.js
FN:3,articlesArticleGet
FN:12,articlesDataLoadedReset
FNF:2
FNH:2
FNDA:1,articlesArticleGet
FNDA:1,articlesDataLoadedReset
DA:4,1
DA:13,1
LF:2
LH:2
BRF:0
BRH:0
end_of_record
TN:
SF:/Users/burczu/WORK/OpenSource/polskifrontend-front/src/actions/public/feedbackActions.js
FN:3,feedbackTextChanged
FN:12,feedbackEmailChanged
FN:21,feedbackCaptchaChanged
FN:30,feedbackSend
FN:40,feedbackStateReset
FNF:5
FNH:5
FNDA:1,feedbackTextChanged
FNDA:1,feedbackEmailChanged
FNDA:1,feedbackCaptchaChanged
FNDA:1,feedbackSend
FNDA:1,feedbackStateReset
DA:4,1
DA:13,1
DA:22,1
DA:31,1
DA:41,1
LF:5
LH:5
BRF:0
BRH:0
end_of_record
TN:
SF:/Users/burczu/WORK/OpenSource/polskifrontend-front/src/actions/public/homeActions.js
FN:3,homeBlogListGetRequest
FN:12,homeArticleListGetRequest
FN:21,homeAddLinkToClicked
FN:30,homeDataLoadedReset
FNF:4
FNH:4
FNDA:1,homeBlogListGetRequest
FNDA:1,homeArticleListGetRequest
FNDA:1,homeAddLinkToClicked
FNDA:1,homeDataLoadedReset
DA:4,1
DA:13,1
DA:22,1
DA:31,1
LF:4
LH:4
BRF:0
BRH:0
end_of_record
TN:
SF:/Users/burczu/WORK/OpenSource/polskifrontend-front/src/actions/public/newsActions.js
FN:3,newsPageGet
FN:12,newsDataLoadedReset
FNF:2
FNH:2
FNDA:1,newsPageGet
FNDA:1,newsDataLoadedReset
DA:4,1
DA:13,1
LF:2
LH:2
BRF:0
BRH:0
end_of_record
TN:
SF:/Users/burczu/WORK/OpenSource/polskifrontend-front/src/actions/public/submitActions.js
FN:3,submitUrlChanged
FN:12,submitEmailChanged
FN:21,submitCaptchaChanged
FN:30,submitBlogRequestSend
FN:40,submitStateReset
FNF:5
FNH:5
FNDA:1,submitUrlChanged
FNDA:1,submitEmailChanged
FNDA:1,submitCaptchaChanged
FNDA:1,submitBlogRequestSend
FNDA:1,submitStateReset
DA:4,1
DA:13,1
DA:22,1
DA:31,1
DA:41,1
LF:5
LH:5
BRF:0
BRH:0
end_of_record
TN:
SF:/Users/burczu/WORK/OpenSource/polskifrontend-front/src/components/App.js
FN:48,(anonymous_0)
FN:52,(anonymous_1)
FN:57,(anonymous_2)
FN:63,(anonymous_3)
FNF:4
FNH:4
FNDA:1,(anonymous_0)
FNDA:5,(anonymous_1)
FNDA:2,(anonymous_2)
FNDA:5,(anonymous_3)
DA:5,1
DA:49,1
DA:53,5
DA:54,5
DA:58,2
DA:59,1
DA:66,5
LF:7
LH:7
BRDA:58,0,0,1
BRDA:58,0,1,1
BRF:2
BRH:2
end_of_record
TN:
SF:/Users/burczu/WORK/OpenSource/polskifrontend-front/src/components/Html.js
FN:35,(anonymous_0)
FN:49,(anonymous_1)
FN:70,(anonymous_2)
FNF:3
FNH:3
FNDA:4,(anonymous_0)
FNDA:2,(anonymous_1)
FNDA:2,(anonymous_2)
DA:36,4
DA:37,4
DA:50,2
DA:70,2
LF:4
LH:4
BRDA:63,0,0,4
BRDA:63,0,1,1
BRDA:71,1,0,4
BRDA:71,1,1,4
BRDA:79,2,0,4
BRDA:79,2,1,4
BRF:6
BRH:6
end_of_record
TN:
SF:/Users/burczu/WORK/OpenSource/polskifrontend-front/src/components/Cookie/CookieInfo.js
FN:7,(anonymous_0)
FN:13,(anonymous_1)
FN:20,(anonymous_2)
FNF:3
FNH:3
FNDA:10,(anonymous_0)
FNDA:2,(anonymous_1)
FNDA:12,(anonymous_2)
DA:8,10
DA:9,10
DA:10,10
DA:14,2
DA:15,2
DA:21,12
DA:23,12
LF:7
LH:7
BRDA:10,0,0,10
BRDA:10,0,1,9
BRDA:21,1,0,3
BRDA:21,1,1,9
BRF:4
BRH:4
end_of_record
TN:
SF:/Users/burczu/WORK/OpenSource/polskifrontend-front/src/components/Footer/Footer.js
FN:8,(anonymous_0)
FNF:1
FNH:1
FNDA:7,(anonymous_0)
DA:9,7
LF:1
LH:1
BRF:0
BRH:0
end_of_record
TN:
SF:/Users/burczu/WORK/OpenSource/polskifrontend-front/src/components/Header/Header.js
FN:13,(anonymous_0)
FN:15,(anonymous_1)
FN:19,(anonymous_2)
FN:21,(anonymous_3)
FN:25,(anonymous_4)
FN:34,(anonymous_5)
FNF:6
FNH:5
FNDA:12,(anonymous_0)
FNDA:1,(anonymous_1)
FNDA:2,(anonymous_2)
FNDA:0,(anonymous_3)
FNDA:1,(anonymous_4)
FNDA:13,(anonymous_5)
DA:14,12
DA:15,12
DA:20,2
DA:21,2
DA:27,1
DA:28,1
DA:29,1
DA:31,1
DA:35,13
DA:37,13
LF:10
LH:10
BRDA:14,0,0,12
BRDA:14,0,1,0
BRDA:20,1,0,2
BRDA:20,1,1,0
BRDA:27,2,0,1
BRDA:27,2,1,0
BRDA:28,3,0,1
BRDA:28,3,1,0
BRDA:28,3,2,0
BRDA:35,4,0,1
BRDA:35,4,1,12
BRF:11
BRH:6
end_of_record
TN:
SF:/Users/burczu/WORK/OpenSource/polskifrontend-front/src/components/Indicators/Loader.js
FN:7,(anonymous_0)
FNF:1
FNH:1
FNDA:4,(anonymous_0)
DA:7,3
DA:9,4
DA:12,4
DA:19,3
LF:4
LH:4
BRDA:14,0,0,1
BRDA:14,0,1,3
BRF:2
BRH:2
end_of_record
TN:
SF:/Users/burczu/WORK/OpenSource/polskifrontend-front/src/components/Indicators/Message.js
FN:16,(anonymous_0)
FN:31,(anonymous_1)
FN:39,(anonymous_2)
FNF:3
FNH:3
FNDA:6,(anonymous_0)
FNDA:1,(anonymous_1)
FNDA:19,(anonymous_2)
DA:17,6
DA:18,6
DA:20,6
DA:21,1
DA:24,6
DA:25,1
DA:30,6
DA:31,4
DA:32,1
DA:40,19
DA:41,19
DA:43,19
DA:45,1
DA:46,1
DA:48,1
DA:49,1
DA:51,17
DA:52,17
DA:55,19
DA:56,11
DA:59,19
LF:21
LH:21
BRDA:20,0,0,1
BRDA:20,0,1,5
BRDA:24,1,0,1
BRDA:24,1,1,5
BRDA:30,2,0,4
BRDA:30,2,1,2
BRDA:30,3,0,6
BRDA:30,3,1,4
BRDA:43,4,0,1
BRDA:43,4,1,1
BRDA:43,4,2,17
BRDA:55,5,0,11
BRDA:55,5,1,8
BRF:13
BRH:13
end_of_record
TN:
SF:/Users/burczu/WORK/OpenSource/polskifrontend-front/src/components/Layout/HeaderSettings.js
FN:6,(anonymous_0)
FNF:1
FNH:1
FNDA:3,(anonymous_0)
DA:6,3
DA:7,3
DA:19,3
LF:3
LH:3
BRF:0
BRH:0
end_of_record
TN:
SF:/Users/burczu/WORK/OpenSource/polskifrontend-front/src/components/Layout/Layout.js
FN:23,(anonymous_0)
FN:28,(anonymous_1)
FN:36,(anonymous_2)
FNF:3
FNH:3
FNDA:6,(anonymous_0)
FNDA:6,(anonymous_1)
FNDA:6,(anonymous_2)
DA:24,6
DA:25,6
DA:26,6
DA:28,6
DA:29,6
DA:30,6
DA:33,6
DA:37,6
LF:8
LH:8
BRDA:30,0,0,6
BRDA:30,0,1,6
BRF:2
BRH:2
end_of_record
TN:
SF:/Users/burczu/WORK/OpenSource/polskifrontend-front/src/components/Layout/TopHomeLinks.js
FN:7,(anonymous_0)
FNF:1
FNH:1
FNDA:12,(anonymous_0)
DA:7,2
DA:8,12
DA:48,2
LF:3
LH:3
BRDA:16,0,0,5
BRDA:16,0,1,7
BRF:2
BRH:2
end_of_record
TN:
SF:/Users/burczu/WORK/OpenSource/polskifrontend-front/src/components/Layout/TopHomePanel.js
FN:9,(anonymous_0)
FNF:1
FNH:1
FNDA:8,(anonymous_0)
DA:9,2
DA:10,8
LF:2
LH:2
BRF:0
BRH:0
end_of_record
TN:
SF:/Users/burczu/WORK/OpenSource/polskifrontend-front/src/components/Link/Link.js
FN:5,(anonymous_0)
FN:9,(anonymous_1)
FN:24,(anonymous_2)
FN:41,(anonymous_3)
FNF:4
FNH:4
FNDA:9,(anonymous_0)
FNDA:13,(anonymous_1)
FNDA:8,(anonymous_2)
FNDA:65,(anonymous_3)
DA:5,8
DA:6,9
DA:9,8
DA:10,13
DA:25,8
DA:26,8
DA:29,8
DA:30,6
DA:33,2
DA:34,0
DA:37,2
DA:38,2
DA:42,65
DA:43,65
LF:14
LH:13
BRDA:10,0,0,13
BRDA:10,0,1,11
BRDA:10,0,2,10
BRDA:10,0,3,9
BRDA:25,1,0,8
BRDA:25,1,1,0
BRDA:29,2,0,6
BRDA:29,2,1,2
BRDA:29,3,0,8
BRDA:29,3,1,7
BRDA:33,4,0,0
BRDA:33,4,1,2
BRF:12
BRH:10
end_of_record
TN:
SF:/Users/burczu/WORK/OpenSource/polskifrontend-front/src/components/Modals/Confirm.js
FN:7,(anonymous_0)
FNF:1
FNH:1
FNDA:7,(anonymous_0)
DA:7,1
DA:8,7
DA:9,7
DA:11,7
DA:27,1
LF:5
LH:5
BRDA:8,0,0,6
BRDA:8,0,1,1
BRDA:9,1,0,1
BRDA:9,1,1,6
BRF:4
BRH:4
end_of_record
TN:
SF:/Users/burczu/WORK/OpenSource/polskifrontend-front/src/components/Page/Page.js
FN:12,(anonymous_0)
FNF:1
FNH:1
FNDA:2,(anonymous_0)
DA:13,2
DA:14,2
LF:2
LH:2
BRF:0
BRH:0
end_of_record
TN:
SF:/Users/burczu/WORK/OpenSource/polskifrontend-front/src/components/Responsive/ResponsiveContainer.js
FN:6,(anonymous_0)
FNF:1
FNH:1
FNDA:5,(anonymous_0)
DA:6,6
DA:7,5
DA:9,5
DA:16,6
LF:4
LH:4
BRDA:7,0,0,3
BRDA:7,0,1,2
BRF:2
BRH:2
end_of_record
TN:
SF:/Users/burczu/WORK/OpenSource/polskifrontend-front/src/components/Responsive/ResponsivePanel.js
FN:8,(anonymous_0)
FNF:1
FNH:1
FNDA:11,(anonymous_0)
DA:8,5
DA:9,11
DA:28,5
LF:3
LH:3
BRF:0
BRH:0
end_of_record
TN:
SF:/Users/burczu/WORK/OpenSource/polskifrontend-front/src/components/Responsive/ResponsivePanelHeader.js
FN:8,(anonymous_0)
FNF:1
FNH:1
FNDA:9,(anonymous_0)
DA:8,6
DA:9,9
DA:17,9
DA:18,3
DA:25,9
DA:33,6
LF:6
LH:6
BRDA:9,0,0,6
BRDA:9,0,1,3
BRDA:9,1,0,9
BRDA:9,1,1,7
BRDA:17,2,0,3
BRDA:17,2,1,6
BRDA:17,3,0,9
BRDA:17,3,1,3
BRF:8
BRH:8
end_of_record
TN:
SF:/Users/burczu/WORK/OpenSource/polskifrontend-front/src/constants/index.js
FNF:0
FNH:0
DA:8,26
DA:16,26
DA:18,26
DA:19,26
DA:20,26
DA:21,26
DA:23,26
DA:24,26
DA:25,26
DA:26,26
DA:28,26
DA:29,26
DA:32,26
DA:33,26
DA:34,26
DA:35,26
DA:36,26
DA:38,26
DA:39,26
DA:40,26
DA:42,26
DA:45,26
DA:46,26
DA:47,26
DA:48,26
DA:49,26
DA:51,26
DA:52,26
DA:53,26
DA:55,26
DA:58,26
DA:60,26
DA:61,26
DA:62,26
DA:65,26
DA:67,26
DA:68,26
DA:69,26
LF:38
LH:38
BRF:0
BRH:0
end_of_record
TN:
SF:/Users/burczu/WORK/OpenSource/polskifrontend-front/src/core/devUtils.js
FNF:0
FNH:0
DA:12,1
DA:13,1
LF:2
LH:2
BRDA:12,0,0,1
BRDA:12,0,1,0
BRDA:12,1,0,1
BRDA:12,1,1,1
BRF:4
BRH:3
end_of_record
TN:
SF:/Users/burczu/WORK/OpenSource/polskifrontend-front/src/core/history.js
FNF:0
FNH:0
LF:0
LH:0
BRDA:16,0,0,1
BRDA:16,0,1,8
BRF:2
BRH:2
end_of_record
TN:
SF:/Users/burczu/WORK/OpenSource/polskifrontend-front/src/core/helpers/cookieHelper.js
FN:6,(anonymous_0)
FN:13,(anonymous_1)
FN:20,(anonymous_2)
FN:27,(anonymous_3)
FNF:4
FNH:4
FNDA:2,(anonymous_0)
FNDA:12,(anonymous_1)
FNDA:11,(anonymous_2)
FNDA:5,(anonymous_3)
DA:7,2
DA:8,1
DA:10,1
DA:14,12
DA:15,9
DA:18,3
DA:21,11
DA:22,10
DA:25,1
DA:28,5
DA:29,3
DA:32,2
LF:12
LH:12
BRDA:7,0,0,1
BRDA:7,0,1,1
BRDA:13,1,0,4
BRDA:14,2,0,9
BRDA:14,2,1,3
BRDA:21,3,0,10
BRDA:21,3,1,1
BRDA:27,4,0,4
BRDA:28,5,0,3
BRDA:28,5,1,2
BRF:10
BRH:10
end_of_record
TN:
SF:/Users/burczu/WORK/OpenSource/polskifrontend-front/src/core/helpers/dateHelper.js
FN:5,(anonymous_0)
FN:13,(anonymous_1)
FNF:2
FNH:2
FNDA:3,(anonymous_0)
FNDA:3,(anonymous_1)
DA:1,2
DA:2,2
DA:6,3
DA:7,3
DA:8,1
DA:11,2
DA:14,3
DA:15,3
DA:16,1
DA:19,2
LF:10
LH:10
BRDA:7,0,0,1
BRDA:7,0,1,2
BRDA:15,1,0,1
BRDA:15,1,1,2
BRF:4
BRH:4
end_of_record
TN:
SF:/Users/burczu/WORK/OpenSource/polskifrontend-front/src/core/helpers/loginHelper.js
FN:6,(anonymous_0)
FN:9,(anonymous_1)
FN:12,(anonymous_2)
FNF:3
FNH:3
FNDA:1,(anonymous_0)
FNDA:1,(anonymous_1)
FNDA:1,(anonymous_2)
DA:3,8
DA:7,1
DA:10,1
DA:13,1
LF:4
LH:4
BRF:0
BRH:0
end_of_record
TN:
SF:/Users/burczu/WORK/OpenSource/polskifrontend-front/src/core/helpers/settingsHelper.js
FN:11,(anonymous_0)
FN:14,(anonymous_1)
FNF:2
FNH:2
FNDA:5,(anonymous_0)
FNDA:2,(anonymous_1)
DA:3,4
DA:4,4
DA:12,5
DA:15,2
DA:16,2
DA:19,1
LF:6
LH:6
BRDA:16,0,0,2
BRDA:16,0,1,1
BRF:2
BRH:2
end_of_record
TN:
SF:/Users/burczu/WORK/OpenSource/polskifrontend-front/src/core/helpers/validators.js
FN:2,(anonymous_0)
FN:6,(anonymous_1)
FN:10,(anonymous_2)
FN:17,(anonymous_3)
FNF:4
FNH:4
FNDA:14,(anonymous_0)
FNDA:10,(anonymous_1)
FNDA:10,(anonymous_2)
FNDA:10,(anonymous_3)
DA:3,14
DA:4,14
DA:7,10
DA:8,10
DA:11,10
DA:12,5
DA:15,5
DA:18,10
DA:19,10
LF:9
LH:9
BRDA:11,0,0,5
BRDA:11,0,1,5
BRF:2
BRH:2
end_of_record
TN:
SF:/Users/burczu/WORK/OpenSource/polskifrontend-front/src/core/redux/mapPublicDispatchToProps.js
FN:5,mapPublicDispatchToProps
FN:8,(anonymous_1)
FNF:2
FNH:2
FNDA:9,mapPublicDispatchToProps
FNDA:171,(anonymous_1)
DA:6,9
DA:8,171
DA:10,9
LF:3
LH:3
BRF:0
BRH:0
end_of_record
TN:
SF:/Users/burczu/WORK/OpenSource/polskifrontend-front/src/core/redux/mapPublicStateToProps.js
FN:1,mapPublicStateToProps
FNF:1
FNH:1
FNDA:10,mapPublicStateToProps
DA:2,10
LF:1
LH:1
BRF:0
BRH:0
end_of_record
TN:
SF:/Users/burczu/WORK/OpenSource/polskifrontend-front/src/epics/public/articles/articlesGetArticleEpic.js
FN:10,(anonymous_0)
FN:12,(anonymous_1)
FN:19,(anonymous_2)
FN:24,(anonymous_3)
FNF:4
FNH:4
FNDA:2,(anonymous_0)
FNDA:2,(anonymous_1)
FNDA:1,(anonymous_2)
FNDA:1,(anonymous_3)
DA:10,1
DA:11,2
DA:13,2
DA:14,2
DA:15,2
DA:16,2
DA:18,2
DA:19,1
DA:24,1
LF:9
LH:9
BRF:0
BRH:0
end_of_record
TN:
SF:/Users/burczu/WORK/OpenSource/polskifrontend-front/src/epics/public/feedback/feedbackEmailChangedEpic.js
FN:7,(anonymous_0)
FN:9,(anonymous_1)
FNF:2
FNH:2
FNDA:1,(anonymous_0)
FNDA:1,(anonymous_1)
DA:7,1
DA:8,1
DA:10,1
DA:11,1
DA:13,1
LF:5
LH:5
BRDA:11,0,0,1
BRDA:11,0,1,1
BRF:2
BRH:2
end_of_record
TN:
SF:/Users/burczu/WORK/OpenSource/polskifrontend-front/src/epics/public/feedback/feedbackSendEpic.js
FN:11,(anonymous_0)
FN:13,(anonymous_1)
FN:23,(anonymous_2)
FN:25,(anonymous_3)
FNF:4
FNH:4
FNDA:2,(anonymous_0)
FNDA:2,(anonymous_1)
FNDA:1,(anonymous_2)
FNDA:1,(anonymous_3)
DA:11,1
DA:12,2
DA:14,2
DA:15,2
DA:22,2
DA:23,1
DA:25,1
LF:7
LH:7
BRF:0
BRH:0
end_of_record
TN:
SF:/Users/burczu/WORK/OpenSource/polskifrontend-front/src/epics/public/feedback/feedbackTextChangedEpic.js
FN:7,(anonymous_0)
FN:9,(anonymous_1)
FNF:2
FNH:2
FNDA:1,(anonymous_0)
FNDA:1,(anonymous_1)
DA:7,1
DA:8,1
DA:10,1
DA:11,1
DA:13,1
LF:5
LH:5
BRF:0
BRH:0
end_of_record
TN:
SF:/Users/burczu/WORK/OpenSource/polskifrontend-front/src/epics/public/home/homeArticlesListGetEpic.js
FN:13,(anonymous_0)
FN:19,(anonymous_1)
FN:25,(anonymous_2)
FN:27,(anonymous_3)
FN:30,(anonymous_4)
FN:41,(anonymous_5)
FNF:6
FNH:6
FNDA:2,(anonymous_0)
FNDA:2,(anonymous_1)
FNDA:3,(anonymous_2)
FNDA:3,(anonymous_3)
FNDA:2,(anonymous_4)
FNDA:1,(anonymous_5)
DA:13,1
DA:14,2
DA:15,2
DA:16,2
DA:19,1
DA:20,2
DA:21,2
DA:22,2
DA:25,1
DA:26,3
DA:28,3
DA:29,3
DA:31,2
DA:32,2
DA:33,2
DA:35,2
DA:41,1
LF:17
LH:17
BRF:0
BRH:0
end_of_record
TN:
SF:/Users/burczu/WORK/OpenSource/polskifrontend-front/src/epics/public/home/homeArticlesListGetRequestEpic.js
FN:6,(anonymous_0)
FN:8,(anonymous_1)
FNF:2
FNH:2
FNDA:2,(anonymous_0)
FNDA:2,(anonymous_1)
DA:6,1
DA:7,2
DA:9,2
DA:10,2
DA:12,2
LF:5
LH:5
BRDA:14,0,0,1
BRDA:14,0,1,1
BRF:2
BRH:2
end_of_record
TN:
SF:/Users/burczu/WORK/OpenSource/polskifrontend-front/src/epics/public/home/homeBlogListGetEpic.js
FN:13,(anonymous_0)
FN:19,(anonymous_1)
FN:25,(anonymous_2)
FN:27,(anonymous_3)
FN:30,(anonymous_4)
FN:41,(anonymous_5)
FNF:6
FNH:6
FNDA:2,(anonymous_0)
FNDA:2,(anonymous_1)
FNDA:3,(anonymous_2)
FNDA:3,(anonymous_3)
FNDA:2,(anonymous_4)
FNDA:1,(anonymous_5)
DA:13,1
DA:14,2
DA:15,2
DA:16,2
DA:19,1
DA:20,2
DA:21,2
DA:22,2
DA:25,1
DA:26,3
DA:28,3
DA:29,3
DA:31,2
DA:32,2
DA:33,2
DA:35,2
DA:41,1
LF:17
LH:17
BRF:0
BRH:0
end_of_record
TN:
SF:/Users/burczu/WORK/OpenSource/polskifrontend-front/src/epics/public/home/homeBlogListGetRequestEpic.js
FN:6,(anonymous_0)
FN:8,(anonymous_1)
FNF:2
FNH:2
FNDA:2,(anonymous_0)
FNDA:2,(anonymous_1)
DA:6,1
DA:7,2
DA:9,2
DA:10,2
DA:12,2
LF:5
LH:5
BRDA:14,0,0,1
BRDA:14,0,1,1
BRF:2
BRH:2
end_of_record
TN:
SF:/Users/burczu/WORK/OpenSource/polskifrontend-front/src/epics/public/home/homeLinkToClickedAddEpic.js
FN:7,(anonymous_0)
FN:9,(anonymous_1)
FNF:2
FNH:2
FNDA:1,(anonymous_0)
FNDA:1,(anonymous_1)
DA:7,1
DA:8,1
DA:10,1
DA:11,1
DA:12,1
DA:14,1
DA:16,1
LF:7
LH:7
BRF:0
BRH:0
end_of_record
TN:
SF:/Users/burczu/WORK/OpenSource/polskifrontend-front/src/epics/public/news/newsPageGetEpic.js
FN:10,(anonymous_0)
FN:16,(anonymous_1)
FN:18,(anonymous_2)
FN:21,(anonymous_3)
FN:31,(anonymous_4)
FNF:5
FNH:5
FNDA:1,(anonymous_0)
FNDA:2,(anonymous_1)
FNDA:2,(anonymous_2)
FNDA:1,(anonymous_3)
FNDA:1,(anonymous_4)
DA:10,1
DA:11,1
DA:12,1
DA:13,1
DA:16,1
DA:17,2
DA:19,2
DA:20,2
DA:22,1
DA:23,1
DA:25,1
DA:31,1
LF:12
LH:12
BRF:0
BRH:0
end_of_record
TN:
SF:/Users/burczu/WORK/OpenSource/polskifrontend-front/src/epics/public/submit/submitBlogRequestSendEpic.js
FN:11,(anonymous_0)
FN:13,(anonymous_1)
FN:23,(anonymous_2)
FN:25,(anonymous_3)
FNF:4
FNH:4
FNDA:2,(anonymous_0)
FNDA:2,(anonymous_1)
FNDA:1,(anonymous_2)
FNDA:1,(anonymous_3)
DA:11,1
DA:12,2
DA:14,2
DA:15,2
DA:22,2
DA:23,1
DA:25,1
LF:7
LH:7
BRF:0
BRH:0
end_of_record
TN:
SF:/Users/burczu/WORK/OpenSource/polskifrontend-front/src/epics/public/submit/submitEmailChangedEpic.js
FN:7,(anonymous_0)
FN:9,(anonymous_1)
FNF:2
FNH:2
FNDA:1,(anonymous_0)
FNDA:1,(anonymous_1)
DA:7,1
DA:8,1
DA:10,1
DA:11,1
DA:13,1
LF:5
LH:5
BRDA:11,0,0,1
BRDA:11,0,1,1
BRF:2
BRH:2
end_of_record
TN:
SF:/Users/burczu/WORK/OpenSource/polskifrontend-front/src/epics/public/submit/submitUrlChangedEpic.js
FN:7,(anonymous_0)
FN:9,(anonymous_1)
FNF:2
FNH:2
FNDA:1,(anonymous_0)
FNDA:1,(anonymous_1)
DA:7,1
DA:8,1
DA:10,1
DA:11,1
DA:13,1
LF:5
LH:5
BRDA:11,0,0,1
BRDA:11,0,1,1
BRF:2
BRH:2
end_of_record
TN:
SF:/Users/burczu/WORK/OpenSource/polskifrontend-front/src/graphql/queries/articles.js
FN:1,(anonymous_0)
FN:29,(anonymous_1)
FNF:2
FNH:2
FNDA:3,(anonymous_0)
FNDA:2,(anonymous_1)
DA:1,2
DA:2,3
DA:26,3
DA:29,2
DA:30,2
DA:52,2
LF:6
LH:6
BRF:0
BRH:0
end_of_record
TN:
SF:/Users/burczu/WORK/OpenSource/polskifrontend-front/src/graphql/queries/blogs.js
FN:1,(anonymous_0)
FN:30,(anonymous_1)
FNF:2
FNH:2
FNDA:3,(anonymous_0)
FNDA:2,(anonymous_1)
DA:1,2
DA:2,3
DA:27,3
DA:30,2
DA:31,2
DA:37,2
LF:6
LH:6
BRF:0
BRH:0
end_of_record
TN:
SF:/Users/burczu/WORK/OpenSource/polskifrontend-front/src/graphql/queries/feedback.js
FN:1,(anonymous_0)
FNF:1
FNH:1
FNDA:2,(anonymous_0)
DA:1,1
DA:2,2
DA:8,2
LF:3
LH:3
BRF:0
BRH:0
end_of_record
TN:
SF:/Users/burczu/WORK/OpenSource/polskifrontend-front/src/graphql/queries/news.js
FN:1,(anonymous_0)
FNF:1
FNH:1
FNDA:2,(anonymous_0)
DA:1,1
DA:2,2
DA:16,2
LF:3
LH:3
BRF:0
BRH:0
end_of_record
TN:
SF:/Users/burczu/WORK/OpenSource/polskifrontend-front/src/reducers/public/articles.js
FN:13,articlesReducer
FNF:1
FNH:1
FNDA:5,articlesReducer
DA:3,1
DA:14,5
DA:16,1
DA:19,1
DA:27,1
DA:36,1
DA:44,1
LF:7
LH:7
BRDA:13,0,0,1
BRDA:14,1,0,1
BRDA:14,1,1,1
BRDA:14,1,2,1
BRDA:14,1,3,1
BRDA:14,1,4,1
BRF:6
BRH:6
end_of_record
TN:
SF:/Users/burczu/WORK/OpenSource/polskifrontend-front/src/reducers/public/feedback.js
FN:18,feedbackReducer
FNF:1
FNH:1
FNDA:8,feedbackReducer
DA:3,1
DA:19,8
DA:21,1
DA:29,1
DA:37,1
DA:40,1
DA:48,1
DA:57,1
DA:67,1
DA:69,1
LF:10
LH:10
BRDA:18,0,0,1
BRDA:19,1,0,1
BRDA:19,1,1,1
BRDA:19,1,2,1
BRDA:19,1,3,1
BRDA:19,1,4,1
BRDA:19,1,5,1
BRDA:19,1,6,1
BRDA:19,1,7,1
BRF:9
BRH:9
end_of_record
TN:
SF:/Users/burczu/WORK/OpenSource/polskifrontend-front/src/reducers/public/home.js
FN:26,homeReducer
FNF:1
FNH:1
FNDA:9,homeReducer
DA:3,1
DA:27,9
DA:29,1
DA:32,1
DA:40,1
DA:51,1
DA:59,1
DA:67,1
DA:78,1
DA:86,1
DA:88,1
LF:11
LH:11
BRDA:26,0,0,1
BRDA:27,1,0,1
BRDA:27,1,1,1
BRDA:27,1,2,1
BRDA:27,1,3,1
BRDA:27,1,4,1
BRDA:27,1,5,1
BRDA:27,1,6,1
BRDA:27,1,7,1
BRDA:27,1,8,1
BRF:10
BRH:10
end_of_record
TN:
SF:/Users/burczu/WORK/OpenSource/polskifrontend-front/src/reducers/public/news.js
FN:13,newsReducer
FNF:1
FNH:1
FNDA:5,newsReducer
DA:3,1
DA:14,5
DA:16,1
DA:19,1
DA:26,1
DA:35,1
DA:42,1
LF:7
LH:7
BRDA:13,0,0,1
BRDA:14,1,0,1
BRDA:14,1,1,1
BRDA:14,1,2,1
BRDA:14,1,3,1
BRDA:14,1,4,1
BRF:6
BRH:6
end_of_record
TN:
SF:/Users/burczu/WORK/OpenSource/polskifrontend-front/src/reducers/public/submit.js
FN:17,submitReducer
FNF:1
FNH:1
FNDA:8,submitReducer
DA:3,1
DA:18,8
DA:20,1
DA:21,1
DA:23,1
DA:24,1
DA:26,1
DA:29,1
DA:31,1
DA:33,1
DA:36,1
DA:38,1
LF:12
LH:12
BRDA:17,0,0,1
BRDA:18,1,0,1
BRDA:18,1,1,1
BRDA:18,1,2,1
BRDA:18,1,3,1
BRDA:18,1,4,1
BRDA:18,1,5,1
BRDA:18,1,6,1
BRDA:18,1,7,1
BRF:9
BRH:9
end_of_record
TN:
SF:/Users/burczu/WORK/OpenSource/polskifrontend-front/src/routes/index.js
FN:1,_asyncToGenerator
FN:1,(anonymous_1)
FN:1,(anonymous_2)
FN:1,step
FN:1,(anonymous_4)
FN:1,(anonymous_5)
FN:30,(anonymous_6)
FNF:7
FNH:0
FNDA:0,_asyncToGenerator
FNDA:0,(anonymous_1)
FNDA:0,(anonymous_2)
FNDA:0,step
FNDA:0,(anonymous_4)
FNDA:0,(anonymous_5)
FNDA:0,(anonymous_6)
DA:1,0
DA:13,0
DA:30,0
DA:32,0
DA:35,0
DA:36,0
DA:38,0
DA:39,0
LF:8
LH:0
BRDA:1,0,0,0
BRDA:1,0,1,0
BRDA:35,1,0,0
BRDA:35,1,1,0
BRDA:36,2,0,0
BRDA:36,2,1,0
BRF:6
BRH:0
end_of_record
TN:
SF:/Users/burczu/WORK/OpenSource/polskifrontend-front/src/routes/about/About.js
FN:9,(anonymous_0)
FNF:1
FNH:1
FNDA:1,(anonymous_0)
DA:9,1
DA:10,1
DA:11,1
DA:13,1
DA:37,1
LF:5
LH:5
BRF:0
BRH:0
end_of_record
TN:
SF:/Users/burczu/WORK/OpenSource/polskifrontend-front/src/routes/about/index.js
FN:3,_interopRequireDefault
FN:3,_asyncToGenerator
FN:3,(anonymous_2)
FN:3,(anonymous_3)
FN:3,step
FN:3,(anonymous_5)
FN:3,(anonymous_6)
FN:7,(anonymous_7)
FN:15,_getGlobalObject
FN:15,_getRewireModuleId__
FN:15,_getRewireRegistry__
FN:15,_getRewiredData__
FN:15,registerResetAll
FN:15,(anonymous_13)
FN:15,(anonymous_14)
FN:15,addPropertyToAPIObject
FN:15,_get__
FN:15,_get_original__
FN:15,_assign__
FN:15,_set_original__
FN:15,_update_operation__
FN:15,_set__
FN:15,(anonymous_22)
FN:15,(anonymous_23)
FN:15,_reset__
FN:15,_with__
FN:15,reset
FN:15,(anonymous_27)
FN:15,(anonymous_28)
FN:15,(anonymous_29)
FN:15,addNonEnumerableProperty
FNF:31
FNH:0
FNDA:0,_interopRequireDefault
FNDA:0,_asyncToGenerator
FNDA:0,(anonymous_2)
FNDA:0,(anonymous_3)
FNDA:0,step
FNDA:0,(anonymous_5)
FNDA:0,(anonymous_6)
FNDA:0,(anonymous_7)
FNDA:0,_getGlobalObject
FNDA:0,_getRewireModuleId__
FNDA:0,_getRewireRegistry__
FNDA:0,_getRewiredData__
FNDA:0,registerResetAll
FNDA:0,(anonymous_13)
FNDA:0,(anonymous_14)
FNDA:0,addPropertyToAPIObject
FNDA:0,_get__
FNDA:0,_get_original__
FNDA:0,_assign__
FNDA:0,_set_original__
FNDA:0,_update_operation__
FNDA:0,_set__
FNDA:0,(anonymous_22)
FNDA:0,(anonymous_23)
FNDA:0,_reset__
FNDA:0,_with__
FNDA:0,reset
FNDA:0,(anonymous_27)
FNDA:0,(anonymous_28)
FNDA:0,(anonymous_29)
FNDA:0,addNonEnumerableProperty
DA:1,0
DA:2,0
DA:3,0
DA:5,0
DA:7,0
DA:8,0
DA:15,0
LF:7
LH:0
BRDA:3,0,0,0
BRDA:3,0,1,0
BRDA:3,1,0,0
BRDA:3,1,1,0
BRDA:3,2,0,0
BRDA:3,2,1,0
BRDA:15,3,0,0
BRDA:15,3,1,0
BRDA:15,4,0,0
BRDA:15,4,1,0
BRDA:15,5,0,0
BRDA:15,5,1,0
BRDA:15,6,0,0
BRDA:15,6,1,0
BRDA:15,7,0,0
BRDA:15,7,1,0
BRDA:15,8,0,0
BRDA:15,8,1,0
BRDA:15,9,0,0
BRDA:15,9,1,0
BRDA:15,10,0,0
BRDA:15,10,1,0
BRDA:15,11,0,0
BRDA:15,11,1,0
BRDA:15,12,0,0
BRDA:15,12,1,0
BRDA:15,12,2,0
BRDA:15,13,0,0
BRDA:15,13,1,0
BRDA:15,15,0,0
BRDA:15,15,1,0
BRDA:15,16,0,0
BRDA:15,16,1,0
BRDA:15,17,0,0
BRDA:15,17,1,0
BRDA:15,18,0,0
BRDA:15,18,1,0
BRDA:15,19,0,0
BRDA:15,19,1,0
BRDA:15,20,0,0
BRDA:15,20,1,0
BRDA:15,21,0,0
BRDA:15,21,1,0
BRDA:15,22,0,0
BRDA:15,22,1,0
BRDA:15,23,0,0
BRDA:15,23,1,0
BRDA:15,23,2,0
BRF:48
BRH:0
end_of_record
TN:
SF:/Users/burczu/WORK/OpenSource/polskifrontend-front/src/routes/articles/Articles.js
FN:19,(anonymous_0)
FN:24,(anonymous_1)
FN:28,(anonymous_2)
FNF:3
FNH:2
FNDA:0,(anonymous_0)
FNDA:2,(anonymous_1)
FNDA:1,(anonymous_2)
DA:20,0
DA:21,0
DA:25,2
DA:29,1
DA:30,1
DA:31,1
DA:33,1
DA:35,1
LF:8
LH:6
BRDA:31,0,0,1
BRDA:31,0,1,0
BRDA:33,1,0,1
BRDA:33,1,1,1
BRDA:38,2,0,1
BRDA:38,2,1,1
BRDA:39,3,0,1
BRDA:39,3,1,1
BRDA:40,4,0,1
BRDA:40,4,1,1
BRDA:41,5,0,1
BRDA:41,5,1,0
BRDA:42,6,0,1
BRDA:42,6,1,0
BRDA:43,7,0,1
BRDA:43,7,1,0
BRDA:45,8,0,1
BRDA:45,8,1,0
BRF:18
BRH:13
end_of_record
TN:
SF:/Users/burczu/WORK/OpenSource/polskifrontend-front/src/routes/articles/index.js
FN:1,(anonymous_0)
FN:6,_interopRequireWildcard
FN:6,_interopRequireDefault
FN:6,_asyncToGenerator
FN:6,(anonymous_4)
FN:6,(anonymous_5)
FN:6,step
FN:6,(anonymous_7)
FN:6,(anonymous_8)
FN:10,(anonymous_9)
FN:30,_getGlobalObject
FN:30,_getRewireModuleId__
FN:30,_getRewireRegistry__
FN:30,_getRewiredData__
FN:30,registerResetAll
FN:30,(anonymous_15)
FN:30,(anonymous_16)
FN:30,addPropertyToAPIObject
FN:30,_get__
FN:30,_get_original__
FN:30,_assign__
FN:30,_set_original__
FN:30,_update_operation__
FN:30,_set__
FN:30,(anonymous_24)
FN:30,(anonymous_25)
FN:30,_reset__
FN:30,_with__
FN:30,reset
FN:30,(anonymous_29)
FN:30,(anonymous_30)
FN:30,(anonymous_31)
FN:30,addNonEnumerableProperty
FN:30,_filterWildcardImport__
FN:30,(anonymous_34)
FN:30,(anonymous_35)
FNF:36
FNH:0
FNDA:0,(anonymous_0)
FNDA:0,_interopRequireWildcard
FNDA:0,_interopRequireDefault
FNDA:0,_asyncToGenerator
FNDA:0,(anonymous_4)
FNDA:0,(anonymous_5)
FNDA:0,step
FNDA:0,(anonymous_7)
FNDA:0,(anonymous_8)
FNDA:0,(anonymous_9)
FNDA:0,_getGlobalObject
FNDA:0,_getRewireModuleId__
FNDA:0,_getRewireRegistry__
FNDA:0,_getRewiredData__
FNDA:0,registerResetAll
FNDA:0,(anonymous_15)
FNDA:0,(anonymous_16)
FNDA:0,addPropertyToAPIObject
FNDA:0,_get__
FNDA:0,_get_original__
FNDA:0,_assign__
FNDA:0,_set_original__
FNDA:0,_update_operation__
FNDA:0,_set__
FNDA:0,(anonymous_24)
FNDA:0,(anonymous_25)
FNDA:0,_reset__
FNDA:0,_with__
FNDA:0,reset
FNDA:0,(anonymous_29)
FNDA:0,(anonymous_30)
FNDA:0,(anonymous_31)
FNDA:0,addNonEnumerableProperty
FNDA:0,_filterWildcardImport__
FNDA:0,(anonymous_34)
FNDA:0,(anonymous_35)
DA:1,0
DA:2,0
DA:3,0
DA:4,0
DA:5,0
DA:6,0
DA:8,0
DA:10,0
DA:11,0
DA:12,0
DA:14,0
DA:16,0
DA:17,0
DA:18,0
DA:20,0
DA:23,0
DA:30,0
LF:17
LH:0
BRDA:1,0,0,0
BRDA:1,0,1,0
BRDA:1,1,0,0
BRDA:1,1,1,0
BRDA:6,2,0,0
BRDA:6,2,1,0
BRDA:6,3,0,0
BRDA:6,3,1,0
BRDA:6,4,0,0
BRDA:6,4,1,0
BRDA:6,5,0,0
BRDA:6,5,1,0
BRDA:6,6,0,0
BRDA:6,6,1,0
BRDA:6,7,0,0
BRDA:6,7,1,0
BRDA:6,8,0,0
BRDA:6,8,1,0
BRDA:14,9,0,0
BRDA:14,9,1,0
BRDA:18,10,0,0
BRDA:18,10,1,0
BRDA:30,11,0,0
BRDA:30,11,1,0
BRDA:30,12,0,0
BRDA:30,12,1,0
BRDA:30,13,0,0
BRDA:30,13,1,0
BRDA:30,14,0,0
BRDA:30,14,1,0
BRDA:30,15,0,0
BRDA:30,15,1,0
BRDA:30,16,0,0
BRDA:30,16,1,0
BRDA:30,17,0,0
BRDA:30,17,1,0
BRDA:30,18,0,0
BRDA:30,18,1,0
BRDA:30,19,0,0
BRDA:30,19,1,0
BRDA:30,20,0,0
BRDA:30,20,1,0
BRDA:30,20,2,0
BRDA:30,20,3,0
BRDA:30,20,4,0
BRDA:30,20,5,0
BRDA:30,21,0,0
BRDA:30,21,1,0
BRDA:30,23,0,0
BRDA:30,23,1,0
BRDA:30,24,0,0
BRDA:30,24,1,0
BRDA:30,25,0,0
BRDA:30,25,1,0
BRDA:30,26,0,0
BRDA:30,26,1,0
BRDA:30,27,0,0
BRDA:30,27,1,0
BRDA:30,28,0,0
BRDA:30,28,1,0
BRDA:30,29,0,0
BRDA:30,29,1,0
BRDA:30,30,0,0
BRDA:30,30,1,0
BRDA:30,31,0,0
BRDA:30,31,1,0
BRDA:30,31,2,0
BRDA:30,32,0,0
BRDA:30,33,0,0
BRDA:30,33,1,0
BRDA:30,33,2,0
BRDA:30,33,3,0
BRDA:30,33,4,0
BRDA:30,33,5,0
BRDA:30,33,6,0
BRDA:30,33,7,0
BRF:76
BRH:0
end_of_record
TN:
SF:/Users/burczu/WORK/OpenSource/polskifrontend-front/src/routes/articles/parts/ArticleView.js
FN:10,(anonymous_0)
FNF:1
FNH:1
FNDA:2,(anonymous_0)
DA:10,2
DA:11,2
DA:55,2
LF:3
LH:3
BRF:0
BRH:0
end_of_record
TN:
SF:/Users/burczu/WORK/OpenSource/polskifrontend-front/src/routes/blogSubmit/BlogSubmit.js
FN:10,_interopRequireDefault
FN:19,(anonymous_1)
FN:24,(anonymous_2)
FN:29,(anonymous_3)
FN:34,(anonymous_4)
FN:46,(anonymous_5)
FN:53,(anonymous_6)
FN:58,(anonymous_7)
FN:87,_getGlobalObject
FN:87,_getRewireModuleId__
FN:87,_getRewireRegistry__
FN:87,_getRewiredData__
FN:87,registerResetAll
FN:87,(anonymous_13)
FN:87,(anonymous_14)
FN:87,addPropertyToAPIObject
FN:87,_get__
FN:87,_get_original__
FN:87,_assign__
FN:87,_set_original__
FN:87,_update_operation__
FN:87,_set__
FN:87,(anonymous_22)
FN:87,(anonymous_23)
FN:87,_reset__
FN:87,_with__
FN:87,reset
FN:87,(anonymous_27)
FN:87,(anonymous_28)
FN:87,(anonymous_29)
FN:87,addNonEnumerableProperty
FNF:31
FNH:0
FNDA:0,_interopRequireDefault
FNDA:0,(anonymous_1)
FNDA:0,(anonymous_2)
FNDA:0,(anonymous_3)
FNDA:0,(anonymous_4)
FNDA:0,(anonymous_5)
FNDA:0,(anonymous_6)
FNDA:0,(anonymous_7)
FNDA:0,_getGlobalObject
FNDA:0,_getRewireModuleId__
FNDA:0,_getRewireRegistry__
FNDA:0,_getRewiredData__
FNDA:0,registerResetAll
FNDA:0,(anonymous_13)
FNDA:0,(anonymous_14)
FNDA:0,addPropertyToAPIObject
FNDA:0,_get__
FNDA:0,_get_original__
FNDA:0,_assign__
FNDA:0,_set_original__
FNDA:0,_update_operation__
FNDA:0,_set__
FNDA:0,(anonymous_22)
FNDA:0,(anonymous_23)
FNDA:0,_reset__
FNDA:0,_with__
FNDA:0,reset
FNDA:0,(anonymous_27)
FNDA:0,(anonymous_28)
FNDA:0,(anonymous_29)
FNDA:0,addNonEnumerableProperty
DA:1,0
DA:2,0
DA:3,0
DA:4,0
DA:5,0
DA:6,0
DA:7,0
DA:8,0
DA:9,0
DA:10,0
DA:20,0
DA:21,0
DA:25,0
DA:26,0
DA:30,0
DA:31,0
DA:35,0
DA:39,0
DA:41,0
DA:42,0
DA:47,0
DA:49,0
DA:50,0
DA:54,0
DA:55,0
DA:59,0
DA:60,0
DA:61,0
DA:63,0
DA:84,0
DA:87,0
LF:31
LH:0
BRDA:10,0,0,0
BRDA:10,0,1,0
BRDA:10,1,0,0
BRDA:10,1,1,0
BRDA:21,2,0,0
BRDA:21,2,1,0
BRDA:26,3,0,0
BRDA:26,3,1,0
BRDA:41,4,0,0
BRDA:41,4,1,0
BRDA:41,5,0,0
BRDA:41,5,1,0
BRDA:41,5,2,0
BRDA:41,5,3,0
BRDA:87,6,0,0
BRDA:87,6,1,0
BRDA:87,7,0,0
BRDA:87,7,1,0
BRDA:87,8,0,0
BRDA:87,8,1,0
BRDA:87,9,0,0
BRDA:87,9,1,0
BRDA:87,10,0,0
BRDA:87,10,1,0
BRDA:87,11,0,0
BRDA:87,11,1,0
BRDA:87,12,0,0
BRDA:87,12,1,0
BRDA:87,13,0,0
BRDA:87,13,1,0
BRDA:87,14,0,0
BRDA:87,14,1,0
BRDA:87,15,0,0
BRDA:87,15,1,0
BRDA:87,15,2,0
BRDA:87,15,3,0
BRDA:87,15,4,0
BRDA:87,15,5,0
BRDA:87,15,6,0
BRDA:87,15,7,0
BRDA:87,15,8,0
BRDA:87,15,9,0
BRDA:87,15,10,0
BRDA:87,16,0,0
BRDA:87,16,1,0
BRDA:87,18,0,0
BRDA:87,18,1,0
BRDA:87,19,0,0
BRDA:87,19,1,0
BRDA:87,20,0,0
BRDA:87,20,1,0
BRDA:87,21,0,0
BRDA:87,21,1,0
BRDA:87,22,0,0
BRDA:87,22,1,0
BRDA:87,23,0,0
BRDA:87,23,1,0
BRDA:87,24,0,0
BRDA:87,24,1,0
BRDA:87,25,0,0
BRDA:87,25,1,0
BRDA:87,26,0,0
BRDA:87,26,1,0
BRDA:87,26,2,0
BRF:64
BRH:0
end_of_record
TN:
SF:/Users/burczu/WORK/OpenSource/polskifrontend-front/src/routes/blogSubmit/index.js
FN:3,_interopRequireDefault
FN:3,_asyncToGenerator
FN:3,(anonymous_2)
FN:3,(anonymous_3)
FN:3,step
FN:3,(anonymous_5)
FN:3,(anonymous_6)
FN:7,(anonymous_7)
FN:15,_getGlobalObject
FN:15,_getRewireModuleId__
FN:15,_getRewireRegistry__
FN:15,_getRewiredData__
FN:15,registerResetAll
FN:15,(anonymous_13)
FN:15,(anonymous_14)
FN:15,addPropertyToAPIObject
FN:15,_get__
FN:15,_get_original__
FN:15,_assign__
FN:15,_set_original__
FN:15,_update_operation__
FN:15,_set__
FN:15,(anonymous_22)
FN:15,(anonymous_23)
FN:15,_reset__
FN:15,_with__
FN:15,reset
FN:15,(anonymous_27)
FN:15,(anonymous_28)
FN:15,(anonymous_29)
FN:15,addNonEnumerableProperty
FNF:31
FNH:0
FNDA:0,_interopRequireDefault
FNDA:0,_asyncToGenerator
FNDA:0,(anonymous_2)
FNDA:0,(anonymous_3)
FNDA:0,step
FNDA:0,(anonymous_5)
FNDA:0,(anonymous_6)
FNDA:0,(anonymous_7)
FNDA:0,_getGlobalObject
FNDA:0,_getRewireModuleId__
FNDA:0,_getRewireRegistry__
FNDA:0,_getRewiredData__
FNDA:0,registerResetAll
FNDA:0,(anonymous_13)
FNDA:0,(anonymous_14)
FNDA:0,addPropertyToAPIObject
FNDA:0,_get__
FNDA:0,_get_original__
FNDA:0,_assign__
FNDA:0,_set_original__
FNDA:0,_update_operation__
FNDA:0,_set__
FNDA:0,(anonymous_22)
FNDA:0,(anonymous_23)
FNDA:0,_reset__
FNDA:0,_with__
FNDA:0,reset
FNDA:0,(anonymous_27)
FNDA:0,(anonymous_28)
FNDA:0,(anonymous_29)
FNDA:0,addNonEnumerableProperty
DA:1,0
DA:2,0
DA:3,0
DA:5,0
DA:7,0
DA:8,0
DA:15,0
LF:7
LH:0
BRDA:3,0,0,0
BRDA:3,0,1,0
BRDA:3,1,0,0
BRDA:3,1,1,0
BRDA:3,2,0,0
BRDA:3,2,1,0
BRDA:15,3,0,0
BRDA:15,3,1,0
BRDA:15,4,0,0
BRDA:15,4,1,0
BRDA:15,5,0,0
BRDA:15,5,1,0
BRDA:15,6,0,0
BRDA:15,6,1,0
BRDA:15,7,0,0
BRDA:15,7,1,0
BRDA:15,8,0,0
BRDA:15,8,1,0
BRDA:15,9,0,0
BRDA:15,9,1,0
BRDA:15,10,0,0
BRDA:15,10,1,0
BRDA:15,11,0,0
BRDA:15,11,1,0
BRDA:15,12,0,0
BRDA:15,12,1,0
BRDA:15,12,2,0
BRDA:15,13,0,0
BRDA:15,13,1,0
BRDA:15,15,0,0
BRDA:15,15,1,0
BRDA:15,16,0,0
BRDA:15,16,1,0
BRDA:15,17,0,0
BRDA:15,17,1,0
BRDA:15,18,0,0
BRDA:15,18,1,0
BRDA:15,19,0,0
BRDA:15,19,1,0
BRDA:15,20,0,0
BRDA:15,20,1,0
BRDA:15,21,0,0
BRDA:15,21,1,0
BRDA:15,22,0,0
BRDA:15,22,1,0
BRDA:15,23,0,0
BRDA:15,23,1,0
BRDA:15,23,2,0
BRF:48
BRH:0
end_of_record
TN:
SF:/Users/burczu/WORK/OpenSource/polskifrontend-front/src/routes/blogSubmit/parts/SubmitForm.js
FN:7,_interopRequireDefault
FN:27,(anonymous_1)
FN:35,(anonymous_2)
FN:97,_getGlobalObject
FN:97,_getRewireModuleId__
FN:97,_getRewireRegistry__
FN:97,_getRewiredData__
FN:97,registerResetAll
FN:97,(anonymous_8)
FN:97,(anonymous_9)
FN:97,addPropertyToAPIObject
FN:97,_get__
FN:97,_get_original__
FN:97,_assign__
FN:97,_set_original__
FN:97,_update_operation__
FN:97,_set__
FN:97,(anonymous_17)
FN:97,(anonymous_18)
FN:97,_reset__
FN:97,_with__
FN:97,reset
FN:97,(anonymous_22)
FN:97,(anonymous_23)
FN:97,(anonymous_24)
FN:97,addNonEnumerableProperty
FNF:26
FNH:0
FNDA:0,_interopRequireDefault
FNDA:0,(anonymous_1)
FNDA:0,(anonymous_2)
FNDA:0,_getGlobalObject
FNDA:0,_getRewireModuleId__
FNDA:0,_getRewireRegistry__
FNDA:0,_getRewiredData__
FNDA:0,registerResetAll
FNDA:0,(anonymous_8)
FNDA:0,(anonymous_9)
FNDA:0,addPropertyToAPIObject
FNDA:0,_get__
FNDA:0,_get_original__
FNDA:0,_assign__
FNDA:0,_set_original__
FNDA:0,_update_operation__
FNDA:0,_set__
FNDA:0,(anonymous_17)
FNDA:0,(anonymous_18)
FNDA:0,_reset__
FNDA:0,_with__
FNDA:0,reset
FNDA:0,(anonymous_22)
FNDA:0,(anonymous_23)
FNDA:0,(anonymous_24)
FNDA:0,addNonEnumerableProperty
DA:1,0
DA:2,0
DA:3,0
DA:4,0
DA:5,0
DA:6,0
DA:7,0
DA:28,0
DA:29,0
DA:30,0
DA:31,0
DA:44,0
DA:45,0
DA:46,0
DA:47,0
DA:49,0
DA:50,0
DA:51,0
DA:52,0
DA:54,0
DA:55,0
DA:57,0
DA:94,0
DA:97,0
LF:24
LH:0
BRDA:7,0,0,0
BRDA:7,0,1,0
BRDA:7,1,0,0
BRDA:7,1,1,0
BRDA:28,2,0,0
BRDA:28,2,1,0
BRDA:45,3,0,0
BRDA:45,3,1,0
BRDA:45,4,0,0
BRDA:45,4,1,0
BRDA:45,4,2,0
BRDA:45,4,3,0
BRDA:46,5,0,0
BRDA:46,5,1,0
BRDA:47,6,0,0
BRDA:47,6,1,0
BRDA:49,7,0,0
BRDA:49,7,1,0
BRDA:50,8,0,0
BRDA:50,8,1,0
BRDA:51,9,0,0
BRDA:51,9,1,0
BRDA:52,10,0,0
BRDA:52,10,1,0
BRDA:54,11,0,0
BRDA:54,11,1,0
BRDA:55,12,0,0
BRDA:55,12,1,0
BRDA:97,13,0,0
BRDA:97,13,1,0
BRDA:97,14,0,0
BRDA:97,14,1,0
BRDA:97,15,0,0
BRDA:97,15,1,0
BRDA:97,16,0,0
BRDA:97,16,1,0
BRDA:97,17,0,0
BRDA:97,17,1,0
BRDA:97,18,0,0
BRDA:97,18,1,0
BRDA:97,19,0,0
BRDA:97,19,1,0
BRDA:97,20,0,0
BRDA:97,20,1,0
BRDA:97,21,0,0
BRDA:97,21,1,0
BRDA:97,22,0,0
BRDA:97,22,1,0
BRDA:97,22,2,0
BRDA:97,22,3,0
BRDA:97,22,4,0
BRDA:97,22,5,0
BRDA:97,22,6,0
BRDA:97,22,7,0
BRDA:97,23,0,0
BRDA:97,23,1,0
BRDA:97,25,0,0
BRDA:97,25,1,0
BRDA:97,26,0,0
BRDA:97,26,1,0
BRDA:97,27,0,0
BRDA:97,27,1,0
BRDA:97,28,0,0
BRDA:97,28,1,0
BRDA:97,29,0,0
BRDA:97,29,1,0
BRDA:97,30,0,0
BRDA:97,30,1,0
BRDA:97,31,0,0
BRDA:97,31,1,0
BRDA:97,32,0,0
BRDA:97,32,1,0
BRDA:97,33,0,0
BRDA:97,33,1,0
BRDA:97,33,2,0
BRF:75
BRH:0
end_of_record
TN:
SF:/Users/burczu/WORK/OpenSource/polskifrontend-front/src/routes/error/ErrorPage.js
FN:5,_interopRequireDefault
FN:19,(anonymous_1)
FN:44,_getGlobalObject
FN:44,_getRewireModuleId__
FN:44,_getRewireRegistry__
FN:44,_getRewiredData__
FN:44,registerResetAll
FN:44,(anonymous_7)
FN:44,(anonymous_8)
FN:44,addPropertyToAPIObject
FN:44,_get__
FN:44,_get_original__
FN:44,_assign__
FN:44,_set_original__
FN:44,_update_operation__
FN:44,_set__
FN:44,(anonymous_16)
FN:44,(anonymous_17)
FN:44,_reset__
FN:44,_with__
FN:44,reset
FN:44,(anonymous_21)
FN:44,(anonymous_22)
FN:44,(anonymous_23)
FN:44,addNonEnumerableProperty
FNF:25
FNH:0
FNDA:0,_interopRequireDefault
FNDA:0,(anonymous_1)
FNDA:0,_getGlobalObject
FNDA:0,_getRewireModuleId__
FNDA:0,_getRewireRegistry__
FNDA:0,_getRewiredData__
FNDA:0,registerResetAll
FNDA:0,(anonymous_7)
FNDA:0,(anonymous_8)
FNDA:0,addPropertyToAPIObject
FNDA:0,_get__
FNDA:0,_get_original__
FNDA:0,_assign__
FNDA:0,_set_original__
FNDA:0,_update_operation__
FNDA:0,_set__
FNDA:0,(anonymous_16)
FNDA:0,(anonymous_17)
FNDA:0,_reset__
FNDA:0,_with__
FNDA:0,reset
FNDA:0,(anonymous_21)
FNDA:0,(anonymous_22)
FNDA:0,(anonymous_23)
FNDA:0,addNonEnumerableProperty
DA:1,0
DA:2,0
DA:3,0
DA:4,0
DA:5,0
DA:20,0
DA:21,0
DA:22,0
DA:31,0
DA:33,0
DA:40,0
DA:44,0
LF:12
LH:0
BRDA:5,0,0,0
BRDA:5,0,1,0
BRDA:5,1,0,0
BRDA:5,1,1,0
BRDA:20,2,0,0
BRDA:20,2,1,0
BRDA:44,3,0,0
BRDA:44,3,1,0
BRDA:44,4,0,0
BRDA:44,4,1,0
BRDA:44,5,0,0
BRDA:44,5,1,0
BRDA:44,6,0,0
BRDA:44,6,1,0
BRDA:44,7,0,0
BRDA:44,7,1,0
BRDA:44,8,0,0
BRDA:44,8,1,0
BRDA:44,9,0,0
BRDA:44,9,1,0
BRDA:44,10,0,0
BRDA:44,10,1,0
BRDA:44,11,0,0
BRDA:44,11,1,0
BRDA:44,12,0,0
BRDA:44,12,1,0
BRDA:44,12,2,0
BRDA:44,12,3,0
BRDA:44,12,4,0
BRDA:44,12,5,0
BRDA:44,13,0,0
BRDA:44,13,1,0
BRDA:44,15,0,0
BRDA:44,15,1,0
BRDA:44,16,0,0
BRDA:44,16,1,0
BRDA:44,17,0,0
BRDA:44,17,1,0
BRDA:44,18,0,0
BRDA:44,18,1,0
BRDA:44,19,0,0
BRDA:44,19,1,0
BRDA:44,20,0,0
BRDA:44,20,1,0
BRDA:44,21,0,0
BRDA:44,21,1,0
BRDA:44,22,0,0
BRDA:44,22,1,0
BRDA:44,23,0,0
BRDA:44,23,1,0
BRDA:44,23,2,0
BRF:51
BRH:0
end_of_record
TN:
SF:/Users/burczu/WORK/OpenSource/polskifrontend-front/src/routes/error/index.js
FN:2,_interopRequireDefault
FN:15,_getGlobalObject
FN:15,_getRewireModuleId__
FN:15,_getRewireRegistry__
FN:15,_getRewiredData__
FN:15,registerResetAll
FN:15,(anonymous_6)
FN:15,(anonymous_7)
FN:15,addPropertyToAPIObject
FN:15,_get__
FN:15,_get_original__
FN:15,_assign__
FN:15,_set_original__
FN:15,_update_operation__
FN:15,_set__
FN:15,(anonymous_15)
FN:15,(anonymous_16)
FN:15,_reset__
FN:15,_with__
FN:15,reset
FN:15,(anonymous_20)
FN:15,(anonymous_21)
FN:15,(anonymous_22)
FN:15,addNonEnumerableProperty
FNF:24
FNH:0
FNDA:0,_interopRequireDefault
FNDA:0,_getGlobalObject
FNDA:0,_getRewireModuleId__
FNDA:0,_getRewireRegistry__
FNDA:0,_getRewiredData__
FNDA:0,registerResetAll
FNDA:0,(anonymous_6)
FNDA:0,(anonymous_7)
FNDA:0,addPropertyToAPIObject
FNDA:0,_get__
FNDA:0,_get_original__
FNDA:0,_assign__
FNDA:0,_set_original__
FNDA:0,_update_operation__
FNDA:0,_set__
FNDA:0,(anonymous_15)
FNDA:0,(anonymous_16)
FNDA:0,_reset__
FNDA:0,_with__
FNDA:0,reset
FNDA:0,(anonymous_20)
FNDA:0,(anonymous_21)
FNDA:0,(anonymous_22)
FNDA:0,addNonEnumerableProperty
DA:1,0
DA:2,0
DA:4,0
DA:9,0
DA:11,0
DA:15,0
LF:6
LH:0
BRDA:2,0,0,0
BRDA:2,0,1,0
BRDA:2,1,0,0
BRDA:2,1,1,0
BRDA:13,2,0,0
BRDA:13,2,1,0
BRDA:15,3,0,0
BRDA:15,3,1,0
BRDA:15,4,0,0
BRDA:15,4,1,0
BRDA:15,5,0,0
BRDA:15,5,1,0
BRDA:15,6,0,0
BRDA:15,6,1,0
BRDA:15,7,0,0
BRDA:15,7,1,0
BRDA:15,8,0,0
BRDA:15,8,1,0
BRDA:15,9,0,0
BRDA:15,9,1,0
BRDA:15,10,0,0
BRDA:15,10,1,0
BRDA:15,11,0,0
BRDA:15,11,1,0
BRDA:15,12,0,0
BRDA:15,12,1,0
BRDA:15,13,0,0
BRDA:15,13,1,0
BRDA:15,15,0,0
BRDA:15,15,1,0
BRDA:15,16,0,0
BRDA:15,16,1,0
BRDA:15,17,0,0
BRDA:15,17,1,0
BRDA:15,18,0,0
BRDA:15,18,1,0
BRDA:15,19,0,0
BRDA:15,19,1,0
BRDA:15,20,0,0
BRDA:15,20,1,0
BRDA:15,21,0,0
BRDA:15,21,1,0
BRDA:15,22,0,0
BRDA:15,22,1,0
BRDA:15,23,0,0
BRDA:15,23,1,0
BRDA:15,23,2,0
BRF:47
BRH:0
end_of_record
TN:
SF:/Users/burczu/WORK/OpenSource/polskifrontend-front/src/routes/feedback/Feedback.js
FN:10,_interopRequireDefault
FN:19,(anonymous_1)
FN:24,(anonymous_2)
FN:29,(anonymous_3)
FN:34,(anonymous_4)
FN:46,(anonymous_5)
FN:53,(anonymous_6)
FN:58,(anonymous_7)
FN:87,_getGlobalObject
FN:87,_getRewireModuleId__
FN:87,_getRewireRegistry__
FN:87,_getRewiredData__
FN:87,registerResetAll
FN:87,(anonymous_13)
FN:87,(anonymous_14)
FN:87,addPropertyToAPIObject
FN:87,_get__
FN:87,_get_original__
FN:87,_assign__
FN:87,_set_original__
FN:87,_update_operation__
FN:87,_set__
FN:87,(anonymous_22)
FN:87,(anonymous_23)
FN:87,_reset__
FN:87,_with__
FN:87,reset
FN:87,(anonymous_27)
FN:87,(anonymous_28)
FN:87,(anonymous_29)
FN:87,addNonEnumerableProperty
FNF:31
FNH:0
FNDA:0,_interopRequireDefault
FNDA:0,(anonymous_1)
FNDA:0,(anonymous_2)
FNDA:0,(anonymous_3)
FNDA:0,(anonymous_4)
FNDA:0,(anonymous_5)
FNDA:0,(anonymous_6)
FNDA:0,(anonymous_7)
FNDA:0,_getGlobalObject
FNDA:0,_getRewireModuleId__
FNDA:0,_getRewireRegistry__
FNDA:0,_getRewiredData__
FNDA:0,registerResetAll
FNDA:0,(anonymous_13)
FNDA:0,(anonymous_14)
FNDA:0,addPropertyToAPIObject
FNDA:0,_get__
FNDA:0,_get_original__
FNDA:0,_assign__
FNDA:0,_set_original__
FNDA:0,_update_operation__
FNDA:0,_set__
FNDA:0,(anonymous_22)
FNDA:0,(anonymous_23)
FNDA:0,_reset__
FNDA:0,_with__
FNDA:0,reset
FNDA:0,(anonymous_27)
FNDA:0,(anonymous_28)
FNDA:0,(anonymous_29)
FNDA:0,addNonEnumerableProperty
DA:1,0
DA:2,0
DA:3,0
DA:4,0
DA:5,0
DA:6,0
DA:7,0
DA:8,0
DA:9,0
DA:10,0
DA:20,0
DA:21,0
DA:25,0
DA:26,0
DA:30,0
DA:31,0
DA:35,0
DA:39,0
DA:41,0
DA:42,0
DA:47,0
DA:49,0
DA:50,0
DA:54,0
DA:55,0
DA:59,0
DA:60,0
DA:61,0
DA:63,0
DA:84,0
DA:87,0
LF:31
LH:0
BRDA:10,0,0,0
BRDA:10,0,1,0
BRDA:10,1,0,0
BRDA:10,1,1,0
BRDA:21,2,0,0
BRDA:21,2,1,0
BRDA:26,3,0,0
BRDA:26,3,1,0
BRDA:41,4,0,0
BRDA:41,4,1,0
BRDA:41,5,0,0
BRDA:41,5,1,0
BRDA:41,5,2,0
BRDA:87,6,0,0
BRDA:87,6,1,0
BRDA:87,7,0,0
BRDA:87,7,1,0
BRDA:87,8,0,0
BRDA:87,8,1,0
BRDA:87,9,0,0
BRDA:87,9,1,0
BRDA:87,10,0,0
BRDA:87,10,1,0
BRDA:87,11,0,0
BRDA:87,11,1,0
BRDA:87,12,0,0
BRDA:87,12,1,0
BRDA:87,13,0,0
BRDA:87,13,1,0
BRDA:87,14,0,0
BRDA:87,14,1,0
BRDA:87,15,0,0
BRDA:87,15,1,0
BRDA:87,15,2,0
BRDA:87,15,3,0
BRDA:87,15,4,0
BRDA:87,15,5,0
BRDA:87,15,6,0
BRDA:87,15,7,0
BRDA:87,15,8,0
BRDA:87,15,9,0
BRDA:87,15,10,0
BRDA:87,16,0,0
BRDA:87,16,1,0
BRDA:87,18,0,0
BRDA:87,18,1,0
BRDA:87,19,0,0
BRDA:87,19,1,0
BRDA:87,20,0,0
BRDA:87,20,1,0
BRDA:87,21,0,0
BRDA:87,21,1,0
BRDA:87,22,0,0
BRDA:87,22,1,0
BRDA:87,23,0,0
BRDA:87,23,1,0
BRDA:87,24,0,0
BRDA:87,24,1,0
BRDA:87,25,0,0
BRDA:87,25,1,0
BRDA:87,26,0,0
BRDA:87,26,1,0
BRDA:87,26,2,0
BRF:63
BRH:0
end_of_record
TN:
SF:/Users/burczu/WORK/OpenSource/polskifrontend-front/src/routes/feedback/index.js
FN:3,_interopRequireDefault
FN:3,_asyncToGenerator
FN:3,(anonymous_2)
FN:3,(anonymous_3)
FN:3,step
FN:3,(anonymous_5)
FN:3,(anonymous_6)
FN:7,(anonymous_7)
FN:15,_getGlobalObject
FN:15,_getRewireModuleId__
FN:15,_getRewireRegistry__
FN:15,_getRewiredData__
FN:15,registerResetAll
FN:15,(anonymous_13)
FN:15,(anonymous_14)
FN:15,addPropertyToAPIObject
FN:15,_get__
FN:15,_get_original__
FN:15,_assign__
FN:15,_set_original__
FN:15,_update_operation__
FN:15,_set__
FN:15,(anonymous_22)
FN:15,(anonymous_23)
FN:15,_reset__
FN:15,_with__
FN:15,reset
FN:15,(anonymous_27)
FN:15,(anonymous_28)
FN:15,(anonymous_29)
FN:15,addNonEnumerableProperty
FNF:31
FNH:0
FNDA:0,_interopRequireDefault
FNDA:0,_asyncToGenerator
FNDA:0,(anonymous_2)
FNDA:0,(anonymous_3)
FNDA:0,step
FNDA:0,(anonymous_5)
FNDA:0,(anonymous_6)
FNDA:0,(anonymous_7)
FNDA:0,_getGlobalObject
FNDA:0,_getRewireModuleId__
FNDA:0,_getRewireRegistry__
FNDA:0,_getRewiredData__
FNDA:0,registerResetAll
FNDA:0,(anonymous_13)
FNDA:0,(anonymous_14)
FNDA:0,addPropertyToAPIObject
FNDA:0,_get__
FNDA:0,_get_original__
FNDA:0,_assign__
FNDA:0,_set_original__
FNDA:0,_update_operation__
FNDA:0,_set__
FNDA:0,(anonymous_22)
FNDA:0,(anonymous_23)
FNDA:0,_reset__
FNDA:0,_with__
FNDA:0,reset
FNDA:0,(anonymous_27)
FNDA:0,(anonymous_28)
FNDA:0,(anonymous_29)
FNDA:0,addNonEnumerableProperty
DA:1,0
DA:2,0
DA:3,0
DA:5,0
DA:7,0
DA:8,0
DA:15,0
LF:7
LH:0
BRDA:3,0,0,0
BRDA:3,0,1,0
BRDA:3,1,0,0
BRDA:3,1,1,0
BRDA:3,2,0,0
BRDA:3,2,1,0
BRDA:15,3,0,0
BRDA:15,3,1,0
BRDA:15,4,0,0
BRDA:15,4,1,0
BRDA:15,5,0,0
BRDA:15,5,1,0
BRDA:15,6,0,0
BRDA:15,6,1,0
BRDA:15,7,0,0
BRDA:15,7,1,0
BRDA:15,8,0,0
BRDA:15,8,1,0
BRDA:15,9,0,0
BRDA:15,9,1,0
BRDA:15,10,0,0
BRDA:15,10,1,0
BRDA:15,11,0,0
BRDA:15,11,1,0
BRDA:15,12,0,0
BRDA:15,12,1,0
BRDA:15,12,2,0
BRDA:15,13,0,0
BRDA:15,13,1,0
BRDA:15,15,0,0
BRDA:15,15,1,0
BRDA:15,16,0,0
BRDA:15,16,1,0
BRDA:15,17,0,0
BRDA:15,17,1,0
BRDA:15,18,0,0
BRDA:15,18,1,0
BRDA:15,19,0,0
BRDA:15,19,1,0
BRDA:15,20,0,0
BRDA:15,20,1,0
BRDA:15,21,0,0
BRDA:15,21,1,0
BRDA:15,22,0,0
BRDA:15,22,1,0
BRDA:15,23,0,0
BRDA:15,23,1,0
BRDA:15,23,2,0
BRF:48
BRH:0
end_of_record
TN:
SF:/Users/burczu/WORK/OpenSource/polskifrontend-front/src/routes/feedback/parts/FeedbackForm.js
FN:7,_interopRequireDefault
FN:27,(anonymous_1)
FN:35,(anonymous_2)
FN:97,_getGlobalObject
FN:97,_getRewireModuleId__
FN:97,_getRewireRegistry__
FN:97,_getRewiredData__
FN:97,registerResetAll
FN:97,(anonymous_8)
FN:97,(anonymous_9)
FN:97,addPropertyToAPIObject
FN:97,_get__
FN:97,_get_original__
FN:97,_assign__
FN:97,_set_original__
FN:97,_update_operation__
FN:97,_set__
FN:97,(anonymous_17)
FN:97,(anonymous_18)
FN:97,_reset__
FN:97,_with__
FN:97,reset
FN:97,(anonymous_22)
FN:97,(anonymous_23)
FN:97,(anonymous_24)
FN:97,addNonEnumerableProperty
FNF:26
FNH:0
FNDA:0,_interopRequireDefault
FNDA:0,(anonymous_1)
FNDA:0,(anonymous_2)
FNDA:0,_getGlobalObject
FNDA:0,_getRewireModuleId__
FNDA:0,_getRewireRegistry__
FNDA:0,_getRewiredData__
FNDA:0,registerResetAll
FNDA:0,(anonymous_8)
FNDA:0,(anonymous_9)
FNDA:0,addPropertyToAPIObject
FNDA:0,_get__
FNDA:0,_get_original__
FNDA:0,_assign__
FNDA:0,_set_original__
FNDA:0,_update_operation__
FNDA:0,_set__
FNDA:0,(anonymous_17)
FNDA:0,(anonymous_18)
FNDA:0,_reset__
FNDA:0,_with__
FNDA:0,reset
FNDA:0,(anonymous_22)
FNDA:0,(anonymous_23)
FNDA:0,(anonymous_24)
FNDA:0,addNonEnumerableProperty
DA:1,0
DA:2,0
DA:3,0
DA:4,0
DA:5,0
DA:6,0
DA:7,0
DA:28,0
DA:29,0
DA:30,0
DA:31,0
DA:44,0
DA:45,0
DA:46,0
DA:47,0
DA:49,0
DA:50,0
DA:51,0
DA:52,0
DA:54,0
DA:55,0
DA:57,0
DA:94,0
DA:97,0
LF:24
LH:0
BRDA:7,0,0,0
BRDA:7,0,1,0
BRDA:7,1,0,0
BRDA:7,1,1,0
BRDA:28,2,0,0
BRDA:28,2,1,0
BRDA:45,3,0,0
BRDA:45,3,1,0
BRDA:45,4,0,0
BRDA:45,4,1,0
BRDA:45,4,2,0
BRDA:46,5,0,0
BRDA:46,5,1,0
BRDA:47,6,0,0
BRDA:47,6,1,0
BRDA:49,7,0,0
BRDA:49,7,1,0
BRDA:50,8,0,0
BRDA:50,8,1,0
BRDA:51,9,0,0
BRDA:51,9,1,0
BRDA:52,10,0,0
BRDA:52,10,1,0
BRDA:54,11,0,0
BRDA:54,11,1,0
BRDA:55,12,0,0
BRDA:55,12,1,0
BRDA:97,13,0,0
BRDA:97,13,1,0
BRDA:97,14,0,0
BRDA:97,14,1,0
BRDA:97,15,0,0
BRDA:97,15,1,0
BRDA:97,16,0,0
BRDA:97,16,1,0
BRDA:97,17,0,0
BRDA:97,17,1,0
BRDA:97,18,0,0
BRDA:97,18,1,0
BRDA:97,19,0,0
BRDA:97,19,1,0
BRDA:97,20,0,0
BRDA:97,20,1,0
BRDA:97,21,0,0
BRDA:97,21,1,0
BRDA:97,22,0,0
BRDA:97,22,1,0
BRDA:97,22,2,0
BRDA:97,22,3,0
BRDA:97,22,4,0
BRDA:97,22,5,0
BRDA:97,22,6,0
BRDA:97,22,7,0
BRDA:97,23,0,0
BRDA:97,23,1,0
BRDA:97,25,0,0
BRDA:97,25,1,0
BRDA:97,26,0,0
BRDA:97,26,1,0
BRDA:97,27,0,0
BRDA:97,27,1,0
BRDA:97,28,0,0
BRDA:97,28,1,0
BRDA:97,29,0,0
BRDA:97,29,1,0
BRDA:97,30,0,0
BRDA:97,30,1,0
BRDA:97,31,0,0
BRDA:97,31,1,0
BRDA:97,32,0,0
BRDA:97,32,1,0
BRDA:97,33,0,0
BRDA:97,33,1,0
BRDA:97,33,2,0
BRF:74
BRH:0
end_of_record
TN:
SF:/Users/burczu/WORK/OpenSource/polskifrontend-front/src/routes/home/Home.js
FN:14,_interopRequireDefault
FN:23,(anonymous_1)
FN:28,(anonymous_2)
FN:35,(anonymous_3)
FN:42,(anonymous_4)
FN:49,(anonymous_5)
FN:56,(anonymous_6)
FN:58,(anonymous_7)
FN:64,(anonymous_8)
FN:78,(anonymous_9)
FN:139,_getGlobalObject
FN:139,_getRewireModuleId__
FN:139,_getRewireRegistry__
FN:139,_getRewiredData__
FN:139,registerResetAll
FN:139,(anonymous_15)
FN:139,(anonymous_16)
FN:139,addPropertyToAPIObject
FN:139,_get__
FN:139,_get_original__
FN:139,_assign__
FN:139,_set_original__
FN:139,_update_operation__
FN:139,_set__
FN:139,(anonymous_24)
FN:139,(anonymous_25)
FN:139,_reset__
FN:139,_with__
FN:139,reset
FN:139,(anonymous_29)
FN:139,(anonymous_30)
FN:139,(anonymous_31)
FN:139,addNonEnumerableProperty
FNF:33
FNH:0
FNDA:0,_interopRequireDefault
FNDA:0,(anonymous_1)
FNDA:0,(anonymous_2)
FNDA:0,(anonymous_3)
FNDA:0,(anonymous_4)
FNDA:0,(anonymous_5)
FNDA:0,(anonymous_6)
FNDA:0,(anonymous_7)
FNDA:0,(anonymous_8)
FNDA:0,(anonymous_9)
FNDA:0,_getGlobalObject
FNDA:0,_getRewireModuleId__
FNDA:0,_getRewireRegistry__
FNDA:0,_getRewiredData__
FNDA:0,registerResetAll
FNDA:0,(anonymous_15)
FNDA:0,(anonymous_16)
FNDA:0,addPropertyToAPIObject
FNDA:0,_get__
FNDA:0,_get_original__
FNDA:0,_assign__
FNDA:0,_set_original__
FNDA:0,_update_operation__
FNDA:0,_set__
FNDA:0,(anonymous_24)
FNDA:0,(anonymous_25)
FNDA:0,_reset__
FNDA:0,_with__
FNDA:0,reset
FNDA:0,(anonymous_29)
FNDA:0,(anonymous_30)
FNDA:0,(anonymous_31)
FNDA:0,addNonEnumerableProperty
DA:1,0
DA:2,0
DA:3,0
DA:4,0
DA:5,0
DA:6,0
DA:7,0
DA:8,0
DA:9,0
DA:10,0
DA:11,0
DA:12,0
DA:13,0
DA:14,0
DA:24,0
DA:25,0
DA:29,0
DA:31,0
DA:32,0
DA:36,0
DA:38,0
DA:39,0
DA:43,0
DA:44,0
DA:45,0
DA:50,0
DA:51,0
DA:52,0
DA:57,0
DA:58,0
DA:59,0
DA:60,0
DA:61,0
DA:64,0
DA:65,0
DA:68,0
DA:69,0
DA:70,0
DA:72,0
DA:75,0
DA:92,0
DA:93,0
DA:94,0
DA:96,0
DA:136,0
DA:139,0
LF:46
LH:0
BRDA:14,0,0,0
BRDA:14,0,1,0
BRDA:14,1,0,0
BRDA:14,1,1,0
BRDA:44,2,0,0
BRDA:44,2,1,0
BRDA:44,3,0,0
BRDA:44,3,1,0
BRDA:51,4,0,0
BRDA:51,4,1,0
BRDA:51,5,0,0
BRDA:51,5,1,0
BRDA:59,6,0,0
BRDA:59,6,1,0
BRDA:59,7,0,0
BRDA:59,7,1,0
BRDA:61,8,0,0
BRDA:61,8,1,0
BRDA:99,9,0,0
BRDA:99,9,1,0
BRDA:100,10,0,0
BRDA:100,10,1,0
BRDA:101,11,0,0
BRDA:101,11,1,0
BRDA:103,12,0,0
BRDA:103,12,1,0
BRDA:112,13,0,0
BRDA:112,13,1,0
BRDA:116,14,0,0
BRDA:116,14,1,0
BRDA:117,15,0,0
BRDA:117,15,1,0
BRDA:118,16,0,0
BRDA:118,16,1,0
BRDA:128,17,0,0
BRDA:128,17,1,0
BRDA:133,18,0,0
BRDA:133,18,1,0
BRDA:133,18,2,0
BRDA:139,19,0,0
BRDA:139,19,1,0
BRDA:139,20,0,0
BRDA:139,20,1,0
BRDA:139,21,0,0
BRDA:139,21,1,0
BRDA:139,22,0,0
BRDA:139,22,1,0
BRDA:139,23,0,0
BRDA:139,23,1,0
BRDA:139,24,0,0
BRDA:139,24,1,0
BRDA:139,25,0,0
BRDA:139,25,1,0
BRDA:139,26,0,0
BRDA:139,26,1,0
BRDA:139,27,0,0
BRDA:139,27,1,0
BRDA:139,28,0,0
BRDA:139,28,1,0
BRDA:139,28,2,0
BRDA:139,28,3,0
BRDA:139,28,4,0
BRDA:139,28,5,0
BRDA:139,28,6,0
BRDA:139,28,7,0
BRDA:139,28,8,0
BRDA:139,28,9,0
BRDA:139,28,10,0
BRDA:139,28,11,0
BRDA:139,28,12,0
BRDA:139,28,13,0
BRDA:139,28,14,0
BRDA:139,29,0,0
BRDA:139,29,1,0
BRDA:139,31,0,0
BRDA:139,31,1,0
BRDA:139,32,0,0
BRDA:139,32,1,0
BRDA:139,33,0,0
BRDA:139,33,1,0
BRDA:139,34,0,0
BRDA:139,34,1,0
BRDA:139,35,0,0
BRDA:139,35,1,0
BRDA:139,36,0,0
BRDA:139,36,1,0
BRDA:139,37,0,0
BRDA:139,37,1,0
BRDA:139,38,0,0
BRDA:139,38,1,0
BRDA:139,39,0,0
BRDA:139,39,1,0
BRDA:139,39,2,0
BRF:93
BRH:0
end_of_record
TN:
SF:/Users/burczu/WORK/OpenSource/polskifrontend-front/src/routes/home/index.js
FN:1,(anonymous_0)
FN:7,_interopRequireWildcard
FN:7,_interopRequireDefault
FN:7,_asyncToGenerator
FN:7,(anonymous_4)
FN:7,(anonymous_5)
FN:7,step
FN:7,(anonymous_7)
FN:7,(anonymous_8)
FN:11,(anonymous_9)
FN:35,_getGlobalObject
FN:35,_getRewireModuleId__
FN:35,_getRewireRegistry__
FN:35,_getRewiredData__
FN:35,registerResetAll
FN:35,(anonymous_15)
FN:35,(anonymous_16)
FN:35,addPropertyToAPIObject
FN:35,_get__
FN:35,_get_original__
FN:35,_assign__
FN:35,_set_original__
FN:35,_update_operation__
FN:35,_set__
FN:35,(anonymous_24)
FN:35,(anonymous_25)
FN:35,_reset__
FN:35,_with__
FN:35,reset
FN:35,(anonymous_29)
FN:35,(anonymous_30)
FN:35,(anonymous_31)
FN:35,addNonEnumerableProperty
FN:35,_filterWildcardImport__
FN:35,(anonymous_34)
FN:35,(anonymous_35)
FNF:36
FNH:0
FNDA:0,(anonymous_0)
FNDA:0,_interopRequireWildcard
FNDA:0,_interopRequireDefault
FNDA:0,_asyncToGenerator
FNDA:0,(anonymous_4)
FNDA:0,(anonymous_5)
FNDA:0,step
FNDA:0,(anonymous_7)
FNDA:0,(anonymous_8)
FNDA:0,(anonymous_9)
FNDA:0,_getGlobalObject
FNDA:0,_getRewireModuleId__
FNDA:0,_getRewireRegistry__
FNDA:0,_getRewiredData__
FNDA:0,registerResetAll
FNDA:0,(anonymous_15)
FNDA:0,(anonymous_16)
FNDA:0,addPropertyToAPIObject
FNDA:0,_get__
FNDA:0,_get_original__
FNDA:0,_assign__
FNDA:0,_set_original__
FNDA:0,_update_operation__
FNDA:0,_set__
FNDA:0,(anonymous_24)
FNDA:0,(anonymous_25)
FNDA:0,_reset__
FNDA:0,_with__
FNDA:0,reset
FNDA:0,(anonymous_29)
FNDA:0,(anonymous_30)
FNDA:0,(anonymous_31)
FNDA:0,addNonEnumerableProperty
FNDA:0,_filterWildcardImport__
FNDA:0,(anonymous_34)
FNDA:0,(anonymous_35)
DA:1,0
DA:2,0
DA:3,0
DA:4,0
DA:5,0
DA:6,0
DA:7,0
DA:9,0
DA:11,0
DA:12,0
DA:13,0
DA:15,0
DA:17,0
DA:18,0
DA:19,0
DA:21,0
DA:22,0
DA:24,0
DA:28,0
DA:35,0
LF:20
LH:0
BRDA:1,0,0,0
BRDA:1,0,1,0
BRDA:1,1,0,0
BRDA:1,1,1,0
BRDA:7,2,0,0
BRDA:7,2,1,0
BRDA:7,3,0,0
BRDA:7,3,1,0
BRDA:7,4,0,0
BRDA:7,4,1,0
BRDA:7,5,0,0
BRDA:7,5,1,0
BRDA:7,6,0,0
BRDA:7,6,1,0
BRDA:7,7,0,0
BRDA:7,7,1,0
BRDA:7,8,0,0
BRDA:7,8,1,0
BRDA:15,9,0,0
BRDA:15,9,1,0
BRDA:19,10,0,0
BRDA:19,10,1,0
BRDA:21,11,0,0
BRDA:21,11,1,0
BRDA:35,12,0,0
BRDA:35,12,1,0
BRDA:35,13,0,0
BRDA:35,13,1,0
BRDA:35,14,0,0
BRDA:35,14,1,0
BRDA:35,15,0,0
BRDA:35,15,1,0
BRDA:35,16,0,0
BRDA:35,16,1,0
BRDA:35,17,0,0
BRDA:35,17,1,0
BRDA:35,18,0,0
BRDA:35,18,1,0
BRDA:35,19,0,0
BRDA:35,19,1,0
BRDA:35,20,0,0
BRDA:35,20,1,0
BRDA:35,21,0,0
BRDA:35,21,1,0
BRDA:35,21,2,0
BRDA:35,21,3,0
BRDA:35,21,4,0
BRDA:35,21,5,0
BRDA:35,21,6,0
BRDA:35,22,0,0
BRDA:35,22,1,0
BRDA:35,24,0,0
BRDA:35,24,1,0
BRDA:35,25,0,0
BRDA:35,25,1,0
BRDA:35,26,0,0
BRDA:35,26,1,0
BRDA:35,27,0,0
BRDA:35,27,1,0
BRDA:35,28,0,0
BRDA:35,28,1,0
BRDA:35,29,0,0
BRDA:35,29,1,0
BRDA:35,30,0,0
BRDA:35,30,1,0
BRDA:35,31,0,0
BRDA:35,31,1,0
BRDA:35,32,0,0
BRDA:35,32,1,0
BRDA:35,32,2,0
BRDA:35,33,0,0
BRDA:35,34,0,0
BRDA:35,34,1,0
BRDA:35,34,2,0
BRDA:35,34,3,0
BRDA:35,34,4,0
BRDA:35,34,5,0
BRDA:35,34,6,0
BRDA:35,34,7,0
BRF:79
BRH:0
end_of_record
TN:
SF:/Users/burczu/WORK/OpenSource/polskifrontend-front/src/routes/home/parts/BlogList.js
FN:13,_interopRequireDefault
FN:15,(anonymous_1)
FN:20,(anonymous_2)
FN:22,(anonymous_3)
FN:62,(anonymous_4)
FN:117,_getGlobalObject
FN:117,_getRewireModuleId__
FN:117,_getRewireRegistry__
FN:117,_getRewiredData__
FN:117,registerResetAll
FN:117,(anonymous_10)
FN:117,(anonymous_11)
FN:117,addPropertyToAPIObject
FN:117,_get__
FN:117,_get_original__
FN:117,_assign__
FN:117,_set_original__
FN:117,_update_operation__
FN:117,_set__
FN:117,(anonymous_19)
FN:117,(anonymous_20)
FN:117,_reset__
FN:117,_with__
FN:117,reset
FN:117,(anonymous_24)
FN:117,(anonymous_25)
FN:117,(anonymous_26)
FN:117,addNonEnumerableProperty
FNF:28
FNH:0
FNDA:0,_interopRequireDefault
FNDA:0,(anonymous_1)
FNDA:0,(anonymous_2)
FNDA:0,(anonymous_3)
FNDA:0,(anonymous_4)
FNDA:0,_getGlobalObject
FNDA:0,_getRewireModuleId__
FNDA:0,_getRewireRegistry__
FNDA:0,_getRewiredData__
FNDA:0,registerResetAll
FNDA:0,(anonymous_10)
FNDA:0,(anonymous_11)
FNDA:0,addPropertyToAPIObject
FNDA:0,_get__
FNDA:0,_get_original__
FNDA:0,_assign__
FNDA:0,_set_original__
FNDA:0,_update_operation__
FNDA:0,_set__
FNDA:0,(anonymous_19)
FNDA:0,(anonymous_20)
FNDA:0,_reset__
FNDA:0,_with__
FNDA:0,reset
FNDA:0,(anonymous_24)
FNDA:0,(anonymous_25)
FNDA:0,(anonymous_26)
FNDA:0,addNonEnumerableProperty
DA:1,0
DA:2,0
DA:3,0
DA:4,0
DA:5,0
DA:6,0
DA:7,0
DA:8,0
DA:9,0
DA:10,0
DA:11,0
DA:12,0
DA:13,0
DA:15,0
DA:16,0
DA:21,0
DA:22,0
DA:23,0
DA:24,0
DA:25,0
DA:26,0
DA:27,0
DA:28,0
DA:30,0
DA:32,0
DA:62,0
DA:106,0
DA:117,0
LF:28
LH:0
BRDA:13,0,0,0
BRDA:13,0,1,0
BRDA:13,1,0,0
BRDA:13,1,1,0
BRDA:23,2,0,0
BRDA:23,2,1,0
BRDA:24,3,0,0
BRDA:24,3,1,0
BRDA:25,4,0,0
BRDA:25,4,1,0
BRDA:26,5,0,0
BRDA:26,5,1,0
BRDA:27,6,0,0
BRDA:27,6,1,0
BRDA:28,7,0,0
BRDA:28,7,1,0
BRDA:30,8,0,0
BRDA:30,8,1,0
BRDA:57,9,0,0
BRDA:57,9,1,0
BRDA:57,10,0,0
BRDA:57,10,1,0
BRDA:97,11,0,0
BRDA:97,11,1,0
BRDA:117,12,0,0
BRDA:117,12,1,0
BRDA:117,13,0,0
BRDA:117,13,1,0
BRDA:117,14,0,0
BRDA:117,14,1,0
BRDA:117,15,0,0
BRDA:117,15,1,0
BRDA:117,16,0,0
BRDA:117,16,1,0
BRDA:117,17,0,0
BRDA:117,17,1,0
BRDA:117,18,0,0
BRDA:117,18,1,0
BRDA:117,19,0,0
BRDA:117,19,1,0
BRDA:117,20,0,0
BRDA:117,20,1,0
BRDA:117,21,0,0
BRDA:117,21,1,0
BRDA:117,21,2,0
BRDA:117,21,3,0
BRDA:117,21,4,0
BRDA:117,21,5,0
BRDA:117,21,6,0
BRDA:117,21,7,0
BRDA:117,21,8,0
BRDA:117,21,9,0
BRDA:117,21,10,0
BRDA:117,21,11,0
BRDA:117,21,12,0
BRDA:117,21,13,0
BRDA:117,22,0,0
BRDA:117,22,1,0
BRDA:117,24,0,0
BRDA:117,24,1,0
BRDA:117,25,0,0
BRDA:117,25,1,0
BRDA:117,26,0,0
BRDA:117,26,1,0
BRDA:117,27,0,0
BRDA:117,27,1,0
BRDA:117,28,0,0
BRDA:117,28,1,0
BRDA:117,29,0,0
BRDA:117,29,1,0
BRDA:117,30,0,0
BRDA:117,30,1,0
BRDA:117,31,0,0
BRDA:117,31,1,0
BRDA:117,32,0,0
BRDA:117,32,1,0
BRDA:117,32,2,0
BRF:77
BRH:0
end_of_record
TN:
SF:/Users/burczu/WORK/OpenSource/polskifrontend-front/src/routes/home/parts/BlogListControlPanel.js
FN:5,_interopRequireDefault
FN:7,(anonymous_1)
FN:53,_getGlobalObject
FN:53,_getRewireModuleId__
FN:53,_getRewireRegistry__
FN:53,_getRewiredData__
FN:53,registerResetAll
FN:53,(anonymous_7)
FN:53,(anonymous_8)
FN:53,addPropertyToAPIObject
FN:53,_get__
FN:53,_get_original__
FN:53,_assign__
FN:53,_set_original__
FN:53,_update_operation__
FN:53,_set__
FN:53,(anonymous_16)
FN:53,(anonymous_17)
FN:53,_reset__
FN:53,_with__
FN:53,reset
FN:53,(anonymous_21)
FN:53,(anonymous_22)
FN:53,(anonymous_23)
FN:53,addNonEnumerableProperty
FNF:25
FNH:0
FNDA:0,_interopRequireDefault
FNDA:0,(anonymous_1)
FNDA:0,_getGlobalObject
FNDA:0,_getRewireModuleId__
FNDA:0,_getRewireRegistry__
FNDA:0,_getRewiredData__
FNDA:0,registerResetAll
FNDA:0,(anonymous_7)
FNDA:0,(anonymous_8)
FNDA:0,addPropertyToAPIObject
FNDA:0,_get__
FNDA:0,_get_original__
FNDA:0,_assign__
FNDA:0,_set_original__
FNDA:0,_update_operation__
FNDA:0,_set__
FNDA:0,(anonymous_16)
FNDA:0,(anonymous_17)
FNDA:0,_reset__
FNDA:0,_with__
FNDA:0,reset
FNDA:0,(anonymous_21)
FNDA:0,(anonymous_22)
FNDA:0,(anonymous_23)
FNDA:0,addNonEnumerableProperty
DA:1,0
DA:2,0
DA:3,0
DA:4,0
DA:5,0
DA:7,0
DA:8,0
DA:9,0
DA:10,0
DA:11,0
DA:12,0
DA:14,0
DA:15,0
DA:16,0
DA:17,0
DA:20,0
DA:45,0
DA:53,0
LF:18
LH:0
BRDA:5,0,0,0
BRDA:5,0,1,0
BRDA:5,1,0,0
BRDA:5,1,1,0
BRDA:8,2,0,0
BRDA:8,2,1,0
BRDA:9,3,0,0
BRDA:9,3,1,0
BRDA:14,4,0,0
BRDA:14,4,1,0
BRDA:53,5,0,0
BRDA:53,5,1,0
BRDA:53,6,0,0
BRDA:53,6,1,0
BRDA:53,7,0,0
BRDA:53,7,1,0
BRDA:53,8,0,0
BRDA:53,8,1,0
BRDA:53,9,0,0
BRDA:53,9,1,0
BRDA:53,10,0,0
BRDA:53,10,1,0
BRDA:53,11,0,0
BRDA:53,11,1,0
BRDA:53,12,0,0
BRDA:53,12,1,0
BRDA:53,13,0,0
BRDA:53,13,1,0
BRDA:53,14,0,0
BRDA:53,14,1,0
BRDA:53,14,2,0
BRDA:53,14,3,0
BRDA:53,14,4,0
BRDA:53,14,5,0
BRDA:53,15,0,0
BRDA:53,15,1,0
BRDA:53,17,0,0
BRDA:53,17,1,0
BRDA:53,18,0,0
BRDA:53,18,1,0
BRDA:53,19,0,0
BRDA:53,19,1,0
BRDA:53,20,0,0
BRDA:53,20,1,0
BRDA:53,21,0,0
BRDA:53,21,1,0
BRDA:53,22,0,0
BRDA:53,22,1,0
BRDA:53,23,0,0
BRDA:53,23,1,0
BRDA:53,24,0,0
BRDA:53,24,1,0
BRDA:53,25,0,0
BRDA:53,25,1,0
BRDA:53,25,2,0
BRF:55
BRH:0
end_of_record
TN:
SF:/Users/burczu/WORK/OpenSource/polskifrontend-front/src/routes/home/parts/BlogTiles.js
FN:10,_interopRequireDefault
FN:12,(anonymous_1)
FN:17,(anonymous_2)
FN:65,_getGlobalObject
FN:65,_getRewireModuleId__
FN:65,_getRewireRegistry__
FN:65,_getRewiredData__
FN:65,registerResetAll
FN:65,(anonymous_8)
FN:65,(anonymous_9)
FN:65,addPropertyToAPIObject
FN:65,_get__
FN:65,_get_original__
FN:65,_assign__
FN:65,_set_original__
FN:65,_update_operation__
FN:65,_set__
FN:65,(anonymous_17)
FN:65,(anonymous_18)
FN:65,_reset__
FN:65,_with__
FN:65,reset
FN:65,(anonymous_22)
FN:65,(anonymous_23)
FN:65,(anonymous_24)
FN:65,addNonEnumerableProperty
FNF:26
FNH:0
FNDA:0,_interopRequireDefault
FNDA:0,(anonymous_1)
FNDA:0,(anonymous_2)
FNDA:0,_getGlobalObject
FNDA:0,_getRewireModuleId__
FNDA:0,_getRewireRegistry__
FNDA:0,_getRewiredData__
FNDA:0,registerResetAll
FNDA:0,(anonymous_8)
FNDA:0,(anonymous_9)
FNDA:0,addPropertyToAPIObject
FNDA:0,_get__
FNDA:0,_get_original__
FNDA:0,_assign__
FNDA:0,_set_original__
FNDA:0,_update_operation__
FNDA:0,_set__
FNDA:0,(anonymous_17)
FNDA:0,(anonymous_18)
FNDA:0,_reset__
FNDA:0,_with__
FNDA:0,reset
FNDA:0,(anonymous_22)
FNDA:0,(anonymous_23)
FNDA:0,(anonymous_24)
FNDA:0,addNonEnumerableProperty
DA:1,0
DA:2,0
DA:3,0
DA:4,0
DA:5,0
DA:6,0
DA:7,0
DA:8,0
DA:9,0
DA:10,0
DA:12,0
DA:13,0
DA:18,0
DA:54,0
DA:65,0
LF:15
LH:0
BRDA:10,0,0,0
BRDA:10,0,1,0
BRDA:10,1,0,0
BRDA:10,1,1,0
BRDA:31,2,0,0
BRDA:31,2,1,0
BRDA:45,3,0,0
BRDA:45,3,1,0
BRDA:65,4,0,0
BRDA:65,4,1,0
BRDA:65,5,0,0
BRDA:65,5,1,0
BRDA:65,6,0,0
BRDA:65,6,1,0
BRDA:65,7,0,0
BRDA:65,7,1,0
BRDA:65,8,0,0
BRDA:65,8,1,0
BRDA:65,9,0,0
BRDA:65,9,1,0
BRDA:65,10,0,0
BRDA:65,10,1,0
BRDA:65,11,0,0
BRDA:65,11,1,0
BRDA:65,12,0,0
BRDA:65,12,1,0
BRDA:65,13,0,0
BRDA:65,13,1,0
BRDA:65,13,2,0
BRDA:65,13,3,0
BRDA:65,13,4,0
BRDA:65,13,5,0
BRDA:65,13,6,0
BRDA:65,13,7,0
BRDA:65,13,8,0
BRDA:65,13,9,0
BRDA:65,13,10,0
BRDA:65,14,0,0
BRDA:65,14,1,0
BRDA:65,16,0,0
BRDA:65,16,1,0
BRDA:65,17,0,0
BRDA:65,17,1,0
BRDA:65,18,0,0
BRDA:65,18,1,0
BRDA:65,19,0,0
BRDA:65,19,1,0
BRDA:65,20,0,0
BRDA:65,20,1,0
BRDA:65,21,0,0
BRDA:65,21,1,0
BRDA:65,22,0,0
BRDA:65,22,1,0
BRDA:65,23,0,0
BRDA:65,23,1,0
BRDA:65,24,0,0
BRDA:65,24,1,0
BRDA:65,24,2,0
BRF:58
BRH:0
end_of_record
TN:
SF:/Users/burczu/WORK/OpenSource/polskifrontend-front/src/routes/home/parts/TilesArticles.js
FN:10,_interopRequireDefault
FN:12,(anonymous_1)
FN:15,(anonymous_2)
FN:17,(anonymous_3)
FN:57,(anonymous_4)
FN:103,_getGlobalObject
FN:103,_getRewireModuleId__
FN:103,_getRewireRegistry__
FN:103,_getRewiredData__
FN:103,registerResetAll
FN:103,(anonymous_10)
FN:103,(anonymous_11)
FN:103,addPropertyToAPIObject
FN:103,_get__
FN:103,_get_original__
FN:103,_assign__
FN:103,_set_original__
FN:103,_update_operation__
FN:103,_set__
FN:103,(anonymous_19)
FN:103,(anonymous_20)
FN:103,_reset__
FN:103,_with__
FN:103,reset
FN:103,(anonymous_24)
FN:103,(anonymous_25)
FN:103,(anonymous_26)
FN:103,addNonEnumerableProperty
FNF:28
FNH:0
FNDA:0,_interopRequireDefault
FNDA:0,(anonymous_1)
FNDA:0,(anonymous_2)
FNDA:0,(anonymous_3)
FNDA:0,(anonymous_4)
FNDA:0,_getGlobalObject
FNDA:0,_getRewireModuleId__
FNDA:0,_getRewireRegistry__
FNDA:0,_getRewiredData__
FNDA:0,registerResetAll
FNDA:0,(anonymous_10)
FNDA:0,(anonymous_11)
FNDA:0,addPropertyToAPIObject
FNDA:0,_get__
FNDA:0,_get_original__
FNDA:0,_assign__
FNDA:0,_set_original__
FNDA:0,_update_operation__
FNDA:0,_set__
FNDA:0,(anonymous_19)
FNDA:0,(anonymous_20)
FNDA:0,_reset__
FNDA:0,_with__
FNDA:0,reset
FNDA:0,(anonymous_24)
FNDA:0,(anonymous_25)
FNDA:0,(anonymous_26)
FNDA:0,addNonEnumerableProperty
DA:1,0
DA:2,0
DA:3,0
DA:4,0
DA:5,0
DA:6,0
DA:7,0
DA:8,0
DA:9,0
DA:10,0
DA:12,0
DA:13,0
DA:16,0
DA:17,0
DA:18,0
DA:19,0
DA:20,0
DA:21,0
DA:22,0
DA:23,0
DA:25,0
DA:27,0
DA:57,0
DA:94,0
DA:103,0
LF:25
LH:0
BRDA:10,0,0,0
BRDA:10,0,1,0
BRDA:10,1,0,0
BRDA:10,1,1,0
BRDA:15,2,0,0
BRDA:15,2,1,0
BRDA:18,3,0,0
BRDA:18,3,1,0
BRDA:19,4,0,0
BRDA:19,4,1,0
BRDA:20,5,0,0
BRDA:20,5,1,0
BRDA:21,6,0,0
BRDA:21,6,1,0
BRDA:22,7,0,0
BRDA:22,7,1,0
BRDA:23,8,0,0
BRDA:23,8,1,0
BRDA:25,9,0,0
BRDA:25,9,1,0
BRDA:52,10,0,0
BRDA:52,10,1,0
BRDA:52,11,0,0
BRDA:52,11,1,0
BRDA:103,12,0,0
BRDA:103,12,1,0
BRDA:103,13,0,0
BRDA:103,13,1,0
BRDA:103,14,0,0
BRDA:103,14,1,0
BRDA:103,15,0,0
BRDA:103,15,1,0
BRDA:103,16,0,0
BRDA:103,16,1,0
BRDA:103,17,0,0
BRDA:103,17,1,0
BRDA:103,18,0,0
BRDA:103,18,1,0
BRDA:103,19,0,0
BRDA:103,19,1,0
BRDA:103,20,0,0
BRDA:103,20,1,0
BRDA:103,21,0,0
BRDA:103,21,1,0
BRDA:103,21,2,0
BRDA:103,21,3,0
BRDA:103,21,4,0
BRDA:103,21,5,0
BRDA:103,21,6,0
BRDA:103,21,7,0
BRDA:103,21,8,0
BRDA:103,21,9,0
BRDA:103,21,10,0
BRDA:103,22,0,0
BRDA:103,22,1,0
BRDA:103,24,0,0
BRDA:103,24,1,0
BRDA:103,25,0,0
BRDA:103,25,1,0
BRDA:103,26,0,0
BRDA:103,26,1,0
BRDA:103,27,0,0
BRDA:103,27,1,0
BRDA:103,28,0,0
BRDA:103,28,1,0
BRDA:103,29,0,0
BRDA:103,29,1,0
BRDA:103,30,0,0
BRDA:103,30,1,0
BRDA:103,31,0,0
BRDA:103,31,1,0
BRDA:103,32,0,0
BRDA:103,32,1,0
BRDA:103,32,2,0
BRF:74
BRH:0
end_of_record
TN:
SF:/Users/burczu/WORK/OpenSource/polskifrontend-front/src/routes/news/News.js
FN:9,_interopRequireDefault
FN:18,(anonymous_1)
FN:23,(anonymous_2)
FN:33,(anonymous_3)
FN:56,_getGlobalObject
FN:56,_getRewireModuleId__
FN:56,_getRewireRegistry__
FN:56,_getRewiredData__
FN:56,registerResetAll
FN:56,(anonymous_9)
FN:56,(anonymous_10)
FN:56,addPropertyToAPIObject
FN:56,_get__
FN:56,_get_original__
FN:56,_assign__
FN:56,_set_original__
FN:56,_update_operation__
FN:56,_set__
FN:56,(anonymous_18)
FN:56,(anonymous_19)
FN:56,_reset__
FN:56,_with__
FN:56,reset
FN:56,(anonymous_23)
FN:56,(anonymous_24)
FN:56,(anonymous_25)
FN:56,addNonEnumerableProperty
FNF:27
FNH:0
FNDA:0,_interopRequireDefault
FNDA:0,(anonymous_1)
FNDA:0,(anonymous_2)
FNDA:0,(anonymous_3)
FNDA:0,_getGlobalObject
FNDA:0,_getRewireModuleId__
FNDA:0,_getRewireRegistry__
FNDA:0,_getRewiredData__
FNDA:0,registerResetAll
FNDA:0,(anonymous_9)
FNDA:0,(anonymous_10)
FNDA:0,addPropertyToAPIObject
FNDA:0,_get__
FNDA:0,_get_original__
FNDA:0,_assign__
FNDA:0,_set_original__
FNDA:0,_update_operation__
FNDA:0,_set__
FNDA:0,(anonymous_18)
FNDA:0,(anonymous_19)
FNDA:0,_reset__
FNDA:0,_with__
FNDA:0,reset
FNDA:0,(anonymous_23)
FNDA:0,(anonymous_24)
FNDA:0,(anonymous_25)
FNDA:0,addNonEnumerableProperty
DA:1,0
DA:2,0
DA:3,0
DA:4,0
DA:5,0
DA:6,0
DA:7,0
DA:8,0
DA:9,0
DA:19,0
DA:20,0
DA:27,0
DA:28,0
DA:29,0
DA:39,0
DA:40,0
DA:41,0
DA:43,0
DA:53,0
DA:56,0
LF:20
LH:0
BRDA:9,0,0,0
BRDA:9,0,1,0
BRDA:9,1,0,0
BRDA:9,1,1,0
BRDA:28,2,0,0
BRDA:28,2,1,0
BRDA:28,3,0,0
BRDA:28,3,1,0
BRDA:56,4,0,0
BRDA:56,4,1,0
BRDA:56,5,0,0
BRDA:56,5,1,0
BRDA:56,6,0,0
BRDA:56,6,1,0
BRDA:56,7,0,0
BRDA:56,7,1,0
BRDA:56,8,0,0
BRDA:56,8,1,0
BRDA:56,9,0,0
BRDA:56,9,1,0
BRDA:56,10,0,0
BRDA:56,10,1,0
BRDA:56,11,0,0
BRDA:56,11,1,0
BRDA:56,12,0,0
BRDA:56,12,1,0
BRDA:56,13,0,0
BRDA:56,13,1,0
BRDA:56,13,2,0
BRDA:56,13,3,0
BRDA:56,13,4,0
BRDA:56,13,5,0
BRDA:56,13,6,0
BRDA:56,13,7,0
BRDA:56,13,8,0
BRDA:56,13,9,0
BRDA:56,14,0,0
BRDA:56,14,1,0
BRDA:56,16,0,0
BRDA:56,16,1,0
BRDA:56,17,0,0
BRDA:56,17,1,0
BRDA:56,18,0,0
BRDA:56,18,1,0
BRDA:56,19,0,0
BRDA:56,19,1,0
BRDA:56,20,0,0
BRDA:56,20,1,0
BRDA:56,21,0,0
BRDA:56,21,1,0
BRDA:56,22,0,0
BRDA:56,22,1,0
BRDA:56,23,0,0
BRDA:56,23,1,0
BRDA:56,24,0,0
BRDA:56,24,1,0
BRDA:56,24,2,0
BRF:57
BRH:0
end_of_record
TN:
SF:/Users/burczu/WORK/OpenSource/polskifrontend-front/src/routes/news/index.js
FN:1,(anonymous_0)
FN:7,_interopRequireWildcard
FN:7,_interopRequireDefault
FN:7,_asyncToGenerator
FN:7,(anonymous_4)
FN:7,(anonymous_5)
FN:7,step
FN:7,(anonymous_7)
FN:7,(anonymous_8)
FN:11,(anonymous_9)
FN:31,_getGlobalObject
FN:31,_getRewireModuleId__
FN:31,_getRewireRegistry__
FN:31,_getRewiredData__
FN:31,registerResetAll
FN:31,(anonymous_15)
FN:31,(anonymous_16)
FN:31,addPropertyToAPIObject
FN:31,_get__
FN:31,_get_original__
FN:31,_assign__
FN:31,_set_original__
FN:31,_update_operation__
FN:31,_set__
FN:31,(anonymous_24)
FN:31,(anonymous_25)
FN:31,_reset__
FN:31,_with__
FN:31,reset
FN:31,(anonymous_29)
FN:31,(anonymous_30)
FN:31,(anonymous_31)
FN:31,addNonEnumerableProperty
FN:31,_filterWildcardImport__
FN:31,(anonymous_34)
FN:31,(anonymous_35)
FNF:36
FNH:0
FNDA:0,(anonymous_0)
FNDA:0,_interopRequireWildcard
FNDA:0,_interopRequireDefault
FNDA:0,_asyncToGenerator
FNDA:0,(anonymous_4)
FNDA:0,(anonymous_5)
FNDA:0,step
FNDA:0,(anonymous_7)
FNDA:0,(anonymous_8)
FNDA:0,(anonymous_9)
FNDA:0,_getGlobalObject
FNDA:0,_getRewireModuleId__
FNDA:0,_getRewireRegistry__
FNDA:0,_getRewiredData__
FNDA:0,registerResetAll
FNDA:0,(anonymous_15)
FNDA:0,(anonymous_16)
FNDA:0,addPropertyToAPIObject
FNDA:0,_get__
FNDA:0,_get_original__
FNDA:0,_assign__
FNDA:0,_set_original__
FNDA:0,_update_operation__
FNDA:0,_set__
FNDA:0,(anonymous_24)
FNDA:0,(anonymous_25)
FNDA:0,_reset__
FNDA:0,_with__
FNDA:0,reset
FNDA:0,(anonymous_29)
FNDA:0,(anonymous_30)
FNDA:0,(anonymous_31)
FNDA:0,addNonEnumerableProperty
FNDA:0,_filterWildcardImport__
FNDA:0,(anonymous_34)
FNDA:0,(anonymous_35)
DA:1,0
DA:2,0
DA:3,0
DA:4,0
DA:5,0
DA:6,0
DA:7,0
DA:9,0
DA:11,0
DA:13,0
DA:14,0
DA:15,0
DA:17,0
DA:19,0
DA:21,0
DA:22,0
DA:23,0
DA:25,0
DA:28,0
DA:31,0
LF:20
LH:0
BRDA:1,0,0,0
BRDA:1,0,1,0
BRDA:1,1,0,0
BRDA:1,1,1,0
BRDA:7,2,0,0
BRDA:7,2,1,0
BRDA:7,3,0,0
BRDA:7,3,1,0
BRDA:7,4,0,0
BRDA:7,4,1,0
BRDA:7,5,0,0
BRDA:7,5,1,0
BRDA:7,6,0,0
BRDA:7,6,1,0
BRDA:7,7,0,0
BRDA:7,7,1,0
BRDA:7,8,0,0
BRDA:7,8,1,0
BRDA:19,9,0,0
BRDA:19,9,1,0
BRDA:23,10,0,0
BRDA:23,10,1,0
BRDA:31,11,0,0
BRDA:31,11,1,0
BRDA:31,12,0,0
BRDA:31,12,1,0
BRDA:31,13,0,0
BRDA:31,13,1,0
BRDA:31,14,0,0
BRDA:31,14,1,0
BRDA:31,15,0,0
BRDA:31,15,1,0
BRDA:31,16,0,0
BRDA:31,16,1,0
BRDA:31,17,0,0
BRDA:31,17,1,0
BRDA:31,18,0,0
BRDA:31,18,1,0
BRDA:31,19,0,0
BRDA:31,19,1,0
BRDA:31,20,0,0
BRDA:31,20,1,0
BRDA:31,20,2,0
BRDA:31,20,3,0
BRDA:31,20,4,0
BRDA:31,20,5,0
BRDA:31,20,6,0
BRDA:31,21,0,0
BRDA:31,21,1,0
BRDA:31,23,0,0
BRDA:31,23,1,0
BRDA:31,24,0,0
BRDA:31,24,1,0
BRDA:31,25,0,0
BRDA:31,25,1,0
BRDA:31,26,0,0
BRDA:31,26,1,0
BRDA:31,27,0,0
BRDA:31,27,1,0
BRDA:31,28,0,0
BRDA:31,28,1,0
BRDA:31,29,0,0
BRDA:31,29,1,0
BRDA:31,30,0,0
BRDA:31,30,1,0
BRDA:31,31,0,0
BRDA:31,31,1,0
BRDA:31,31,2,0
BRDA:31,32,0,0
BRDA:31,33,0,0
BRDA:31,33,1,0
BRDA:31,33,2,0
BRDA:31,33,3,0
BRDA:31,33,4,0
BRDA:31,33,5,0
BRDA:31,33,6,0
BRDA:31,33,7,0
BRF:77
BRH:0
end_of_record
TN:
SF:/Users/burczu/WORK/OpenSource/polskifrontend-front/src/routes/news/parts/NewsList.js
FN:10,_interopRequireDefault
FN:12,(anonymous_1)
FN:22,(anonymous_2)
FN:59,_getGlobalObject
FN:59,_getRewireModuleId__
FN:59,_getRewireRegistry__
FN:59,_getRewiredData__
FN:59,registerResetAll
FN:59,(anonymous_8)
FN:59,(anonymous_9)
FN:59,addPropertyToAPIObject
FN:59,_get__
FN:59,_get_original__
FN:59,_assign__
FN:59,_set_original__
FN:59,_update_operation__
FN:59,_set__
FN:59,(anonymous_17)
FN:59,(anonymous_18)
FN:59,_reset__
FN:59,_with__
FN:59,reset
FN:59,(anonymous_22)
FN:59,(anonymous_23)
FN:59,(anonymous_24)
FN:59,addNonEnumerableProperty
FNF:26
FNH:0
FNDA:0,_interopRequireDefault
FNDA:0,(anonymous_1)
FNDA:0,(anonymous_2)
FNDA:0,_getGlobalObject
FNDA:0,_getRewireModuleId__
FNDA:0,_getRewireRegistry__
FNDA:0,_getRewiredData__
FNDA:0,registerResetAll
FNDA:0,(anonymous_8)
FNDA:0,(anonymous_9)
FNDA:0,addPropertyToAPIObject
FNDA:0,_get__
FNDA:0,_get_original__
FNDA:0,_assign__
FNDA:0,_set_original__
FNDA:0,_update_operation__
FNDA:0,_set__
FNDA:0,(anonymous_17)
FNDA:0,(anonymous_18)
FNDA:0,_reset__
FNDA:0,_with__
FNDA:0,reset
FNDA:0,(anonymous_22)
FNDA:0,(anonymous_23)
FNDA:0,(anonymous_24)
FNDA:0,addNonEnumerableProperty
DA:1,0
DA:2,0
DA:3,0
DA:4,0
DA:5,0
DA:6,0
DA:7,0
DA:8,0
DA:9,0
DA:10,0
DA:12,0
DA:13,0
DA:23,0
DA:24,0
DA:26,0
DA:52,0
DA:59,0
LF:17
LH:0
BRDA:10,0,0,0
BRDA:10,0,1,0
BRDA:10,1,0,0
BRDA:10,1,1,0
BRDA:24,2,0,0
BRDA:24,2,1,0
BRDA:43,3,0,0
BRDA:43,3,1,0
BRDA:59,4,0,0
BRDA:59,4,1,0
BRDA:59,5,0,0
BRDA:59,5,1,0
BRDA:59,6,0,0
BRDA:59,6,1,0
BRDA:59,7,0,0
BRDA:59,7,1,0
BRDA:59,8,0,0
BRDA:59,8,1,0
BRDA:59,9,0,0
BRDA:59,9,1,0
BRDA:59,10,0,0
BRDA:59,10,1,0
BRDA:59,11,0,0
BRDA:59,11,1,0
BRDA:59,12,0,0
BRDA:59,12,1,0
BRDA:59,13,0,0
BRDA:59,13,1,0
BRDA:59,13,2,0
BRDA:59,13,3,0
BRDA:59,13,4,0
BRDA:59,13,5,0
BRDA:59,13,6,0
BRDA:59,13,7,0
BRDA:59,13,8,0
BRDA:59,13,9,0
BRDA:59,13,10,0
BRDA:59,14,0,0
BRDA:59,14,1,0
BRDA:59,16,0,0
BRDA:59,16,1,0
BRDA:59,17,0,0
BRDA:59,17,1,0
BRDA:59,18,0,0
BRDA:59,18,1,0
BRDA:59,19,0,0
BRDA:59,19,1,0
BRDA:59,20,0,0
BRDA:59,20,1,0
BRDA:59,21,0,0
BRDA:59,21,1,0
BRDA:59,22,0,0
BRDA:59,22,1,0
BRDA:59,23,0,0
BRDA:59,23,1,0
BRDA:59,24,0,0
BRDA:59,24,1,0
BRDA:59,24,2,0
BRF:58
BRH:0
end_of_record
TN:
SF:/Users/burczu/WORK/OpenSource/polskifrontend-front/src/routes/notFound/NotFound.js
FN:5,_interopRequireDefault
FN:14,(anonymous_1)
FN:25,_getGlobalObject
FN:25,_getRewireModuleId__
FN:25,_getRewireRegistry__
FN:25,_getRewiredData__
FN:25,registerResetAll
FN:25,(anonymous_7)
FN:25,(anonymous_8)
FN:25,addPropertyToAPIObject
FN:25,_get__
FN:25,_get_original__
FN:25,_assign__
FN:25,_set_original__
FN:25,_update_operation__
FN:25,_set__
FN:25,(anonymous_16)
FN:25,(anonymous_17)
FN:25,_reset__
FN:25,_with__
FN:25,reset
FN:25,(anonymous_21)
FN:25,(anonymous_22)
FN:25,(anonymous_23)
FN:25,addNonEnumerableProperty
FNF:25
FNH:0
FNDA:0,_interopRequireDefault
FNDA:0,(anonymous_1)
FNDA:0,_getGlobalObject
FNDA:0,_getRewireModuleId__
FNDA:0,_getRewireRegistry__
FNDA:0,_getRewiredData__
FNDA:0,registerResetAll
FNDA:0,(anonymous_7)
FNDA:0,(anonymous_8)
FNDA:0,addPropertyToAPIObject
FNDA:0,_get__
FNDA:0,_get_original__
FNDA:0,_assign__
FNDA:0,_set_original__
FNDA:0,_update_operation__
FNDA:0,_set__
FNDA:0,(anonymous_16)
FNDA:0,(anonymous_17)
FNDA:0,_reset__
FNDA:0,_with__
FNDA:0,reset
FNDA:0,(anonymous_21)
FNDA:0,(anonymous_22)
FNDA:0,(anonymous_23)
FNDA:0,addNonEnumerableProperty
DA:1,0
DA:2,0
DA:3,0
DA:4,0
DA:5,0
DA:15,0
DA:22,0
DA:25,0
LF:8
LH:0
BRDA:5,0,0,0
BRDA:5,0,1,0
BRDA:5,1,0,0
BRDA:5,1,1,0
BRDA:25,2,0,0
BRDA:25,2,1,0
BRDA:25,3,0,0
BRDA:25,3,1,0
BRDA:25,4,0,0
BRDA:25,4,1,0
BRDA:25,5,0,0
BRDA:25,5,1,0
BRDA:25,6,0,0
BRDA:25,6,1,0
BRDA:25,7,0,0
BRDA:25,7,1,0
BRDA:25,8,0,0
BRDA:25,8,1,0
BRDA:25,9,0,0
BRDA:25,9,1,0
BRDA:25,10,0,0
BRDA:25,10,1,0
BRDA:25,11,0,0
BRDA:25,11,1,0
BRDA:25,11,2,0
BRDA:25,11,3,0
BRDA:25,11,4,0
BRDA:25,11,5,0
BRDA:25,12,0,0
BRDA:25,12,1,0
BRDA:25,14,0,0
BRDA:25,14,1,0
BRDA:25,15,0,0
BRDA:25,15,1,0
BRDA:25,16,0,0
BRDA:25,16,1,0
BRDA:25,17,0,0
BRDA:25,17,1,0
BRDA:25,18,0,0
BRDA:25,18,1,0
BRDA:25,19,0,0
BRDA:25,19,1,0
BRDA:25,20,0,0
BRDA:25,20,1,0
BRDA:25,21,0,0
BRDA:25,21,1,0
BRDA:25,22,0,0
BRDA:25,22,1,0
BRDA:25,22,2,0
BRF:49
BRH:0
end_of_record
TN:
SF:/Users/burczu/WORK/OpenSource/polskifrontend-front/src/routes/notFound/index.js
FN:12,_interopRequireDefault
FN:26,_getGlobalObject
FN:26,_getRewireModuleId__
FN:26,_getRewireRegistry__
FN:26,_getRewiredData__
FN:26,registerResetAll
FN:26,(anonymous_6)
FN:26,(anonymous_7)
FN:26,addPropertyToAPIObject
FN:26,_get__
FN:26,_get_original__
FN:26,_assign__
FN:26,_set_original__
FN:26,_update_operation__
FN:26,_set__
FN:26,(anonymous_15)
FN:26,(anonymous_16)
FN:26,_reset__
FN:26,_with__
FN:26,reset
FN:26,(anonymous_20)
FN:26,(anonymous_21)
FN:26,(anonymous_22)
FN:26,addNonEnumerableProperty
FNF:24
FNH:0
FNDA:0,_interopRequireDefault
FNDA:0,_getGlobalObject
FNDA:0,_getRewireModuleId__
FNDA:0,_getRewireRegistry__
FNDA:0,_getRewiredData__
FNDA:0,registerResetAll
FNDA:0,(anonymous_6)
FNDA:0,(anonymous_7)
FNDA:0,addPropertyToAPIObject
FNDA:0,_get__
FNDA:0,_get_original__
FNDA:0,_assign__
FNDA:0,_set_original__
FNDA:0,_update_operation__
FNDA:0,_set__
FNDA:0,(anonymous_15)
FNDA:0,(anonymous_16)
FNDA:0,_reset__
FNDA:0,_with__
FNDA:0,reset
FNDA:0,(anonymous_20)
FNDA:0,(anonymous_21)
FNDA:0,(anonymous_22)
FNDA:0,addNonEnumerableProperty
DA:1,0
DA:10,0
DA:11,0
DA:12,0
DA:14,0
DA:21,0
DA:22,0
DA:26,0
LF:8
LH:0
BRDA:12,0,0,0
BRDA:12,0,1,0
BRDA:12,1,0,0
BRDA:12,1,1,0
BRDA:26,2,0,0
BRDA:26,2,1,0
BRDA:26,3,0,0
BRDA:26,3,1,0
BRDA:26,4,0,0
BRDA:26,4,1,0
BRDA:26,5,0,0
BRDA:26,5,1,0
BRDA:26,6,0,0
BRDA:26,6,1,0
BRDA:26,7,0,0
BRDA:26,7,1,0
BRDA:26,8,0,0
BRDA:26,8,1,0
BRDA:26,9,0,0
BRDA:26,9,1,0
BRDA:26,10,0,0
BRDA:26,10,1,0
BRDA:26,11,0,0
BRDA:26,11,1,0
BRDA:26,11,2,0
BRDA:26,11,3,0
BRDA:26,11,4,0
BRDA:26,12,0,0
BRDA:26,12,1,0
BRDA:26,14,0,0
BRDA:26,14,1,0
BRDA:26,15,0,0
BRDA:26,15,1,0
BRDA:26,16,0,0
BRDA:26,16,1,0
BRDA:26,17,0,0
BRDA:26,17,1,0
BRDA:26,18,0,0
BRDA:26,18,1,0
BRDA:26,19,0,0
BRDA:26,19,1,0
BRDA:26,20,0,0
BRDA:26,20,1,0
BRDA:26,21,0,0
BRDA:26,21,1,0
BRDA:26,22,0,0
BRDA:26,22,1,0
BRDA:26,22,2,0
BRF:48
BRH:0
end_of_record
TN:
SF:/Users/burczu/WORK/OpenSource/polskifrontend-front/src/store/configureStore.js
FN:9,_interopRequireDefault
FN:9,configureStore
FN:18,(anonymous_2)
FN:35,_getGlobalObject
FN:35,_getRewireModuleId__
FN:35,_getRewireRegistry__
FN:35,_getRewiredData__
FN:35,registerResetAll
FN:35,(anonymous_8)
FN:35,(anonymous_9)
FN:35,addPropertyToAPIObject
FN:35,_get__
FN:35,_get_original__
FN:35,_assign__
FN:35,_set_original__
FN:35,_update_operation__
FN:35,_set__
FN:35,(anonymous_17)
FN:35,(anonymous_18)
FN:35,_reset__
FN:35,_with__
FN:35,reset
FN:35,(anonymous_22)
FN:35,(anonymous_23)
FN:35,(anonymous_24)
FN:35,addNonEnumerableProperty
FNF:26
FNH:0
FNDA:0,_interopRequireDefault
FNDA:0,configureStore
FNDA:0,(anonymous_2)
FNDA:0,_getGlobalObject
FNDA:0,_getRewireModuleId__
FNDA:0,_getRewireRegistry__
FNDA:0,_getRewiredData__
FNDA:0,registerResetAll
FNDA:0,(anonymous_8)
FNDA:0,(anonymous_9)
FNDA:0,addPropertyToAPIObject
FNDA:0,_get__
FNDA:0,_get_original__
FNDA:0,_assign__
FNDA:0,_set_original__
FNDA:0,_update_operation__
FNDA:0,_set__
FNDA:0,(anonymous_17)
FNDA:0,(anonymous_18)
FNDA:0,_reset__
FNDA:0,_with__
FNDA:0,reset
FNDA:0,(anonymous_22)
FNDA:0,(anonymous_23)
FNDA:0,(anonymous_24)
FNDA:0,addNonEnumerableProperty
DA:1,0
DA:9,0
DA:10,0
DA:14,0
DA:15,0
DA:18,0
DA:19,0
DA:20,0
DA:23,0
DA:28,0
DA:32,0
DA:34,0
DA:35,0
LF:13
LH:0
BRDA:9,0,0,0
BRDA:9,0,1,0
BRDA:9,1,0,0
BRDA:9,1,1,0
BRDA:14,2,0,0
BRDA:14,2,1,0
BRDA:19,3,0,0
BRDA:19,3,1,0
BRDA:19,4,0,0
BRDA:19,4,1,0
BRDA:35,5,0,0
BRDA:35,5,1,0
BRDA:35,6,0,0
BRDA:35,6,1,0
BRDA:35,7,0,0
BRDA:35,7,1,0
BRDA:35,8,0,0
BRDA:35,8,1,0
BRDA:35,9,0,0
BRDA:35,9,1,0
BRDA:35,10,0,0
BRDA:35,10,1,0
BRDA:35,11,0,0
BRDA:35,11,1,0
BRDA:35,12,0,0
BRDA:35,12,1,0
BRDA:35,13,0,0
BRDA:35,13,1,0
BRDA:35,14,0,0
BRDA:35,14,1,0
BRDA:35,14,2,0
BRDA:35,14,3,0
BRDA:35,14,4,0
BRDA:35,14,5,0
BRDA:35,14,6,0
BRDA:35,14,7,0
BRDA:35,15,0,0
BRDA:35,15,1,0
BRDA:35,17,0,0
BRDA:35,17,1,0
BRDA:35,18,0,0
BRDA:35,18,1,0
BRDA:35,19,0,0
BRDA:35,19,1,0
BRDA:35,20,0,0
BRDA:35,20,1,0
BRDA:35,21,0,0
BRDA:35,21,1,0
BRDA:35,22,0,0
BRDA:35,22,1,0
BRDA:35,23,0,0
BRDA:35,23,1,0
BRDA:35,24,0,0
BRDA:35,24,1,0
BRDA:35,25,0,0
BRDA:35,25,1,0
BRDA:35,25,2,0
BRF:57
BRH:0
end_of_record
TN:
SF:/Users/burczu/WORK/OpenSource/polskifrontend-front/src/store/createHelpers.js
FN:1,(anonymous_0)
FN:25,_interopRequireDefault
FN:25,createFetchKnowingCookie
FN:26,(anonymous_3)
FN:28,createHelpers
FN:32,_getGlobalObject
FN:32,_getRewireModuleId__
FN:32,_getRewireRegistry__
FN:32,_getRewiredData__
FN:32,registerResetAll
FN:32,(anonymous_10)
FN:32,(anonymous_11)
FN:32,addPropertyToAPIObject
FN:32,_get__
FN:32,_get_original__
FN:32,_assign__
FN:32,_set_original__
FN:32,_update_operation__
FN:32,_set__
FN:32,(anonymous_19)
FN:32,(anonymous_20)
FN:32,_reset__
FN:32,_with__
FN:32,reset
FN:32,(anonymous_24)
FN:32,(anonymous_25)
FN:32,(anonymous_26)
FN:32,addNonEnumerableProperty
FNF:28
FNH:0
FNDA:0,(anonymous_0)
FNDA:0,_interopRequireDefault
FNDA:0,createFetchKnowingCookie
FNDA:0,(anonymous_3)
FNDA:0,createHelpers
FNDA:0,_getGlobalObject
FNDA:0,_getRewireModuleId__
FNDA:0,_getRewireRegistry__
FNDA:0,_getRewiredData__
FNDA:0,registerResetAll
FNDA:0,(anonymous_10)
FNDA:0,(anonymous_11)
FNDA:0,addPropertyToAPIObject
FNDA:0,_get__
FNDA:0,_get_original__
FNDA:0,_assign__
FNDA:0,_set_original__
FNDA:0,_update_operation__
FNDA:0,_set__
FNDA:0,(anonymous_19)
FNDA:0,(anonymous_20)
FNDA:0,_reset__
FNDA:0,_with__
FNDA:0,reset
FNDA:0,(anonymous_24)
FNDA:0,(anonymous_25)
FNDA:0,(anonymous_26)
FNDA:0,addNonEnumerableProperty
DA:1,0
DA:25,0
DA:26,0
DA:28,0
DA:32,0
LF:5
LH:0
BRDA:1,0,0,0
BRDA:1,0,1,0
BRDA:1,1,0,0
BRDA:1,1,1,0
BRDA:25,2,0,0
BRDA:25,2,1,0
BRDA:25,3,0,0
BRDA:25,3,1,0
BRDA:25,4,0,0
BRDA:25,4,1,0
BRDA:26,5,0,0
BRDA:28,6,0,0
BRDA:28,6,1,0
BRDA:28,7,0,0
BRDA:28,7,1,0
BRDA:32,8,0,0
BRDA:32,8,1,0
BRDA:32,9,0,0
BRDA:32,9,1,0
BRDA:32,10,0,0
BRDA:32,10,1,0
BRDA:32,11,0,0
BRDA:32,11,1,0
BRDA:32,12,0,0
BRDA:32,12,1,0
BRDA:32,13,0,0
BRDA:32,13,1,0
BRDA:32,14,0,0
BRDA:32,14,1,0
BRDA:32,15,0,0
BRDA:32,15,1,0
BRDA:32,16,0,0
BRDA:32,16,1,0
BRDA:32,17,0,0
BRDA:32,17,1,0
BRDA:32,18,0,0
BRDA:32,18,1,0
BRDA:32,20,0,0
BRDA:32,20,1,0
BRDA:32,21,0,0
BRDA:32,21,1,0
BRDA:32,22,0,0
BRDA:32,22,1,0
BRDA:32,23,0,0
BRDA:32,23,1,0
BRDA:32,24,0,0
BRDA:32,24,1,0
BRDA:32,25,0,0
BRDA:32,25,1,0
BRDA:32,26,0,0
BRDA:32,26,1,0
BRDA:32,27,0,0
BRDA:32,27,1,0
BRDA:32,28,0,0
BRDA:32,28,1,0
BRDA:32,28,2,0
BRF:56
BRH:0
end_of_record
TN:
SF:/Users/burczu/WORK/OpenSource/polskifrontend-front/src/store/serverSideInitializers/articlesInitializer.js
FN:4,_interopRequireDefault
FN:4,_asyncToGenerator
FN:4,(anonymous_2)
FN:4,(anonymous_3)
FN:4,step
FN:4,(anonymous_5)
FN:4,(anonymous_6)
FN:6,(anonymous_7)
FN:6,(anonymous_8)
FN:15,getData
FN:15,(anonymous_10)
FN:17,(anonymous_11)
FN:35,getArticlesInitialState
FN:35,_getGlobalObject
FN:35,_getRewireModuleId__
FN:35,_getRewireRegistry__
FN:35,_getRewiredData__
FN:35,registerResetAll
FN:35,(anonymous_18)
FN:35,(anonymous_19)
FN:35,addPropertyToAPIObject
FN:35,_get__
FN:35,_get_original__
FN:35,_assign__
FN:35,_set_original__
FN:35,_update_operation__
FN:35,_set__
FN:35,(anonymous_27)
FN:35,(anonymous_28)
FN:35,_reset__
FN:35,_with__
FN:35,reset
FN:35,(anonymous_32)
FN:35,(anonymous_33)
FN:35,(anonymous_34)
FN:35,addNonEnumerableProperty
FNF:36
FNH:0
FNDA:0,_interopRequireDefault
FNDA:0,_asyncToGenerator
FNDA:0,(anonymous_2)
FNDA:0,(anonymous_3)
FNDA:0,step
FNDA:0,(anonymous_5)
FNDA:0,(anonymous_6)
FNDA:0,(anonymous_7)
FNDA:0,(anonymous_8)
FNDA:0,getData
FNDA:0,(anonymous_10)
FNDA:0,(anonymous_11)
FNDA:0,getArticlesInitialState
FNDA:0,_getGlobalObject
FNDA:0,_getRewireModuleId__
FNDA:0,_getRewireRegistry__
FNDA:0,_getRewiredData__
FNDA:0,registerResetAll
FNDA:0,(anonymous_18)
FNDA:0,(anonymous_19)
FNDA:0,addPropertyToAPIObject
FNDA:0,_get__
FNDA:0,_get_original__
FNDA:0,_assign__
FNDA:0,_set_original__
FNDA:0,_update_operation__
FNDA:0,_set__
FNDA:0,(anonymous_27)
FNDA:0,(anonymous_28)
FNDA:0,_reset__
FNDA:0,_with__
FNDA:0,reset
FNDA:0,(anonymous_32)
FNDA:0,(anonymous_33)
FNDA:0,(anonymous_34)
FNDA:0,addNonEnumerableProperty
DA:1,0
DA:2,0
DA:3,0
DA:4,0
DA:6,0
DA:7,0
DA:8,0
DA:14,0
DA:15,0
DA:18,0
DA:19,0
DA:20,0
DA:22,0
DA:23,0
DA:24,0
DA:25,0
DA:27,0
DA:30,0
DA:31,0
DA:34,0
DA:35,0
LF:21
LH:0
BRDA:4,0,0,0
BRDA:4,0,1,0
BRDA:4,1,0,0
BRDA:4,1,1,0
BRDA:4,2,0,0
BRDA:4,2,1,0
BRDA:22,3,0,0
BRDA:22,3,1,0
BRDA:35,4,0,0
BRDA:35,4,1,0
BRDA:35,5,0,0
BRDA:35,5,1,0
BRDA:35,6,0,0
BRDA:35,6,1,0
BRDA:35,7,0,0
BRDA:35,7,1,0
BRDA:35,8,0,0
BRDA:35,8,1,0
BRDA:35,9,0,0
BRDA:35,9,1,0
BRDA:35,10,0,0
BRDA:35,10,1,0
BRDA:35,11,0,0
BRDA:35,11,1,0
BRDA:35,12,0,0
BRDA:35,12,1,0
BRDA:35,13,0,0
BRDA:35,13,1,0
BRDA:35,13,2,0
BRDA:35,13,3,0
BRDA:35,13,4,0
BRDA:35,13,5,0
BRDA:35,14,0,0
BRDA:35,14,1,0
BRDA:35,16,0,0
BRDA:35,16,1,0
BRDA:35,17,0,0
BRDA:35,17,1,0
BRDA:35,18,0,0
BRDA:35,18,1,0
BRDA:35,19,0,0
BRDA:35,19,1,0
BRDA:35,20,0,0
BRDA:35,20,1,0
BRDA:35,21,0,0
BRDA:35,21,1,0
BRDA:35,22,0,0
BRDA:35,22,1,0
BRDA:35,23,0,0
BRDA:35,23,1,0
BRDA:35,24,0,0
BRDA:35,24,1,0
BRDA:35,24,2,0
BRF:53
BRH:0
end_of_record
TN:
SF:/Users/burczu/WORK/OpenSource/polskifrontend-front/src/store/serverSideInitializers/homeInitializer.js
FN:5,_interopRequireDefault
FN:5,_asyncToGenerator
FN:5,(anonymous_2)
FN:5,(anonymous_3)
FN:5,step
FN:5,(anonymous_5)
FN:5,(anonymous_6)
FN:7,(anonymous_7)
FN:7,(anonymous_8)
FN:17,getData
FN:17,(anonymous_10)
FN:19,(anonymous_11)
FN:56,getHomeInitialState
FN:56,_getGlobalObject
FN:56,_getRewireModuleId__
FN:56,_getRewireRegistry__
FN:56,_getRewiredData__
FN:56,registerResetAll
FN:56,(anonymous_18)
FN:56,(anonymous_19)
FN:56,addPropertyToAPIObject
FN:56,_get__
FN:56,_get_original__
FN:56,_assign__
FN:56,_set_original__
FN:56,_update_operation__
FN:56,_set__
FN:56,(anonymous_27)
FN:56,(anonymous_28)
FN:56,_reset__
FN:56,_with__
FN:56,reset
FN:56,(anonymous_32)
FN:56,(anonymous_33)
FN:56,(anonymous_34)
FN:56,addNonEnumerableProperty
FNF:36
FNH:0
FNDA:0,_interopRequireDefault
FNDA:0,_asyncToGenerator
FNDA:0,(anonymous_2)
FNDA:0,(anonymous_3)
FNDA:0,step
FNDA:0,(anonymous_5)
FNDA:0,(anonymous_6)
FNDA:0,(anonymous_7)
FNDA:0,(anonymous_8)
FNDA:0,getData
FNDA:0,(anonymous_10)
FNDA:0,(anonymous_11)
FNDA:0,getHomeInitialState
FNDA:0,_getGlobalObject
FNDA:0,_getRewireModuleId__
FNDA:0,_getRewireRegistry__
FNDA:0,_getRewiredData__
FNDA:0,registerResetAll
FNDA:0,(anonymous_18)
FNDA:0,(anonymous_19)
FNDA:0,addPropertyToAPIObject
FNDA:0,_get__
FNDA:0,_get_original__
FNDA:0,_assign__
FNDA:0,_set_original__
FNDA:0,_update_operation__
FNDA:0,_set__
FNDA:0,(anonymous_27)
FNDA:0,(anonymous_28)
FNDA:0,_reset__
FNDA:0,_with__
FNDA:0,reset
FNDA:0,(anonymous_32)
FNDA:0,(anonymous_33)
FNDA:0,(anonymous_34)
FNDA:0,addNonEnumerableProperty
DA:1,0
DA:2,0
DA:3,0
DA:4,0
DA:5,0
DA:7,0
DA:8,0
DA:10,0
DA:16,0
DA:17,0
DA:20,0
DA:22,0
DA:23,0
DA:24,0
DA:26,0
DA:27,0
DA:28,0
DA:29,0
DA:30,0
DA:32,0
DA:33,0
DA:34,0
DA:37,0
DA:39,0
DA:40,0
DA:41,0
DA:45,0
DA:46,0
DA:49,0
DA:50,0
DA:52,0
DA:55,0
DA:56,0
LF:33
LH:0
BRDA:5,0,0,0
BRDA:5,0,1,0
BRDA:5,1,0,0
BRDA:5,1,1,0
BRDA:5,2,0,0
BRDA:5,2,1,0
BRDA:8,3,0,0
BRDA:8,3,1,0
BRDA:13,4,0,0
BRDA:13,4,1,0
BRDA:24,5,0,0
BRDA:24,5,1,0
BRDA:28,6,0,0
BRDA:28,6,1,0
BRDA:29,7,0,0
BRDA:29,7,1,0
BRDA:32,8,0,0
BRDA:32,8,1,0
BRDA:39,9,0,0
BRDA:39,9,1,0
BRDA:56,10,0,0
BRDA:56,10,1,0
BRDA:56,11,0,0
BRDA:56,11,1,0
BRDA:56,12,0,0
BRDA:56,12,1,0
BRDA:56,13,0,0
BRDA:56,13,1,0
BRDA:56,14,0,0
BRDA:56,14,1,0
BRDA:56,15,0,0
BRDA:56,15,1,0
BRDA:56,16,0,0
BRDA:56,16,1,0
BRDA:56,17,0,0
BRDA:56,17,1,0
BRDA:56,18,0,0
BRDA:56,18,1,0
BRDA:56,19,0,0
BRDA:56,19,1,0
BRDA:56,19,2,0
BRDA:56,19,3,0
BRDA:56,19,4,0
BRDA:56,19,5,0
BRDA:56,19,6,0
BRDA:56,20,0,0
BRDA:56,20,1,0
BRDA:56,22,0,0
BRDA:56,22,1,0
BRDA:56,23,0,0
BRDA:56,23,1,0
BRDA:56,24,0,0
BRDA:56,24,1,0
BRDA:56,25,0,0
BRDA:56,25,1,0
BRDA:56,26,0,0
BRDA:56,26,1,0
BRDA:56,27,0,0
BRDA:56,27,1,0
BRDA:56,28,0,0
BRDA:56,28,1,0
BRDA:56,29,0,0
BRDA:56,29,1,0
BRDA:56,30,0,0
BRDA:56,30,1,0
BRDA:56,30,2,0
BRF:66
BRH:0
end_of_record
TN:
SF:/Users/burczu/WORK/OpenSource/polskifrontend-front/src/store/serverSideInitializers/newsInitializer.js
FN:4,_interopRequireDefault
FN:4,_asyncToGenerator
FN:4,(anonymous_2)
FN:4,(anonymous_3)
FN:4,step
FN:4,(anonymous_5)
FN:4,(anonymous_6)
FN:6,(anonymous_7)
FN:6,(anonymous_8)
FN:15,getData
FN:15,(anonymous_10)
FN:17,(anonymous_11)
FN:35,getNewsInitialState
FN:35,_getGlobalObject
FN:35,_getRewireModuleId__
FN:35,_getRewireRegistry__
FN:35,_getRewiredData__
FN:35,registerResetAll
FN:35,(anonymous_18)
FN:35,(anonymous_19)
FN:35,addPropertyToAPIObject
FN:35,_get__
FN:35,_get_original__
FN:35,_assign__
FN:35,_set_original__
FN:35,_update_operation__
FN:35,_set__
FN:35,(anonymous_27)
FN:35,(anonymous_28)
FN:35,_reset__
FN:35,_with__
FN:35,reset
FN:35,(anonymous_32)
FN:35,(anonymous_33)
FN:35,(anonymous_34)
FN:35,addNonEnumerableProperty
FNF:36
FNH:0
FNDA:0,_interopRequireDefault
FNDA:0,_asyncToGenerator
FNDA:0,(anonymous_2)
FNDA:0,(anonymous_3)
FNDA:0,step
FNDA:0,(anonymous_5)
FNDA:0,(anonymous_6)
FNDA:0,(anonymous_7)
FNDA:0,(anonymous_8)
FNDA:0,getData
FNDA:0,(anonymous_10)
FNDA:0,(anonymous_11)
FNDA:0,getNewsInitialState
FNDA:0,_getGlobalObject
FNDA:0,_getRewireModuleId__
FNDA:0,_getRewireRegistry__
FNDA:0,_getRewiredData__
FNDA:0,registerResetAll
FNDA:0,(anonymous_18)
FNDA:0,(anonymous_19)
FNDA:0,addPropertyToAPIObject
FNDA:0,_get__
FNDA:0,_get_original__
FNDA:0,_assign__
FNDA:0,_set_original__
FNDA:0,_update_operation__
FNDA:0,_set__
FNDA:0,(anonymous_27)
FNDA:0,(anonymous_28)
FNDA:0,_reset__
FNDA:0,_with__
FNDA:0,reset
FNDA:0,(anonymous_32)
FNDA:0,(anonymous_33)
FNDA:0,(anonymous_34)
FNDA:0,addNonEnumerableProperty
DA:1,0
DA:2,0
DA:3,0
DA:4,0
DA:6,0
DA:7,0
DA:8,0
DA:14,0
DA:15,0
DA:18,0
DA:19,0
DA:20,0
DA:22,0
DA:23,0
DA:24,0
DA:25,0
DA:27,0
DA:30,0
DA:31,0
DA:34,0
DA:35,0
LF:21
LH:0
BRDA:4,0,0,0
BRDA:4,0,1,0
BRDA:4,1,0,0
BRDA:4,1,1,0
BRDA:4,2,0,0
BRDA:4,2,1,0
BRDA:22,3,0,0
BRDA:22,3,1,0
BRDA:35,4,0,0
BRDA:35,4,1,0
BRDA:35,5,0,0
BRDA:35,5,1,0
BRDA:35,6,0,0
BRDA:35,6,1,0
BRDA:35,7,0,0
BRDA:35,7,1,0
BRDA:35,8,0,0
BRDA:35,8,1,0
BRDA:35,9,0,0
BRDA:35,9,1,0
BRDA:35,10,0,0
BRDA:35,10,1,0
BRDA:35,11,0,0
BRDA:35,11,1,0
BRDA:35,12,0,0
BRDA:35,12,1,0
BRDA:35,13,0,0
BRDA:35,13,1,0
BRDA:35,13,2,0
BRDA:35,13,3,0
BRDA:35,13,4,0
BRDA:35,13,5,0
BRDA:35,14,0,0
BRDA:35,14,1,0
BRDA:35,16,0,0
BRDA:35,16,1,0
BRDA:35,17,0,0
BRDA:35,17,1,0
BRDA:35,18,0,0
BRDA:35,18,1,0
BRDA:35,19,0,0
BRDA:35,19,1,0
BRDA:35,20,0,0
BRDA:35,20,1,0
BRDA:35,21,0,0
BRDA:35,21,1,0
BRDA:35,22,0,0
BRDA:35,22,1,0
BRDA:35,23,0,0
BRDA:35,23,1,0
BRDA:35,24,0,0
BRDA:35,24,1,0
BRDA:35,24,2,0
BRF:53
BRH:0
end_of_record
